[0.068s] DEBUG:colcon:Command line arguments: ['/usr/bin/colcon', 'build']
[0.068s] DEBUG:colcon:Parsed command line arguments: Namespace(log_base=None, log_level=None, verb_name='build', build_base='build', install_base='install', merge_install=False, symlink_install=False, test_result_base=None, continue_on_error=False, executor='parallel', parallel_workers=8, event_handlers=None, ignore_user_meta=False, metas=['./colcon.meta'], base_paths=['.'], packages_ignore=None, packages_ignore_regex=None, paths=None, packages_up_to=None, packages_up_to_regex=None, packages_above=None, packages_above_and_dependencies=None, packages_above_depth=None, packages_select_by_dep=None, packages_skip_by_dep=None, packages_skip_up_to=None, packages_select_build_failed=False, packages_skip_build_finished=False, packages_select_test_failures=False, packages_skip_test_passed=False, packages_select=None, packages_skip=None, packages_select_regex=None, packages_skip_regex=None, packages_start=None, packages_end=None, allow_overriding=[], cmake_args=None, cmake_target=None, cmake_target_skip_unavailable=False, cmake_clean_cache=False, cmake_clean_first=False, cmake_force_configure=False, ament_cmake_args=None, catkin_cmake_args=None, catkin_skip_building_tests=False, mixin_files=None, mixin=None, verb_parser=<colcon_mixin.mixin.mixin_argument.MixinArgumentDecorator object at 0x774549ad63e0>, verb_extension=<colcon_core.verb.build.BuildVerb object at 0x774549c53370>, main=<bound method BuildVerb.main of <colcon_core.verb.build.BuildVerb object at 0x774549c53370>>, mixin_verb=('build',))
[0.168s] Level 1:colcon.colcon_core.package_discovery:discover_packages(colcon_meta) check parameters
[0.168s] Level 1:colcon.colcon_core.package_discovery:discover_packages(recursive) check parameters
[0.168s] Level 1:colcon.colcon_core.package_discovery:discover_packages(ignore) check parameters
[0.168s] Level 1:colcon.colcon_core.package_discovery:discover_packages(path) check parameters
[0.168s] Level 1:colcon.colcon_core.package_discovery:discover_packages(colcon_meta) discover
[0.168s] Level 1:colcon.colcon_core.package_discovery:discover_packages(recursive) discover
[0.168s] INFO:colcon.colcon_core.package_discovery:Crawling recursively for packages in '/home/brunameinberg/Desktop/UGV-Embrapa-autonomous/ugv_embrapa_ws'
[0.168s] Level 1:colcon.colcon_core.package_identification:_identify(.) by extensions ['ignore', 'ignore_ament_install']
[0.169s] Level 1:colcon.colcon_core.package_identification:_identify(.) by extension 'ignore'
[0.169s] Level 1:colcon.colcon_core.package_identification:_identify(.) by extension 'ignore_ament_install'
[0.169s] Level 1:colcon.colcon_core.package_identification:_identify(.) by extensions ['colcon_pkg']
[0.169s] Level 1:colcon.colcon_core.package_identification:_identify(.) by extension 'colcon_pkg'
[0.169s] Level 1:colcon.colcon_core.package_identification:_identify(.) by extensions ['colcon_meta']
[0.169s] Level 1:colcon.colcon_core.package_identification:_identify(.) by extension 'colcon_meta'
[0.169s] Level 1:colcon.colcon_core.package_identification:_identify(.) by extensions ['ros']
[0.169s] Level 1:colcon.colcon_core.package_identification:_identify(.) by extension 'ros'
[0.176s] Level 1:colcon.colcon_core.package_identification:_identify(.) by extensions ['cmake', 'python']
[0.176s] Level 1:colcon.colcon_core.package_identification:_identify(.) by extension 'cmake'
[0.176s] Level 1:colcon.colcon_core.package_identification:_identify(.) by extension 'python'
[0.176s] Level 1:colcon.colcon_core.package_identification:_identify(.) by extensions ['python_setup_py']
[0.176s] Level 1:colcon.colcon_core.package_identification:_identify(.) by extension 'python_setup_py'
[0.176s] Level 1:colcon.colcon_core.package_identification:_identify(build) by extensions ['ignore', 'ignore_ament_install']
[0.176s] Level 1:colcon.colcon_core.package_identification:_identify(build) by extension 'ignore'
[0.176s] Level 1:colcon.colcon_core.package_identification:_identify(build) ignored
[0.176s] Level 1:colcon.colcon_core.package_identification:_identify(install) by extensions ['ignore', 'ignore_ament_install']
[0.176s] Level 1:colcon.colcon_core.package_identification:_identify(install) by extension 'ignore'
[0.176s] Level 1:colcon.colcon_core.package_identification:_identify(install) ignored
[0.176s] Level 1:colcon.colcon_core.package_identification:_identify(log) by extensions ['ignore', 'ignore_ament_install']
[0.176s] Level 1:colcon.colcon_core.package_identification:_identify(log) by extension 'ignore'
[0.176s] Level 1:colcon.colcon_core.package_identification:_identify(log) ignored
[0.176s] Level 1:colcon.colcon_core.package_identification:_identify(src) by extensions ['ignore', 'ignore_ament_install']
[0.177s] Level 1:colcon.colcon_core.package_identification:_identify(src) by extension 'ignore'
[0.177s] Level 1:colcon.colcon_core.package_identification:_identify(src) by extension 'ignore_ament_install'
[0.177s] Level 1:colcon.colcon_core.package_identification:_identify(src) by extensions ['colcon_pkg']
[0.177s] Level 1:colcon.colcon_core.package_identification:_identify(src) by extension 'colcon_pkg'
[0.177s] Level 1:colcon.colcon_core.package_identification:_identify(src) by extensions ['colcon_meta']
[0.177s] Level 1:colcon.colcon_core.package_identification:_identify(src) by extension 'colcon_meta'
[0.177s] Level 1:colcon.colcon_core.package_identification:_identify(src) by extensions ['ros']
[0.177s] Level 1:colcon.colcon_core.package_identification:_identify(src) by extension 'ros'
[0.177s] Level 1:colcon.colcon_core.package_identification:_identify(src) by extensions ['cmake', 'python']
[0.177s] Level 1:colcon.colcon_core.package_identification:_identify(src) by extension 'cmake'
[0.177s] Level 1:colcon.colcon_core.package_identification:_identify(src) by extension 'python'
[0.177s] Level 1:colcon.colcon_core.package_identification:_identify(src) by extensions ['python_setup_py']
[0.177s] Level 1:colcon.colcon_core.package_identification:_identify(src) by extension 'python_setup_py'
[0.177s] Level 1:colcon.colcon_core.package_identification:_identify(src/osr_autonomous) by extensions ['ignore', 'ignore_ament_install']
[0.177s] Level 1:colcon.colcon_core.package_identification:_identify(src/osr_autonomous) by extension 'ignore'
[0.177s] Level 1:colcon.colcon_core.package_identification:_identify(src/osr_autonomous) by extension 'ignore_ament_install'
[0.177s] Level 1:colcon.colcon_core.package_identification:_identify(src/osr_autonomous) by extensions ['colcon_pkg']
[0.177s] Level 1:colcon.colcon_core.package_identification:_identify(src/osr_autonomous) by extension 'colcon_pkg'
[0.177s] Level 1:colcon.colcon_core.package_identification:_identify(src/osr_autonomous) by extensions ['colcon_meta']
[0.177s] Level 1:colcon.colcon_core.package_identification:_identify(src/osr_autonomous) by extension 'colcon_meta'
[0.177s] Level 1:colcon.colcon_core.package_identification:_identify(src/osr_autonomous) by extensions ['ros']
[0.177s] Level 1:colcon.colcon_core.package_identification:_identify(src/osr_autonomous) by extension 'ros'
[0.179s] DEBUG:colcon.colcon_core.package_identification:Package 'src/osr_autonomous' with type 'ros.ament_python' and name 'osr_autonomous'
[0.179s] Level 1:colcon.colcon_core.package_identification:_identify(src/osr_bringup) by extensions ['ignore', 'ignore_ament_install']
[0.179s] Level 1:colcon.colcon_core.package_identification:_identify(src/osr_bringup) by extension 'ignore'
[0.179s] Level 1:colcon.colcon_core.package_identification:_identify(src/osr_bringup) by extension 'ignore_ament_install'
[0.179s] Level 1:colcon.colcon_core.package_identification:_identify(src/osr_bringup) by extensions ['colcon_pkg']
[0.179s] Level 1:colcon.colcon_core.package_identification:_identify(src/osr_bringup) by extension 'colcon_pkg'
[0.179s] Level 1:colcon.colcon_core.package_identification:_identify(src/osr_bringup) by extensions ['colcon_meta']
[0.179s] Level 1:colcon.colcon_core.package_identification:_identify(src/osr_bringup) by extension 'colcon_meta'
[0.179s] Level 1:colcon.colcon_core.package_identification:_identify(src/osr_bringup) by extensions ['ros']
[0.179s] Level 1:colcon.colcon_core.package_identification:_identify(src/osr_bringup) by extension 'ros'
[0.179s] DEBUG:colcon.colcon_core.package_identification:Package 'src/osr_bringup' with type 'ros.ament_cmake' and name 'osr_bringup'
[0.179s] Level 1:colcon.colcon_core.package_identification:_identify(src/osr_control) by extensions ['ignore', 'ignore_ament_install']
[0.179s] Level 1:colcon.colcon_core.package_identification:_identify(src/osr_control) by extension 'ignore'
[0.179s] Level 1:colcon.colcon_core.package_identification:_identify(src/osr_control) by extension 'ignore_ament_install'
[0.179s] Level 1:colcon.colcon_core.package_identification:_identify(src/osr_control) by extensions ['colcon_pkg']
[0.179s] Level 1:colcon.colcon_core.package_identification:_identify(src/osr_control) by extension 'colcon_pkg'
[0.179s] Level 1:colcon.colcon_core.package_identification:_identify(src/osr_control) by extensions ['colcon_meta']
[0.179s] Level 1:colcon.colcon_core.package_identification:_identify(src/osr_control) by extension 'colcon_meta'
[0.179s] Level 1:colcon.colcon_core.package_identification:_identify(src/osr_control) by extensions ['ros']
[0.179s] Level 1:colcon.colcon_core.package_identification:_identify(src/osr_control) by extension 'ros'
[0.180s] DEBUG:colcon.colcon_core.package_identification:Package 'src/osr_control' with type 'ros.ament_python' and name 'osr_control'
[0.180s] Level 1:colcon.colcon_core.package_identification:_identify(src/osr_gazebo) by extensions ['ignore', 'ignore_ament_install']
[0.180s] Level 1:colcon.colcon_core.package_identification:_identify(src/osr_gazebo) by extension 'ignore'
[0.180s] Level 1:colcon.colcon_core.package_identification:_identify(src/osr_gazebo) by extension 'ignore_ament_install'
[0.180s] Level 1:colcon.colcon_core.package_identification:_identify(src/osr_gazebo) by extensions ['colcon_pkg']
[0.180s] Level 1:colcon.colcon_core.package_identification:_identify(src/osr_gazebo) by extension 'colcon_pkg'
[0.180s] Level 1:colcon.colcon_core.package_identification:_identify(src/osr_gazebo) by extensions ['colcon_meta']
[0.180s] Level 1:colcon.colcon_core.package_identification:_identify(src/osr_gazebo) by extension 'colcon_meta'
[0.180s] Level 1:colcon.colcon_core.package_identification:_identify(src/osr_gazebo) by extensions ['ros']
[0.180s] Level 1:colcon.colcon_core.package_identification:_identify(src/osr_gazebo) by extension 'ros'
[0.181s] DEBUG:colcon.colcon_core.package_identification:Package 'src/osr_gazebo' with type 'ros.ament_cmake' and name 'osr_gazebo'
[0.181s] Level 1:colcon.colcon_core.package_identification:_identify(src/osr_interfaces) by extensions ['ignore', 'ignore_ament_install']
[0.181s] Level 1:colcon.colcon_core.package_identification:_identify(src/osr_interfaces) by extension 'ignore'
[0.181s] Level 1:colcon.colcon_core.package_identification:_identify(src/osr_interfaces) by extension 'ignore_ament_install'
[0.181s] Level 1:colcon.colcon_core.package_identification:_identify(src/osr_interfaces) by extensions ['colcon_pkg']
[0.181s] Level 1:colcon.colcon_core.package_identification:_identify(src/osr_interfaces) by extension 'colcon_pkg'
[0.181s] Level 1:colcon.colcon_core.package_identification:_identify(src/osr_interfaces) by extensions ['colcon_meta']
[0.181s] Level 1:colcon.colcon_core.package_identification:_identify(src/osr_interfaces) by extension 'colcon_meta'
[0.181s] Level 1:colcon.colcon_core.package_identification:_identify(src/osr_interfaces) by extensions ['ros']
[0.181s] Level 1:colcon.colcon_core.package_identification:_identify(src/osr_interfaces) by extension 'ros'
[0.181s] DEBUG:colcon.colcon_core.package_identification:Package 'src/osr_interfaces' with type 'ros.ament_cmake' and name 'osr_interfaces'
[0.181s] Level 1:colcon.colcon_core.package_discovery:discover_packages(recursive) using defaults
[0.181s] Level 1:colcon.colcon_core.package_discovery:discover_packages(ignore) discover
[0.181s] Level 1:colcon.colcon_core.package_discovery:discover_packages(ignore) using defaults
[0.181s] Level 1:colcon.colcon_core.package_discovery:discover_packages(path) discover
[0.181s] Level 1:colcon.colcon_core.package_discovery:discover_packages(path) using defaults
[0.202s] Level 1:colcon.colcon_core.package_discovery:discover_packages(prefix_path) check parameters
[0.202s] Level 1:colcon.colcon_core.package_discovery:discover_packages(prefix_path) discover
[0.203s] DEBUG:colcon.colcon_installed_package_information.package_discovery:Found 5 installed packages in /home/brunameinberg/Desktop/UGV-Embrapa-autonomous/ugv_embrapa_ws/install
[0.204s] DEBUG:colcon.colcon_installed_package_information.package_discovery:Found 351 installed packages in /opt/ros/humble
[0.205s] Level 1:colcon.colcon_core.package_discovery:discover_packages(prefix_path) using defaults
[0.232s] Level 5:colcon.colcon_core.verb:set package 'osr_autonomous' build argument 'cmake_args' from command line to 'None'
[0.232s] Level 5:colcon.colcon_core.verb:set package 'osr_autonomous' build argument 'cmake_target' from command line to 'None'
[0.232s] Level 5:colcon.colcon_core.verb:set package 'osr_autonomous' build argument 'cmake_target_skip_unavailable' from command line to 'False'
[0.232s] Level 5:colcon.colcon_core.verb:set package 'osr_autonomous' build argument 'cmake_clean_cache' from command line to 'False'
[0.232s] Level 5:colcon.colcon_core.verb:set package 'osr_autonomous' build argument 'cmake_clean_first' from command line to 'False'
[0.232s] Level 5:colcon.colcon_core.verb:set package 'osr_autonomous' build argument 'cmake_force_configure' from command line to 'False'
[0.232s] Level 5:colcon.colcon_core.verb:set package 'osr_autonomous' build argument 'ament_cmake_args' from command line to 'None'
[0.232s] Level 5:colcon.colcon_core.verb:set package 'osr_autonomous' build argument 'catkin_cmake_args' from command line to 'None'
[0.232s] Level 5:colcon.colcon_core.verb:set package 'osr_autonomous' build argument 'catkin_skip_building_tests' from command line to 'False'
[0.232s] DEBUG:colcon.colcon_core.verb:Building package 'osr_autonomous' with the following arguments: {'ament_cmake_args': None, 'build_base': '/home/brunameinberg/Desktop/UGV-Embrapa-autonomous/ugv_embrapa_ws/build/osr_autonomous', 'catkin_cmake_args': None, 'catkin_skip_building_tests': False, 'cmake_args': None, 'cmake_clean_cache': False, 'cmake_clean_first': False, 'cmake_force_configure': False, 'cmake_target': None, 'cmake_target_skip_unavailable': False, 'install_base': '/home/brunameinberg/Desktop/UGV-Embrapa-autonomous/ugv_embrapa_ws/install/osr_autonomous', 'merge_install': False, 'path': '/home/brunameinberg/Desktop/UGV-Embrapa-autonomous/ugv_embrapa_ws/src/osr_autonomous', 'symlink_install': False, 'test_result_base': None}
[0.232s] Level 5:colcon.colcon_core.verb:set package 'osr_bringup' build argument 'cmake_args' from command line to 'None'
[0.232s] Level 5:colcon.colcon_core.verb:set package 'osr_bringup' build argument 'cmake_target' from command line to 'None'
[0.232s] Level 5:colcon.colcon_core.verb:set package 'osr_bringup' build argument 'cmake_target_skip_unavailable' from command line to 'False'
[0.232s] Level 5:colcon.colcon_core.verb:set package 'osr_bringup' build argument 'cmake_clean_cache' from command line to 'False'
[0.232s] Level 5:colcon.colcon_core.verb:set package 'osr_bringup' build argument 'cmake_clean_first' from command line to 'False'
[0.232s] Level 5:colcon.colcon_core.verb:set package 'osr_bringup' build argument 'cmake_force_configure' from command line to 'False'
[0.232s] Level 5:colcon.colcon_core.verb:set package 'osr_bringup' build argument 'ament_cmake_args' from command line to 'None'
[0.232s] Level 5:colcon.colcon_core.verb:set package 'osr_bringup' build argument 'catkin_cmake_args' from command line to 'None'
[0.232s] Level 5:colcon.colcon_core.verb:set package 'osr_bringup' build argument 'catkin_skip_building_tests' from command line to 'False'
[0.232s] DEBUG:colcon.colcon_core.verb:Building package 'osr_bringup' with the following arguments: {'ament_cmake_args': None, 'build_base': '/home/brunameinberg/Desktop/UGV-Embrapa-autonomous/ugv_embrapa_ws/build/osr_bringup', 'catkin_cmake_args': None, 'catkin_skip_building_tests': False, 'cmake_args': None, 'cmake_clean_cache': False, 'cmake_clean_first': False, 'cmake_force_configure': False, 'cmake_target': None, 'cmake_target_skip_unavailable': False, 'install_base': '/home/brunameinberg/Desktop/UGV-Embrapa-autonomous/ugv_embrapa_ws/install/osr_bringup', 'merge_install': False, 'path': '/home/brunameinberg/Desktop/UGV-Embrapa-autonomous/ugv_embrapa_ws/src/osr_bringup', 'symlink_install': False, 'test_result_base': None}
[0.232s] Level 5:colcon.colcon_core.verb:set package 'osr_gazebo' build argument 'cmake_args' from command line to 'None'
[0.232s] Level 5:colcon.colcon_core.verb:set package 'osr_gazebo' build argument 'cmake_target' from command line to 'None'
[0.232s] Level 5:colcon.colcon_core.verb:set package 'osr_gazebo' build argument 'cmake_target_skip_unavailable' from command line to 'False'
[0.232s] Level 5:colcon.colcon_core.verb:set package 'osr_gazebo' build argument 'cmake_clean_cache' from command line to 'False'
[0.232s] Level 5:colcon.colcon_core.verb:set package 'osr_gazebo' build argument 'cmake_clean_first' from command line to 'False'
[0.233s] Level 5:colcon.colcon_core.verb:set package 'osr_gazebo' build argument 'cmake_force_configure' from command line to 'False'
[0.233s] Level 5:colcon.colcon_core.verb:set package 'osr_gazebo' build argument 'ament_cmake_args' from command line to 'None'
[0.233s] Level 5:colcon.colcon_core.verb:set package 'osr_gazebo' build argument 'catkin_cmake_args' from command line to 'None'
[0.233s] Level 5:colcon.colcon_core.verb:set package 'osr_gazebo' build argument 'catkin_skip_building_tests' from command line to 'False'
[0.233s] DEBUG:colcon.colcon_core.verb:Building package 'osr_gazebo' with the following arguments: {'ament_cmake_args': None, 'build_base': '/home/brunameinberg/Desktop/UGV-Embrapa-autonomous/ugv_embrapa_ws/build/osr_gazebo', 'catkin_cmake_args': None, 'catkin_skip_building_tests': False, 'cmake_args': None, 'cmake_clean_cache': False, 'cmake_clean_first': False, 'cmake_force_configure': False, 'cmake_target': None, 'cmake_target_skip_unavailable': False, 'install_base': '/home/brunameinberg/Desktop/UGV-Embrapa-autonomous/ugv_embrapa_ws/install/osr_gazebo', 'merge_install': False, 'path': '/home/brunameinberg/Desktop/UGV-Embrapa-autonomous/ugv_embrapa_ws/src/osr_gazebo', 'symlink_install': False, 'test_result_base': None}
[0.233s] Level 5:colcon.colcon_core.verb:set package 'osr_interfaces' build argument 'cmake_args' from command line to 'None'
[0.233s] Level 5:colcon.colcon_core.verb:set package 'osr_interfaces' build argument 'cmake_target' from command line to 'None'
[0.233s] Level 5:colcon.colcon_core.verb:set package 'osr_interfaces' build argument 'cmake_target_skip_unavailable' from command line to 'False'
[0.233s] Level 5:colcon.colcon_core.verb:set package 'osr_interfaces' build argument 'cmake_clean_cache' from command line to 'False'
[0.233s] Level 5:colcon.colcon_core.verb:set package 'osr_interfaces' build argument 'cmake_clean_first' from command line to 'False'
[0.233s] Level 5:colcon.colcon_core.verb:set package 'osr_interfaces' build argument 'cmake_force_configure' from command line to 'False'
[0.233s] Level 5:colcon.colcon_core.verb:set package 'osr_interfaces' build argument 'ament_cmake_args' from command line to 'None'
[0.233s] Level 5:colcon.colcon_core.verb:set package 'osr_interfaces' build argument 'catkin_cmake_args' from command line to 'None'
[0.233s] Level 5:colcon.colcon_core.verb:set package 'osr_interfaces' build argument 'catkin_skip_building_tests' from command line to 'False'
[0.233s] DEBUG:colcon.colcon_core.verb:Building package 'osr_interfaces' with the following arguments: {'ament_cmake_args': None, 'build_base': '/home/brunameinberg/Desktop/UGV-Embrapa-autonomous/ugv_embrapa_ws/build/osr_interfaces', 'catkin_cmake_args': None, 'catkin_skip_building_tests': False, 'cmake_args': None, 'cmake_clean_cache': False, 'cmake_clean_first': False, 'cmake_force_configure': False, 'cmake_target': None, 'cmake_target_skip_unavailable': False, 'install_base': '/home/brunameinberg/Desktop/UGV-Embrapa-autonomous/ugv_embrapa_ws/install/osr_interfaces', 'merge_install': False, 'path': '/home/brunameinberg/Desktop/UGV-Embrapa-autonomous/ugv_embrapa_ws/src/osr_interfaces', 'symlink_install': False, 'test_result_base': None}
[0.233s] Level 5:colcon.colcon_core.verb:set package 'osr_control' build argument 'cmake_args' from command line to 'None'
[0.233s] Level 5:colcon.colcon_core.verb:set package 'osr_control' build argument 'cmake_target' from command line to 'None'
[0.233s] Level 5:colcon.colcon_core.verb:set package 'osr_control' build argument 'cmake_target_skip_unavailable' from command line to 'False'
[0.233s] Level 5:colcon.colcon_core.verb:set package 'osr_control' build argument 'cmake_clean_cache' from command line to 'False'
[0.233s] Level 5:colcon.colcon_core.verb:set package 'osr_control' build argument 'cmake_clean_first' from command line to 'False'
[0.233s] Level 5:colcon.colcon_core.verb:set package 'osr_control' build argument 'cmake_force_configure' from command line to 'False'
[0.233s] Level 5:colcon.colcon_core.verb:set package 'osr_control' build argument 'ament_cmake_args' from command line to 'None'
[0.233s] Level 5:colcon.colcon_core.verb:set package 'osr_control' build argument 'catkin_cmake_args' from command line to 'None'
[0.233s] Level 5:colcon.colcon_core.verb:set package 'osr_control' build argument 'catkin_skip_building_tests' from command line to 'False'
[0.233s] DEBUG:colcon.colcon_core.verb:Building package 'osr_control' with the following arguments: {'ament_cmake_args': None, 'build_base': '/home/brunameinberg/Desktop/UGV-Embrapa-autonomous/ugv_embrapa_ws/build/osr_control', 'catkin_cmake_args': None, 'catkin_skip_building_tests': False, 'cmake_args': None, 'cmake_clean_cache': False, 'cmake_clean_first': False, 'cmake_force_configure': False, 'cmake_target': None, 'cmake_target_skip_unavailable': False, 'install_base': '/home/brunameinberg/Desktop/UGV-Embrapa-autonomous/ugv_embrapa_ws/install/osr_control', 'merge_install': False, 'path': '/home/brunameinberg/Desktop/UGV-Embrapa-autonomous/ugv_embrapa_ws/src/osr_control', 'symlink_install': False, 'test_result_base': None}
[0.233s] INFO:colcon.colcon_core.executor:Executing jobs using 'parallel' executor
[0.234s] DEBUG:colcon.colcon_parallel_executor.executor.parallel:run_until_complete
[0.234s] INFO:colcon.colcon_ros.task.ament_cmake.build:Building ROS package in '/home/brunameinberg/Desktop/UGV-Embrapa-autonomous/ugv_embrapa_ws/src/osr_interfaces' with build type 'ament_cmake'
[0.234s] INFO:colcon.colcon_cmake.task.cmake.build:Building CMake package in '/home/brunameinberg/Desktop/UGV-Embrapa-autonomous/ugv_embrapa_ws/src/osr_interfaces'
[0.235s] INFO:colcon.colcon_core.plugin_system:Skipping extension 'colcon_core.shell.bat': Not used on non-Windows systems
[0.236s] INFO:colcon.colcon_core.shell:Skip shell extension 'powershell' for command environment: Not usable outside of PowerShell
[0.236s] DEBUG:colcon.colcon_core.shell:Skip shell extension 'dsv' for command environment
[0.238s] INFO:colcon.colcon_ros.task.ament_python.build:Building ROS package in '/home/brunameinberg/Desktop/UGV-Embrapa-autonomous/ugv_embrapa_ws/src/osr_autonomous' with build type 'ament_python'
[0.238s] Level 1:colcon.colcon_core.shell:create_environment_hook('osr_autonomous', 'ament_prefix_path')
[0.238s] INFO:colcon.colcon_core.shell:Creating environment hook '/home/brunameinberg/Desktop/UGV-Embrapa-autonomous/ugv_embrapa_ws/install/osr_autonomous/share/osr_autonomous/hook/ament_prefix_path.ps1'
[0.239s] INFO:colcon.colcon_core.shell:Creating environment descriptor '/home/brunameinberg/Desktop/UGV-Embrapa-autonomous/ugv_embrapa_ws/install/osr_autonomous/share/osr_autonomous/hook/ament_prefix_path.dsv'
[0.239s] INFO:colcon.colcon_core.shell:Creating environment hook '/home/brunameinberg/Desktop/UGV-Embrapa-autonomous/ugv_embrapa_ws/install/osr_autonomous/share/osr_autonomous/hook/ament_prefix_path.sh'
[0.240s] INFO:colcon.colcon_core.shell:Skip shell extension 'powershell' for command environment: Not usable outside of PowerShell
[0.240s] DEBUG:colcon.colcon_core.shell:Skip shell extension 'dsv' for command environment
[0.242s] INFO:colcon.colcon_ros.task.ament_cmake.build:Building ROS package in '/home/brunameinberg/Desktop/UGV-Embrapa-autonomous/ugv_embrapa_ws/src/osr_bringup' with build type 'ament_cmake'
[0.242s] INFO:colcon.colcon_cmake.task.cmake.build:Building CMake package in '/home/brunameinberg/Desktop/UGV-Embrapa-autonomous/ugv_embrapa_ws/src/osr_bringup'
[0.242s] INFO:colcon.colcon_core.shell:Skip shell extension 'powershell' for command environment: Not usable outside of PowerShell
[0.242s] DEBUG:colcon.colcon_core.shell:Skip shell extension 'dsv' for command environment
[0.244s] INFO:colcon.colcon_ros.task.ament_cmake.build:Building ROS package in '/home/brunameinberg/Desktop/UGV-Embrapa-autonomous/ugv_embrapa_ws/src/osr_gazebo' with build type 'ament_cmake'
[0.244s] INFO:colcon.colcon_cmake.task.cmake.build:Building CMake package in '/home/brunameinberg/Desktop/UGV-Embrapa-autonomous/ugv_embrapa_ws/src/osr_gazebo'
[0.244s] INFO:colcon.colcon_core.shell:Skip shell extension 'powershell' for command environment: Not usable outside of PowerShell
[0.244s] DEBUG:colcon.colcon_core.shell:Skip shell extension 'dsv' for command environment
[0.252s] DEBUG:colcon.colcon_core.event_handler.log_command:Invoking command in '/home/brunameinberg/Desktop/UGV-Embrapa-autonomous/ugv_embrapa_ws/build/osr_interfaces': CMAKE_PREFIX_PATH=${CMAKE_PREFIX_PATH}:/home/brunameinberg/Desktop/UGV-Embrapa-autonomous/ugv_embrapa_ws/install/osr_control:/home/brunameinberg/Desktop/UGV-Embrapa-autonomous/ugv_embrapa_ws/install/osr_autonomous:/opt/ros/humble /usr/bin/cmake --build /home/brunameinberg/Desktop/UGV-Embrapa-autonomous/ugv_embrapa_ws/build/osr_interfaces -- -j8 -l8
[0.426s] INFO:colcon.colcon_core.task.python.build:Building Python package in '/home/brunameinberg/Desktop/UGV-Embrapa-autonomous/ugv_embrapa_ws/src/osr_autonomous'
[0.426s] INFO:colcon.colcon_core.shell:Skip shell extension 'powershell' for command environment: Not usable outside of PowerShell
[0.427s] DEBUG:colcon.colcon_core.shell:Skip shell extension 'dsv' for command environment
[0.431s] DEBUG:colcon.colcon_core.event_handler.log_command:Invoking command in '/home/brunameinberg/Desktop/UGV-Embrapa-autonomous/ugv_embrapa_ws/build/osr_bringup': CMAKE_PREFIX_PATH=${CMAKE_PREFIX_PATH}:/home/brunameinberg/Desktop/UGV-Embrapa-autonomous/ugv_embrapa_ws/install/osr_control:/home/brunameinberg/Desktop/UGV-Embrapa-autonomous/ugv_embrapa_ws/install/osr_autonomous:/opt/ros/humble /usr/bin/cmake --build /home/brunameinberg/Desktop/UGV-Embrapa-autonomous/ugv_embrapa_ws/build/osr_bringup -- -j8 -l8
[0.434s] DEBUG:colcon.colcon_core.event_handler.log_command:Invoking command in '/home/brunameinberg/Desktop/UGV-Embrapa-autonomous/ugv_embrapa_ws/build/osr_gazebo': CMAKE_PREFIX_PATH=${CMAKE_PREFIX_PATH}:/home/brunameinberg/Desktop/UGV-Embrapa-autonomous/ugv_embrapa_ws/install/osr_control:/home/brunameinberg/Desktop/UGV-Embrapa-autonomous/ugv_embrapa_ws/install/osr_autonomous:/opt/ros/humble /usr/bin/cmake --build /home/brunameinberg/Desktop/UGV-Embrapa-autonomous/ugv_embrapa_ws/build/osr_gazebo -- -j8 -l8
[0.456s] DEBUG:colcon.colcon_core.event_handler.log_command:Invoked command in '/home/brunameinberg/Desktop/UGV-Embrapa-autonomous/ugv_embrapa_ws/build/osr_bringup' returned '0': CMAKE_PREFIX_PATH=${CMAKE_PREFIX_PATH}:/home/brunameinberg/Desktop/UGV-Embrapa-autonomous/ugv_embrapa_ws/install/osr_control:/home/brunameinberg/Desktop/UGV-Embrapa-autonomous/ugv_embrapa_ws/install/osr_autonomous:/opt/ros/humble /usr/bin/cmake --build /home/brunameinberg/Desktop/UGV-Embrapa-autonomous/ugv_embrapa_ws/build/osr_bringup -- -j8 -l8
[0.465s] DEBUG:colcon.colcon_core.event_handler.log_command:Invoking command in '/home/brunameinberg/Desktop/UGV-Embrapa-autonomous/ugv_embrapa_ws/build/osr_bringup': CMAKE_PREFIX_PATH=${CMAKE_PREFIX_PATH}:/home/brunameinberg/Desktop/UGV-Embrapa-autonomous/ugv_embrapa_ws/install/osr_control:/home/brunameinberg/Desktop/UGV-Embrapa-autonomous/ugv_embrapa_ws/install/osr_autonomous:/opt/ros/humble /usr/bin/cmake --install /home/brunameinberg/Desktop/UGV-Embrapa-autonomous/ugv_embrapa_ws/build/osr_bringup
[0.472s] Level 1:colcon.colcon_core.environment:create_environment_scripts_only(osr_bringup)
[0.473s] DEBUG:colcon.colcon_core.event_handler.log_command:Invoked command in '/home/brunameinberg/Desktop/UGV-Embrapa-autonomous/ugv_embrapa_ws/build/osr_bringup' returned '0': CMAKE_PREFIX_PATH=${CMAKE_PREFIX_PATH}:/home/brunameinberg/Desktop/UGV-Embrapa-autonomous/ugv_embrapa_ws/install/osr_control:/home/brunameinberg/Desktop/UGV-Embrapa-autonomous/ugv_embrapa_ws/install/osr_autonomous:/opt/ros/humble /usr/bin/cmake --install /home/brunameinberg/Desktop/UGV-Embrapa-autonomous/ugv_embrapa_ws/build/osr_bringup
[0.475s] Level 1:colcon.colcon_core.environment:checking '/home/brunameinberg/Desktop/UGV-Embrapa-autonomous/ugv_embrapa_ws/install/osr_bringup' for CMake module files
[0.476s] Level 1:colcon.colcon_core.environment:checking '/home/brunameinberg/Desktop/UGV-Embrapa-autonomous/ugv_embrapa_ws/install/osr_bringup' for CMake config files
[0.476s] Level 1:colcon.colcon_core.shell:create_environment_hook('osr_bringup', 'cmake_prefix_path')
[0.476s] INFO:colcon.colcon_core.shell:Creating environment hook '/home/brunameinberg/Desktop/UGV-Embrapa-autonomous/ugv_embrapa_ws/install/osr_bringup/share/osr_bringup/hook/cmake_prefix_path.ps1'
[0.477s] INFO:colcon.colcon_core.shell:Creating environment descriptor '/home/brunameinberg/Desktop/UGV-Embrapa-autonomous/ugv_embrapa_ws/install/osr_bringup/share/osr_bringup/hook/cmake_prefix_path.dsv'
[0.477s] INFO:colcon.colcon_core.shell:Creating environment hook '/home/brunameinberg/Desktop/UGV-Embrapa-autonomous/ugv_embrapa_ws/install/osr_bringup/share/osr_bringup/hook/cmake_prefix_path.sh'
[0.478s] Level 1:colcon.colcon_core.environment:checking '/home/brunameinberg/Desktop/UGV-Embrapa-autonomous/ugv_embrapa_ws/install/osr_bringup/bin'
[0.478s] Level 1:colcon.colcon_core.environment:checking '/home/brunameinberg/Desktop/UGV-Embrapa-autonomous/ugv_embrapa_ws/install/osr_bringup/lib/pkgconfig/osr_bringup.pc'
[0.478s] Level 1:colcon.colcon_core.environment:checking '/home/brunameinberg/Desktop/UGV-Embrapa-autonomous/ugv_embrapa_ws/install/osr_bringup/lib/python3.10/site-packages'
[0.479s] Level 1:colcon.colcon_core.environment:checking '/home/brunameinberg/Desktop/UGV-Embrapa-autonomous/ugv_embrapa_ws/install/osr_bringup/bin'
[0.479s] INFO:colcon.colcon_core.shell:Creating package script '/home/brunameinberg/Desktop/UGV-Embrapa-autonomous/ugv_embrapa_ws/install/osr_bringup/share/osr_bringup/package.ps1'
[0.480s] INFO:colcon.colcon_core.shell:Creating package descriptor '/home/brunameinberg/Desktop/UGV-Embrapa-autonomous/ugv_embrapa_ws/install/osr_bringup/share/osr_bringup/package.dsv'
[0.481s] INFO:colcon.colcon_core.shell:Creating package script '/home/brunameinberg/Desktop/UGV-Embrapa-autonomous/ugv_embrapa_ws/install/osr_bringup/share/osr_bringup/package.sh'
[0.481s] INFO:colcon.colcon_core.shell:Creating package script '/home/brunameinberg/Desktop/UGV-Embrapa-autonomous/ugv_embrapa_ws/install/osr_bringup/share/osr_bringup/package.bash'
[0.482s] INFO:colcon.colcon_core.shell:Creating package script '/home/brunameinberg/Desktop/UGV-Embrapa-autonomous/ugv_embrapa_ws/install/osr_bringup/share/osr_bringup/package.zsh'
[0.483s] Level 1:colcon.colcon_core.environment:create_file_with_runtime_dependencies(/home/brunameinberg/Desktop/UGV-Embrapa-autonomous/ugv_embrapa_ws/install/osr_bringup/share/colcon-core/packages/osr_bringup)
[0.483s] Level 1:colcon.colcon_core.environment:create_environment_scripts_only(osr_bringup)
[0.484s] Level 1:colcon.colcon_core.environment:checking '/home/brunameinberg/Desktop/UGV-Embrapa-autonomous/ugv_embrapa_ws/install/osr_bringup' for CMake module files
[0.484s] Level 1:colcon.colcon_core.environment:checking '/home/brunameinberg/Desktop/UGV-Embrapa-autonomous/ugv_embrapa_ws/install/osr_bringup' for CMake config files
[0.484s] Level 1:colcon.colcon_core.shell:create_environment_hook('osr_bringup', 'cmake_prefix_path')
[0.485s] INFO:colcon.colcon_core.shell:Creating environment hook '/home/brunameinberg/Desktop/UGV-Embrapa-autonomous/ugv_embrapa_ws/install/osr_bringup/share/osr_bringup/hook/cmake_prefix_path.ps1'
[0.485s] INFO:colcon.colcon_core.shell:Creating environment descriptor '/home/brunameinberg/Desktop/UGV-Embrapa-autonomous/ugv_embrapa_ws/install/osr_bringup/share/osr_bringup/hook/cmake_prefix_path.dsv'
[0.486s] INFO:colcon.colcon_core.shell:Creating environment hook '/home/brunameinberg/Desktop/UGV-Embrapa-autonomous/ugv_embrapa_ws/install/osr_bringup/share/osr_bringup/hook/cmake_prefix_path.sh'
[0.486s] Level 1:colcon.colcon_core.environment:checking '/home/brunameinberg/Desktop/UGV-Embrapa-autonomous/ugv_embrapa_ws/install/osr_bringup/bin'
[0.486s] Level 1:colcon.colcon_core.environment:checking '/home/brunameinberg/Desktop/UGV-Embrapa-autonomous/ugv_embrapa_ws/install/osr_bringup/lib/pkgconfig/osr_bringup.pc'
[0.486s] Level 1:colcon.colcon_core.environment:checking '/home/brunameinberg/Desktop/UGV-Embrapa-autonomous/ugv_embrapa_ws/install/osr_bringup/lib/python3.10/site-packages'
[0.487s] Level 1:colcon.colcon_core.environment:checking '/home/brunameinberg/Desktop/UGV-Embrapa-autonomous/ugv_embrapa_ws/install/osr_bringup/bin'
[0.487s] INFO:colcon.colcon_core.shell:Creating package script '/home/brunameinberg/Desktop/UGV-Embrapa-autonomous/ugv_embrapa_ws/install/osr_bringup/share/osr_bringup/package.ps1'
[0.487s] INFO:colcon.colcon_core.shell:Creating package descriptor '/home/brunameinberg/Desktop/UGV-Embrapa-autonomous/ugv_embrapa_ws/install/osr_bringup/share/osr_bringup/package.dsv'
[0.488s] INFO:colcon.colcon_core.shell:Creating package script '/home/brunameinberg/Desktop/UGV-Embrapa-autonomous/ugv_embrapa_ws/install/osr_bringup/share/osr_bringup/package.sh'
[0.488s] INFO:colcon.colcon_core.shell:Creating package script '/home/brunameinberg/Desktop/UGV-Embrapa-autonomous/ugv_embrapa_ws/install/osr_bringup/share/osr_bringup/package.bash'
[0.488s] INFO:colcon.colcon_core.shell:Creating package script '/home/brunameinberg/Desktop/UGV-Embrapa-autonomous/ugv_embrapa_ws/install/osr_bringup/share/osr_bringup/package.zsh'
[0.488s] Level 1:colcon.colcon_core.environment:create_file_with_runtime_dependencies(/home/brunameinberg/Desktop/UGV-Embrapa-autonomous/ugv_embrapa_ws/install/osr_bringup/share/colcon-core/packages/osr_bringup)
[0.490s] DEBUG:colcon.colcon_core.event_handler.log_command:Invoked command in '/home/brunameinberg/Desktop/UGV-Embrapa-autonomous/ugv_embrapa_ws/build/osr_gazebo' returned '0': CMAKE_PREFIX_PATH=${CMAKE_PREFIX_PATH}:/home/brunameinberg/Desktop/UGV-Embrapa-autonomous/ugv_embrapa_ws/install/osr_control:/home/brunameinberg/Desktop/UGV-Embrapa-autonomous/ugv_embrapa_ws/install/osr_autonomous:/opt/ros/humble /usr/bin/cmake --build /home/brunameinberg/Desktop/UGV-Embrapa-autonomous/ugv_embrapa_ws/build/osr_gazebo -- -j8 -l8
[0.491s] DEBUG:colcon.colcon_core.event_handler.log_command:Invoking command in '/home/brunameinberg/Desktop/UGV-Embrapa-autonomous/ugv_embrapa_ws/build/osr_gazebo': CMAKE_PREFIX_PATH=${CMAKE_PREFIX_PATH}:/home/brunameinberg/Desktop/UGV-Embrapa-autonomous/ugv_embrapa_ws/install/osr_control:/home/brunameinberg/Desktop/UGV-Embrapa-autonomous/ugv_embrapa_ws/install/osr_autonomous:/opt/ros/humble /usr/bin/cmake --install /home/brunameinberg/Desktop/UGV-Embrapa-autonomous/ugv_embrapa_ws/build/osr_gazebo
[0.499s] Level 1:colcon.colcon_core.environment:create_environment_scripts_only(osr_gazebo)
[0.499s] Level 1:colcon.colcon_core.environment:checking '/home/brunameinberg/Desktop/UGV-Embrapa-autonomous/ugv_embrapa_ws/install/osr_gazebo' for CMake module files
[0.500s] Level 1:colcon.colcon_core.environment:checking '/home/brunameinberg/Desktop/UGV-Embrapa-autonomous/ugv_embrapa_ws/install/osr_gazebo' for CMake config files
[0.500s] Level 1:colcon.colcon_core.shell:create_environment_hook('osr_gazebo', 'cmake_prefix_path')
[0.501s] INFO:colcon.colcon_core.shell:Creating environment hook '/home/brunameinberg/Desktop/UGV-Embrapa-autonomous/ugv_embrapa_ws/install/osr_gazebo/share/osr_gazebo/hook/cmake_prefix_path.ps1'
[0.501s] INFO:colcon.colcon_core.shell:Creating environment descriptor '/home/brunameinberg/Desktop/UGV-Embrapa-autonomous/ugv_embrapa_ws/install/osr_gazebo/share/osr_gazebo/hook/cmake_prefix_path.dsv'
[0.501s] INFO:colcon.colcon_core.shell:Creating environment hook '/home/brunameinberg/Desktop/UGV-Embrapa-autonomous/ugv_embrapa_ws/install/osr_gazebo/share/osr_gazebo/hook/cmake_prefix_path.sh'
[0.502s] Level 1:colcon.colcon_core.environment:checking '/home/brunameinberg/Desktop/UGV-Embrapa-autonomous/ugv_embrapa_ws/install/osr_gazebo/lib'
[0.503s] Level 1:colcon.colcon_core.environment:checking '/home/brunameinberg/Desktop/UGV-Embrapa-autonomous/ugv_embrapa_ws/install/osr_gazebo/bin'
[0.503s] Level 1:colcon.colcon_core.environment:checking '/home/brunameinberg/Desktop/UGV-Embrapa-autonomous/ugv_embrapa_ws/install/osr_gazebo/lib/pkgconfig/osr_gazebo.pc'
[0.503s] Level 1:colcon.colcon_core.environment:checking '/home/brunameinberg/Desktop/UGV-Embrapa-autonomous/ugv_embrapa_ws/install/osr_gazebo/lib/python3.10/site-packages'
[0.503s] Level 1:colcon.colcon_core.environment:checking '/home/brunameinberg/Desktop/UGV-Embrapa-autonomous/ugv_embrapa_ws/install/osr_gazebo/bin'
[0.504s] INFO:colcon.colcon_core.shell:Creating package script '/home/brunameinberg/Desktop/UGV-Embrapa-autonomous/ugv_embrapa_ws/install/osr_gazebo/share/osr_gazebo/package.ps1'
[0.505s] INFO:colcon.colcon_core.shell:Creating package descriptor '/home/brunameinberg/Desktop/UGV-Embrapa-autonomous/ugv_embrapa_ws/install/osr_gazebo/share/osr_gazebo/package.dsv'
[0.505s] INFO:colcon.colcon_core.shell:Creating package script '/home/brunameinberg/Desktop/UGV-Embrapa-autonomous/ugv_embrapa_ws/install/osr_gazebo/share/osr_gazebo/package.sh'
[0.506s] INFO:colcon.colcon_core.shell:Creating package script '/home/brunameinberg/Desktop/UGV-Embrapa-autonomous/ugv_embrapa_ws/install/osr_gazebo/share/osr_gazebo/package.bash'
[0.506s] INFO:colcon.colcon_core.shell:Creating package script '/home/brunameinberg/Desktop/UGV-Embrapa-autonomous/ugv_embrapa_ws/install/osr_gazebo/share/osr_gazebo/package.zsh'
[0.507s] DEBUG:colcon.colcon_core.event_handler.log_command:Invoked command in '/home/brunameinberg/Desktop/UGV-Embrapa-autonomous/ugv_embrapa_ws/build/osr_gazebo' returned '0': CMAKE_PREFIX_PATH=${CMAKE_PREFIX_PATH}:/home/brunameinberg/Desktop/UGV-Embrapa-autonomous/ugv_embrapa_ws/install/osr_control:/home/brunameinberg/Desktop/UGV-Embrapa-autonomous/ugv_embrapa_ws/install/osr_autonomous:/opt/ros/humble /usr/bin/cmake --install /home/brunameinberg/Desktop/UGV-Embrapa-autonomous/ugv_embrapa_ws/build/osr_gazebo
[0.507s] Level 1:colcon.colcon_core.environment:create_file_with_runtime_dependencies(/home/brunameinberg/Desktop/UGV-Embrapa-autonomous/ugv_embrapa_ws/install/osr_gazebo/share/colcon-core/packages/osr_gazebo)
[0.508s] Level 1:colcon.colcon_core.environment:create_environment_scripts_only(osr_gazebo)
[0.508s] Level 1:colcon.colcon_core.environment:checking '/home/brunameinberg/Desktop/UGV-Embrapa-autonomous/ugv_embrapa_ws/install/osr_gazebo' for CMake module files
[0.508s] Level 1:colcon.colcon_core.environment:checking '/home/brunameinberg/Desktop/UGV-Embrapa-autonomous/ugv_embrapa_ws/install/osr_gazebo' for CMake config files
[0.508s] Level 1:colcon.colcon_core.shell:create_environment_hook('osr_gazebo', 'cmake_prefix_path')
[0.508s] INFO:colcon.colcon_core.shell:Creating environment hook '/home/brunameinberg/Desktop/UGV-Embrapa-autonomous/ugv_embrapa_ws/install/osr_gazebo/share/osr_gazebo/hook/cmake_prefix_path.ps1'
[0.509s] INFO:colcon.colcon_core.shell:Creating environment descriptor '/home/brunameinberg/Desktop/UGV-Embrapa-autonomous/ugv_embrapa_ws/install/osr_gazebo/share/osr_gazebo/hook/cmake_prefix_path.dsv'
[0.509s] INFO:colcon.colcon_core.shell:Creating environment hook '/home/brunameinberg/Desktop/UGV-Embrapa-autonomous/ugv_embrapa_ws/install/osr_gazebo/share/osr_gazebo/hook/cmake_prefix_path.sh'
[0.509s] Level 1:colcon.colcon_core.environment:checking '/home/brunameinberg/Desktop/UGV-Embrapa-autonomous/ugv_embrapa_ws/install/osr_gazebo/lib'
[0.509s] Level 1:colcon.colcon_core.environment:checking '/home/brunameinberg/Desktop/UGV-Embrapa-autonomous/ugv_embrapa_ws/install/osr_gazebo/bin'
[0.509s] Level 1:colcon.colcon_core.environment:checking '/home/brunameinberg/Desktop/UGV-Embrapa-autonomous/ugv_embrapa_ws/install/osr_gazebo/lib/pkgconfig/osr_gazebo.pc'
[0.509s] Level 1:colcon.colcon_core.environment:checking '/home/brunameinberg/Desktop/UGV-Embrapa-autonomous/ugv_embrapa_ws/install/osr_gazebo/lib/python3.10/site-packages'
[0.509s] Level 1:colcon.colcon_core.environment:checking '/home/brunameinberg/Desktop/UGV-Embrapa-autonomous/ugv_embrapa_ws/install/osr_gazebo/bin'
[0.510s] INFO:colcon.colcon_core.shell:Creating package script '/home/brunameinberg/Desktop/UGV-Embrapa-autonomous/ugv_embrapa_ws/install/osr_gazebo/share/osr_gazebo/package.ps1'
[0.510s] INFO:colcon.colcon_core.shell:Creating package descriptor '/home/brunameinberg/Desktop/UGV-Embrapa-autonomous/ugv_embrapa_ws/install/osr_gazebo/share/osr_gazebo/package.dsv'
[0.510s] INFO:colcon.colcon_core.shell:Creating package script '/home/brunameinberg/Desktop/UGV-Embrapa-autonomous/ugv_embrapa_ws/install/osr_gazebo/share/osr_gazebo/package.sh'
[0.511s] INFO:colcon.colcon_core.shell:Creating package script '/home/brunameinberg/Desktop/UGV-Embrapa-autonomous/ugv_embrapa_ws/install/osr_gazebo/share/osr_gazebo/package.bash'
[0.511s] INFO:colcon.colcon_core.shell:Creating package script '/home/brunameinberg/Desktop/UGV-Embrapa-autonomous/ugv_embrapa_ws/install/osr_gazebo/share/osr_gazebo/package.zsh'
[0.511s] Level 1:colcon.colcon_core.environment:create_file_with_runtime_dependencies(/home/brunameinberg/Desktop/UGV-Embrapa-autonomous/ugv_embrapa_ws/install/osr_gazebo/share/colcon-core/packages/osr_gazebo)
[0.512s] DEBUG:colcon.colcon_core.event_handler.log_command:Invoked command in '/home/brunameinberg/Desktop/UGV-Embrapa-autonomous/ugv_embrapa_ws/build/osr_interfaces' returned '0': CMAKE_PREFIX_PATH=${CMAKE_PREFIX_PATH}:/home/brunameinberg/Desktop/UGV-Embrapa-autonomous/ugv_embrapa_ws/install/osr_control:/home/brunameinberg/Desktop/UGV-Embrapa-autonomous/ugv_embrapa_ws/install/osr_autonomous:/opt/ros/humble /usr/bin/cmake --build /home/brunameinberg/Desktop/UGV-Embrapa-autonomous/ugv_embrapa_ws/build/osr_interfaces -- -j8 -l8
[0.514s] DEBUG:colcon.colcon_core.event_handler.log_command:Invoking command in '/home/brunameinberg/Desktop/UGV-Embrapa-autonomous/ugv_embrapa_ws/build/osr_interfaces': CMAKE_PREFIX_PATH=${CMAKE_PREFIX_PATH}:/home/brunameinberg/Desktop/UGV-Embrapa-autonomous/ugv_embrapa_ws/install/osr_control:/home/brunameinberg/Desktop/UGV-Embrapa-autonomous/ugv_embrapa_ws/install/osr_autonomous:/opt/ros/humble /usr/bin/cmake --install /home/brunameinberg/Desktop/UGV-Embrapa-autonomous/ugv_embrapa_ws/build/osr_interfaces
[0.550s] Level 1:colcon.colcon_core.environment:create_environment_scripts_only(osr_interfaces)
[0.550s] Level 1:colcon.colcon_core.environment:checking '/home/brunameinberg/Desktop/UGV-Embrapa-autonomous/ugv_embrapa_ws/install/osr_interfaces' for CMake module files
[0.552s] DEBUG:colcon.colcon_core.event_handler.log_command:Invoked command in '/home/brunameinberg/Desktop/UGV-Embrapa-autonomous/ugv_embrapa_ws/build/osr_interfaces' returned '0': CMAKE_PREFIX_PATH=${CMAKE_PREFIX_PATH}:/home/brunameinberg/Desktop/UGV-Embrapa-autonomous/ugv_embrapa_ws/install/osr_control:/home/brunameinberg/Desktop/UGV-Embrapa-autonomous/ugv_embrapa_ws/install/osr_autonomous:/opt/ros/humble /usr/bin/cmake --install /home/brunameinberg/Desktop/UGV-Embrapa-autonomous/ugv_embrapa_ws/build/osr_interfaces
[0.552s] Level 1:colcon.colcon_core.environment:checking '/home/brunameinberg/Desktop/UGV-Embrapa-autonomous/ugv_embrapa_ws/install/osr_interfaces' for CMake config files
[0.552s] Level 1:colcon.colcon_core.shell:create_environment_hook('osr_interfaces', 'cmake_prefix_path')
[0.552s] INFO:colcon.colcon_core.shell:Creating environment hook '/home/brunameinberg/Desktop/UGV-Embrapa-autonomous/ugv_embrapa_ws/install/osr_interfaces/share/osr_interfaces/hook/cmake_prefix_path.ps1'
[0.553s] INFO:colcon.colcon_core.shell:Creating environment descriptor '/home/brunameinberg/Desktop/UGV-Embrapa-autonomous/ugv_embrapa_ws/install/osr_interfaces/share/osr_interfaces/hook/cmake_prefix_path.dsv'
[0.553s] INFO:colcon.colcon_core.shell:Creating environment hook '/home/brunameinberg/Desktop/UGV-Embrapa-autonomous/ugv_embrapa_ws/install/osr_interfaces/share/osr_interfaces/hook/cmake_prefix_path.sh'
[0.554s] Level 1:colcon.colcon_core.environment:checking '/home/brunameinberg/Desktop/UGV-Embrapa-autonomous/ugv_embrapa_ws/install/osr_interfaces/lib'
[0.554s] Level 1:colcon.colcon_core.shell:create_environment_hook('osr_interfaces', 'ld_library_path_lib')
[0.554s] INFO:colcon.colcon_core.shell:Creating environment hook '/home/brunameinberg/Desktop/UGV-Embrapa-autonomous/ugv_embrapa_ws/install/osr_interfaces/share/osr_interfaces/hook/ld_library_path_lib.ps1'
[0.554s] INFO:colcon.colcon_core.shell:Creating environment descriptor '/home/brunameinberg/Desktop/UGV-Embrapa-autonomous/ugv_embrapa_ws/install/osr_interfaces/share/osr_interfaces/hook/ld_library_path_lib.dsv'
[0.555s] INFO:colcon.colcon_core.shell:Creating environment hook '/home/brunameinberg/Desktop/UGV-Embrapa-autonomous/ugv_embrapa_ws/install/osr_interfaces/share/osr_interfaces/hook/ld_library_path_lib.sh'
[0.555s] Level 1:colcon.colcon_core.environment:checking '/home/brunameinberg/Desktop/UGV-Embrapa-autonomous/ugv_embrapa_ws/install/osr_interfaces/bin'
[0.555s] Level 1:colcon.colcon_core.environment:checking '/home/brunameinberg/Desktop/UGV-Embrapa-autonomous/ugv_embrapa_ws/install/osr_interfaces/lib/pkgconfig/osr_interfaces.pc'
[0.555s] Level 1:colcon.colcon_core.environment:checking '/home/brunameinberg/Desktop/UGV-Embrapa-autonomous/ugv_embrapa_ws/install/osr_interfaces/lib/python3.10/site-packages'
[0.556s] Level 1:colcon.colcon_core.environment:checking '/home/brunameinberg/Desktop/UGV-Embrapa-autonomous/ugv_embrapa_ws/install/osr_interfaces/bin'
[0.556s] INFO:colcon.colcon_core.shell:Creating package script '/home/brunameinberg/Desktop/UGV-Embrapa-autonomous/ugv_embrapa_ws/install/osr_interfaces/share/osr_interfaces/package.ps1'
[0.556s] INFO:colcon.colcon_core.shell:Creating package descriptor '/home/brunameinberg/Desktop/UGV-Embrapa-autonomous/ugv_embrapa_ws/install/osr_interfaces/share/osr_interfaces/package.dsv'
[0.557s] INFO:colcon.colcon_core.shell:Creating package script '/home/brunameinberg/Desktop/UGV-Embrapa-autonomous/ugv_embrapa_ws/install/osr_interfaces/share/osr_interfaces/package.sh'
[0.557s] INFO:colcon.colcon_core.shell:Creating package script '/home/brunameinberg/Desktop/UGV-Embrapa-autonomous/ugv_embrapa_ws/install/osr_interfaces/share/osr_interfaces/package.bash'
[0.558s] INFO:colcon.colcon_core.shell:Creating package script '/home/brunameinberg/Desktop/UGV-Embrapa-autonomous/ugv_embrapa_ws/install/osr_interfaces/share/osr_interfaces/package.zsh'
[0.558s] Level 1:colcon.colcon_core.environment:create_file_with_runtime_dependencies(/home/brunameinberg/Desktop/UGV-Embrapa-autonomous/ugv_embrapa_ws/install/osr_interfaces/share/colcon-core/packages/osr_interfaces)
[0.558s] Level 1:colcon.colcon_core.environment:create_environment_scripts_only(osr_interfaces)
[0.559s] Level 1:colcon.colcon_core.environment:checking '/home/brunameinberg/Desktop/UGV-Embrapa-autonomous/ugv_embrapa_ws/install/osr_interfaces' for CMake module files
[0.559s] Level 1:colcon.colcon_core.environment:checking '/home/brunameinberg/Desktop/UGV-Embrapa-autonomous/ugv_embrapa_ws/install/osr_interfaces' for CMake config files
[0.560s] Level 1:colcon.colcon_core.shell:create_environment_hook('osr_interfaces', 'cmake_prefix_path')
[0.560s] INFO:colcon.colcon_core.shell:Creating environment hook '/home/brunameinberg/Desktop/UGV-Embrapa-autonomous/ugv_embrapa_ws/install/osr_interfaces/share/osr_interfaces/hook/cmake_prefix_path.ps1'
[0.560s] INFO:colcon.colcon_core.shell:Creating environment descriptor '/home/brunameinberg/Desktop/UGV-Embrapa-autonomous/ugv_embrapa_ws/install/osr_interfaces/share/osr_interfaces/hook/cmake_prefix_path.dsv'
[0.561s] INFO:colcon.colcon_core.shell:Creating environment hook '/home/brunameinberg/Desktop/UGV-Embrapa-autonomous/ugv_embrapa_ws/install/osr_interfaces/share/osr_interfaces/hook/cmake_prefix_path.sh'
[0.561s] Level 1:colcon.colcon_core.environment:checking '/home/brunameinberg/Desktop/UGV-Embrapa-autonomous/ugv_embrapa_ws/install/osr_interfaces/lib'
[0.561s] Level 1:colcon.colcon_core.shell:create_environment_hook('osr_interfaces', 'ld_library_path_lib')
[0.562s] INFO:colcon.colcon_core.shell:Creating environment hook '/home/brunameinberg/Desktop/UGV-Embrapa-autonomous/ugv_embrapa_ws/install/osr_interfaces/share/osr_interfaces/hook/ld_library_path_lib.ps1'
[0.562s] INFO:colcon.colcon_core.shell:Creating environment descriptor '/home/brunameinberg/Desktop/UGV-Embrapa-autonomous/ugv_embrapa_ws/install/osr_interfaces/share/osr_interfaces/hook/ld_library_path_lib.dsv'
[0.562s] INFO:colcon.colcon_core.shell:Creating environment hook '/home/brunameinberg/Desktop/UGV-Embrapa-autonomous/ugv_embrapa_ws/install/osr_interfaces/share/osr_interfaces/hook/ld_library_path_lib.sh'
[0.563s] Level 1:colcon.colcon_core.environment:checking '/home/brunameinberg/Desktop/UGV-Embrapa-autonomous/ugv_embrapa_ws/install/osr_interfaces/bin'
[0.563s] Level 1:colcon.colcon_core.environment:checking '/home/brunameinberg/Desktop/UGV-Embrapa-autonomous/ugv_embrapa_ws/install/osr_interfaces/lib/pkgconfig/osr_interfaces.pc'
[0.563s] Level 1:colcon.colcon_core.environment:checking '/home/brunameinberg/Desktop/UGV-Embrapa-autonomous/ugv_embrapa_ws/install/osr_interfaces/lib/python3.10/site-packages'
[0.563s] Level 1:colcon.colcon_core.environment:checking '/home/brunameinberg/Desktop/UGV-Embrapa-autonomous/ugv_embrapa_ws/install/osr_interfaces/bin'
[0.564s] INFO:colcon.colcon_core.shell:Creating package script '/home/brunameinberg/Desktop/UGV-Embrapa-autonomous/ugv_embrapa_ws/install/osr_interfaces/share/osr_interfaces/package.ps1'
[0.564s] INFO:colcon.colcon_core.shell:Creating package descriptor '/home/brunameinberg/Desktop/UGV-Embrapa-autonomous/ugv_embrapa_ws/install/osr_interfaces/share/osr_interfaces/package.dsv'
[0.565s] INFO:colcon.colcon_core.shell:Creating package script '/home/brunameinberg/Desktop/UGV-Embrapa-autonomous/ugv_embrapa_ws/install/osr_interfaces/share/osr_interfaces/package.sh'
[0.565s] INFO:colcon.colcon_core.shell:Creating package script '/home/brunameinberg/Desktop/UGV-Embrapa-autonomous/ugv_embrapa_ws/install/osr_interfaces/share/osr_interfaces/package.bash'
[0.566s] INFO:colcon.colcon_core.shell:Creating package script '/home/brunameinberg/Desktop/UGV-Embrapa-autonomous/ugv_embrapa_ws/install/osr_interfaces/share/osr_interfaces/package.zsh'
[0.566s] Level 1:colcon.colcon_core.environment:create_file_with_runtime_dependencies(/home/brunameinberg/Desktop/UGV-Embrapa-autonomous/ugv_embrapa_ws/install/osr_interfaces/share/colcon-core/packages/osr_interfaces)
[0.566s] INFO:colcon.colcon_ros.task.ament_python.build:Building ROS package in '/home/brunameinberg/Desktop/UGV-Embrapa-autonomous/ugv_embrapa_ws/src/osr_control' with build type 'ament_python'
[0.566s] Level 1:colcon.colcon_core.shell:create_environment_hook('osr_control', 'ament_prefix_path')
[0.567s] INFO:colcon.colcon_core.shell:Creating environment hook '/home/brunameinberg/Desktop/UGV-Embrapa-autonomous/ugv_embrapa_ws/install/osr_control/share/osr_control/hook/ament_prefix_path.ps1'
[0.567s] INFO:colcon.colcon_core.shell:Creating environment descriptor '/home/brunameinberg/Desktop/UGV-Embrapa-autonomous/ugv_embrapa_ws/install/osr_control/share/osr_control/hook/ament_prefix_path.dsv'
[0.568s] INFO:colcon.colcon_core.shell:Creating environment hook '/home/brunameinberg/Desktop/UGV-Embrapa-autonomous/ugv_embrapa_ws/install/osr_control/share/osr_control/hook/ament_prefix_path.sh'
[0.568s] INFO:colcon.colcon_core.shell:Skip shell extension 'powershell' for command environment: Not usable outside of PowerShell
[0.568s] DEBUG:colcon.colcon_core.shell:Skip shell extension 'dsv' for command environment
[0.737s] INFO:colcon.colcon_core.task.python.build:Building Python package in '/home/brunameinberg/Desktop/UGV-Embrapa-autonomous/ugv_embrapa_ws/src/osr_control'
[0.737s] INFO:colcon.colcon_core.shell:Skip shell extension 'powershell' for command environment: Not usable outside of PowerShell
[0.737s] DEBUG:colcon.colcon_core.shell:Skip shell extension 'dsv' for command environment
[0.742s] DEBUG:colcon.colcon_core.event_handler.log_command:Invoking command in '/home/brunameinberg/Desktop/UGV-Embrapa-autonomous/ugv_embrapa_ws/src/osr_autonomous': PYTHONPATH=/home/brunameinberg/Desktop/UGV-Embrapa-autonomous/ugv_embrapa_ws/build/osr_autonomous/prefix_override:/usr/lib/python3/dist-packages/colcon_core/task/python/colcon_distutils_commands:/home/brunameinberg/Desktop/UGV-Embrapa-autonomous/ugv_embrapa_ws/install/osr_autonomous/lib/python3.10/site-packages:${PYTHONPATH} /usr/bin/python3 -W ignore:setup.py install is deprecated -W ignore:easy_install command is deprecated setup.py egg_info --egg-base ../../build/osr_autonomous build --build-base /home/brunameinberg/Desktop/UGV-Embrapa-autonomous/ugv_embrapa_ws/build/osr_autonomous/build install --record /home/brunameinberg/Desktop/UGV-Embrapa-autonomous/ugv_embrapa_ws/build/osr_autonomous/install.log --single-version-externally-managed install_data
[0.926s] Level 1:colcon.colcon_core.environment:checking '/home/brunameinberg/Desktop/UGV-Embrapa-autonomous/ugv_embrapa_ws/install/osr_autonomous' for CMake module files
[0.926s] DEBUG:colcon.colcon_core.event_handler.log_command:Invoked command in '/home/brunameinberg/Desktop/UGV-Embrapa-autonomous/ugv_embrapa_ws/src/osr_autonomous' returned '0': PYTHONPATH=/home/brunameinberg/Desktop/UGV-Embrapa-autonomous/ugv_embrapa_ws/build/osr_autonomous/prefix_override:/usr/lib/python3/dist-packages/colcon_core/task/python/colcon_distutils_commands:/home/brunameinberg/Desktop/UGV-Embrapa-autonomous/ugv_embrapa_ws/install/osr_autonomous/lib/python3.10/site-packages:${PYTHONPATH} /usr/bin/python3 -W ignore:setup.py install is deprecated -W ignore:easy_install command is deprecated setup.py egg_info --egg-base ../../build/osr_autonomous build --build-base /home/brunameinberg/Desktop/UGV-Embrapa-autonomous/ugv_embrapa_ws/build/osr_autonomous/build install --record /home/brunameinberg/Desktop/UGV-Embrapa-autonomous/ugv_embrapa_ws/build/osr_autonomous/install.log --single-version-externally-managed install_data
[0.926s] Level 1:colcon.colcon_core.environment:checking '/home/brunameinberg/Desktop/UGV-Embrapa-autonomous/ugv_embrapa_ws/install/osr_autonomous' for CMake config files
[0.927s] Level 1:colcon.colcon_core.environment:checking '/home/brunameinberg/Desktop/UGV-Embrapa-autonomous/ugv_embrapa_ws/install/osr_autonomous/lib'
[0.927s] Level 1:colcon.colcon_core.environment:checking '/home/brunameinberg/Desktop/UGV-Embrapa-autonomous/ugv_embrapa_ws/install/osr_autonomous/bin'
[0.927s] Level 1:colcon.colcon_core.environment:checking '/home/brunameinberg/Desktop/UGV-Embrapa-autonomous/ugv_embrapa_ws/install/osr_autonomous/lib/pkgconfig/osr_autonomous.pc'
[0.927s] Level 1:colcon.colcon_core.environment:checking '/home/brunameinberg/Desktop/UGV-Embrapa-autonomous/ugv_embrapa_ws/install/osr_autonomous/lib/python3.10/site-packages'
[0.927s] Level 1:colcon.colcon_core.shell:create_environment_hook('osr_autonomous', 'pythonpath')
[0.927s] INFO:colcon.colcon_core.shell:Creating environment hook '/home/brunameinberg/Desktop/UGV-Embrapa-autonomous/ugv_embrapa_ws/install/osr_autonomous/share/osr_autonomous/hook/pythonpath.ps1'
[0.927s] INFO:colcon.colcon_core.shell:Creating environment descriptor '/home/brunameinberg/Desktop/UGV-Embrapa-autonomous/ugv_embrapa_ws/install/osr_autonomous/share/osr_autonomous/hook/pythonpath.dsv'
[0.928s] INFO:colcon.colcon_core.shell:Creating environment hook '/home/brunameinberg/Desktop/UGV-Embrapa-autonomous/ugv_embrapa_ws/install/osr_autonomous/share/osr_autonomous/hook/pythonpath.sh'
[0.928s] Level 1:colcon.colcon_core.environment:checking '/home/brunameinberg/Desktop/UGV-Embrapa-autonomous/ugv_embrapa_ws/install/osr_autonomous/bin'
[0.928s] Level 1:colcon.colcon_core.environment:create_environment_scripts_only(osr_autonomous)
[0.928s] INFO:colcon.colcon_core.shell:Creating package script '/home/brunameinberg/Desktop/UGV-Embrapa-autonomous/ugv_embrapa_ws/install/osr_autonomous/share/osr_autonomous/package.ps1'
[0.929s] INFO:colcon.colcon_core.shell:Creating package descriptor '/home/brunameinberg/Desktop/UGV-Embrapa-autonomous/ugv_embrapa_ws/install/osr_autonomous/share/osr_autonomous/package.dsv'
[0.929s] INFO:colcon.colcon_core.shell:Creating package script '/home/brunameinberg/Desktop/UGV-Embrapa-autonomous/ugv_embrapa_ws/install/osr_autonomous/share/osr_autonomous/package.sh'
[0.929s] INFO:colcon.colcon_core.shell:Creating package script '/home/brunameinberg/Desktop/UGV-Embrapa-autonomous/ugv_embrapa_ws/install/osr_autonomous/share/osr_autonomous/package.bash'
[0.929s] INFO:colcon.colcon_core.shell:Creating package script '/home/brunameinberg/Desktop/UGV-Embrapa-autonomous/ugv_embrapa_ws/install/osr_autonomous/share/osr_autonomous/package.zsh'
[0.929s] Level 1:colcon.colcon_core.environment:create_file_with_runtime_dependencies(/home/brunameinberg/Desktop/UGV-Embrapa-autonomous/ugv_embrapa_ws/install/osr_autonomous/share/colcon-core/packages/osr_autonomous)
[0.963s] DEBUG:colcon.colcon_core.event_handler.log_command:Invoking command in '/home/brunameinberg/Desktop/UGV-Embrapa-autonomous/ugv_embrapa_ws/src/osr_control': PYTHONPATH=/home/brunameinberg/Desktop/UGV-Embrapa-autonomous/ugv_embrapa_ws/build/osr_control/prefix_override:/usr/lib/python3/dist-packages/colcon_core/task/python/colcon_distutils_commands:/home/brunameinberg/Desktop/UGV-Embrapa-autonomous/ugv_embrapa_ws/install/osr_control/lib/python3.10/site-packages:${PYTHONPATH} /usr/bin/python3 -W ignore:setup.py install is deprecated -W ignore:easy_install command is deprecated setup.py egg_info --egg-base ../../build/osr_control build --build-base /home/brunameinberg/Desktop/UGV-Embrapa-autonomous/ugv_embrapa_ws/build/osr_control/build install --record /home/brunameinberg/Desktop/UGV-Embrapa-autonomous/ugv_embrapa_ws/build/osr_control/install.log --install-scripts $base/lib/osr_control --single-version-externally-managed install_data
[1.141s] Level 1:colcon.colcon_core.environment:checking '/home/brunameinberg/Desktop/UGV-Embrapa-autonomous/ugv_embrapa_ws/install/osr_control' for CMake module files
[1.142s] DEBUG:colcon.colcon_core.event_handler.log_command:Invoked command in '/home/brunameinberg/Desktop/UGV-Embrapa-autonomous/ugv_embrapa_ws/src/osr_control' returned '0': PYTHONPATH=/home/brunameinberg/Desktop/UGV-Embrapa-autonomous/ugv_embrapa_ws/build/osr_control/prefix_override:/usr/lib/python3/dist-packages/colcon_core/task/python/colcon_distutils_commands:/home/brunameinberg/Desktop/UGV-Embrapa-autonomous/ugv_embrapa_ws/install/osr_control/lib/python3.10/site-packages:${PYTHONPATH} /usr/bin/python3 -W ignore:setup.py install is deprecated -W ignore:easy_install command is deprecated setup.py egg_info --egg-base ../../build/osr_control build --build-base /home/brunameinberg/Desktop/UGV-Embrapa-autonomous/ugv_embrapa_ws/build/osr_control/build install --record /home/brunameinberg/Desktop/UGV-Embrapa-autonomous/ugv_embrapa_ws/build/osr_control/install.log --install-scripts $base/lib/osr_control --single-version-externally-managed install_data
[1.142s] Level 1:colcon.colcon_core.environment:checking '/home/brunameinberg/Desktop/UGV-Embrapa-autonomous/ugv_embrapa_ws/install/osr_control' for CMake config files
[1.142s] Level 1:colcon.colcon_core.environment:checking '/home/brunameinberg/Desktop/UGV-Embrapa-autonomous/ugv_embrapa_ws/install/osr_control/lib'
[1.142s] Level 1:colcon.colcon_core.environment:checking '/home/brunameinberg/Desktop/UGV-Embrapa-autonomous/ugv_embrapa_ws/install/osr_control/bin'
[1.143s] Level 1:colcon.colcon_core.environment:checking '/home/brunameinberg/Desktop/UGV-Embrapa-autonomous/ugv_embrapa_ws/install/osr_control/lib/pkgconfig/osr_control.pc'
[1.143s] Level 1:colcon.colcon_core.environment:checking '/home/brunameinberg/Desktop/UGV-Embrapa-autonomous/ugv_embrapa_ws/install/osr_control/lib/python3.10/site-packages'
[1.143s] Level 1:colcon.colcon_core.shell:create_environment_hook('osr_control', 'pythonpath')
[1.143s] INFO:colcon.colcon_core.shell:Creating environment hook '/home/brunameinberg/Desktop/UGV-Embrapa-autonomous/ugv_embrapa_ws/install/osr_control/share/osr_control/hook/pythonpath.ps1'
[1.143s] INFO:colcon.colcon_core.shell:Creating environment descriptor '/home/brunameinberg/Desktop/UGV-Embrapa-autonomous/ugv_embrapa_ws/install/osr_control/share/osr_control/hook/pythonpath.dsv'
[1.143s] INFO:colcon.colcon_core.shell:Creating environment hook '/home/brunameinberg/Desktop/UGV-Embrapa-autonomous/ugv_embrapa_ws/install/osr_control/share/osr_control/hook/pythonpath.sh'
[1.144s] Level 1:colcon.colcon_core.environment:checking '/home/brunameinberg/Desktop/UGV-Embrapa-autonomous/ugv_embrapa_ws/install/osr_control/bin'
[1.144s] Level 1:colcon.colcon_core.environment:create_environment_scripts_only(osr_control)
[1.144s] INFO:colcon.colcon_core.shell:Creating package script '/home/brunameinberg/Desktop/UGV-Embrapa-autonomous/ugv_embrapa_ws/install/osr_control/share/osr_control/package.ps1'
[1.144s] INFO:colcon.colcon_core.shell:Creating package descriptor '/home/brunameinberg/Desktop/UGV-Embrapa-autonomous/ugv_embrapa_ws/install/osr_control/share/osr_control/package.dsv'
[1.145s] INFO:colcon.colcon_core.shell:Creating package script '/home/brunameinberg/Desktop/UGV-Embrapa-autonomous/ugv_embrapa_ws/install/osr_control/share/osr_control/package.sh'
[1.145s] INFO:colcon.colcon_core.shell:Creating package script '/home/brunameinberg/Desktop/UGV-Embrapa-autonomous/ugv_embrapa_ws/install/osr_control/share/osr_control/package.bash'
[1.145s] INFO:colcon.colcon_core.shell:Creating package script '/home/brunameinberg/Desktop/UGV-Embrapa-autonomous/ugv_embrapa_ws/install/osr_control/share/osr_control/package.zsh'
[1.145s] Level 1:colcon.colcon_core.environment:create_file_with_runtime_dependencies(/home/brunameinberg/Desktop/UGV-Embrapa-autonomous/ugv_embrapa_ws/install/osr_control/share/colcon-core/packages/osr_control)
[1.145s] DEBUG:colcon.colcon_parallel_executor.executor.parallel:closing loop
[1.146s] DEBUG:colcon.colcon_parallel_executor.executor.parallel:loop closed
[1.146s] DEBUG:colcon.colcon_parallel_executor.executor.parallel:run_until_complete finished with '0'
[1.146s] DEBUG:colcon.colcon_core.event_reactor:joining thread
[1.149s] INFO:colcon.colcon_core.plugin_system:Skipping extension 'colcon_notification.desktop_notification.terminal_notifier': Not used on non-Darwin systems
[1.149s] INFO:colcon.colcon_core.plugin_system:Skipping extension 'colcon_notification.desktop_notification.win32': Not used on non-Windows systems
[1.149s] INFO:colcon.colcon_notification.desktop_notification:Sending desktop notification using 'notify2'
[1.156s] DEBUG:colcon.colcon_core.event_reactor:joined thread
[1.156s] INFO:colcon.colcon_core.shell:Creating prefix script '/home/brunameinberg/Desktop/UGV-Embrapa-autonomous/ugv_embrapa_ws/install/local_setup.ps1'
[1.157s] INFO:colcon.colcon_core.shell:Creating prefix util module '/home/brunameinberg/Desktop/UGV-Embrapa-autonomous/ugv_embrapa_ws/install/_local_setup_util_ps1.py'
[1.158s] INFO:colcon.colcon_core.shell:Creating prefix chain script '/home/brunameinberg/Desktop/UGV-Embrapa-autonomous/ugv_embrapa_ws/install/setup.ps1'
[1.159s] INFO:colcon.colcon_core.shell:Creating prefix script '/home/brunameinberg/Desktop/UGV-Embrapa-autonomous/ugv_embrapa_ws/install/local_setup.sh'
[1.159s] INFO:colcon.colcon_core.shell:Creating prefix util module '/home/brunameinberg/Desktop/UGV-Embrapa-autonomous/ugv_embrapa_ws/install/_local_setup_util_sh.py'
[1.160s] INFO:colcon.colcon_core.shell:Creating prefix chain script '/home/brunameinberg/Desktop/UGV-Embrapa-autonomous/ugv_embrapa_ws/install/setup.sh'
[1.160s] INFO:colcon.colcon_core.shell:Creating prefix script '/home/brunameinberg/Desktop/UGV-Embrapa-autonomous/ugv_embrapa_ws/install/local_setup.bash'
[1.161s] INFO:colcon.colcon_core.shell:Creating prefix chain script '/home/brunameinberg/Desktop/UGV-Embrapa-autonomous/ugv_embrapa_ws/install/setup.bash'
[1.161s] INFO:colcon.colcon_core.shell:Creating prefix script '/home/brunameinberg/Desktop/UGV-Embrapa-autonomous/ugv_embrapa_ws/install/local_setup.zsh'
[1.162s] INFO:colcon.colcon_core.shell:Creating prefix chain script '/home/brunameinberg/Desktop/UGV-Embrapa-autonomous/ugv_embrapa_ws/install/setup.zsh'
