[0.381s] Invoking command in '/home/brunameinberg/Desktop/UGV-Embrapa-autonomous/ugv_embrapa_ws/src/osr_control': AMENT_PREFIX_PATH=/home/brunameinberg/Desktop/UGV-Embrapa-autonomous/ugv_embrapa_ws/src/install/osr_interfaces:${AMENT_PREFIX_PATH} CMAKE_PREFIX_PATH=/home/brunameinberg/Desktop/UGV-Embrapa-autonomous/ugv_embrapa_ws/src/install/osr_interfaces LD_LIBRARY_PATH=/home/brunameinberg/Desktop/UGV-Embrapa-autonomous/ugv_embrapa_ws/src/install/osr_interfaces/lib:${LD_LIBRARY_PATH} PYTHONPATH=/home/brunameinberg/Desktop/UGV-Embrapa-autonomous/ugv_embrapa_ws/src/build/osr_control/prefix_override:/usr/lib/python3/dist-packages/colcon_core/task/python/colcon_distutils_commands:/home/brunameinberg/Desktop/UGV-Embrapa-autonomous/ugv_embrapa_ws/src/install/osr_control/lib/python3.10/site-packages:/home/brunameinberg/Desktop/UGV-Embrapa-autonomous/ugv_embrapa_ws/src/install/osr_interfaces/local/lib/python3.10/dist-packages:${PYTHONPATH} /usr/bin/python3 -W ignore:setup.py install is deprecated -W ignore:easy_install command is deprecated setup.py egg_info --egg-base ../build/osr_control build --build-base /home/brunameinberg/Desktop/UGV-Embrapa-autonomous/ugv_embrapa_ws/src/build/osr_control/build install --record /home/brunameinberg/Desktop/UGV-Embrapa-autonomous/ugv_embrapa_ws/src/build/osr_control/install.log --install-scripts $base/lib/osr_control --single-version-externally-managed install_data
[0.521s] /usr/lib/python3/dist-packages/setuptools/dist.py:723: UserWarning: Usage of dash-separated 'script-dir' will not be supported in future versions. Please use the underscore name 'script_dir' instead
[0.521s]   warnings.warn(
[0.527s] running egg_info
[0.527s] creating ../build/osr_control/osr_control.egg-info
[0.527s] writing ../build/osr_control/osr_control.egg-info/PKG-INFO
[0.527s] writing dependency_links to ../build/osr_control/osr_control.egg-info/dependency_links.txt
[0.527s] writing entry points to ../build/osr_control/osr_control.egg-info/entry_points.txt
[0.527s] writing requirements to ../build/osr_control/osr_control.egg-info/requires.txt
[0.528s] writing top-level names to ../build/osr_control/osr_control.egg-info/top_level.txt
[0.528s] writing manifest file '../build/osr_control/osr_control.egg-info/SOURCES.txt'
[0.529s] reading manifest file '../build/osr_control/osr_control.egg-info/SOURCES.txt'
[0.529s] writing manifest file '../build/osr_control/osr_control.egg-info/SOURCES.txt'
[0.529s] running build
[0.529s] running build_py
[0.530s] creating /home/brunameinberg/Desktop/UGV-Embrapa-autonomous/ugv_embrapa_ws/src/build/osr_control/build
[0.530s] creating /home/brunameinberg/Desktop/UGV-Embrapa-autonomous/ugv_embrapa_ws/src/build/osr_control/build/lib
[0.530s] creating /home/brunameinberg/Desktop/UGV-Embrapa-autonomous/ugv_embrapa_ws/src/build/osr_control/build/lib/osr_control
[0.530s] copying osr_control/__init__.py -> /home/brunameinberg/Desktop/UGV-Embrapa-autonomous/ugv_embrapa_ws/src/build/osr_control/build/lib/osr_control
[0.530s] copying osr_control/ina_260_pub.py -> /home/brunameinberg/Desktop/UGV-Embrapa-autonomous/ugv_embrapa_ws/src/build/osr_control/build/lib/osr_control
[0.530s] copying osr_control/joy_extras.py -> /home/brunameinberg/Desktop/UGV-Embrapa-autonomous/ugv_embrapa_ws/src/build/osr_control/build/lib/osr_control
[0.530s] copying osr_control/roboclaw.py -> /home/brunameinberg/Desktop/UGV-Embrapa-autonomous/ugv_embrapa_ws/src/build/osr_control/build/lib/osr_control
[0.530s] copying osr_control/roboclaw_wrapper.py -> /home/brunameinberg/Desktop/UGV-Embrapa-autonomous/ugv_embrapa_ws/src/build/osr_control/build/lib/osr_control
[0.530s] copying osr_control/rover.py -> /home/brunameinberg/Desktop/UGV-Embrapa-autonomous/ugv_embrapa_ws/src/build/osr_control/build/lib/osr_control
[0.530s] copying osr_control/servo_control.py -> /home/brunameinberg/Desktop/UGV-Embrapa-autonomous/ugv_embrapa_ws/src/build/osr_control/build/lib/osr_control
[0.530s] copying osr_control/roboclaw_wrapper_nomiddle.py -> /home/brunameinberg/Desktop/UGV-Embrapa-autonomous/ugv_embrapa_ws/src/build/osr_control/build/lib/osr_control
[0.530s] copying osr_control/rover_nomiddle.py -> /home/brunameinberg/Desktop/UGV-Embrapa-autonomous/ugv_embrapa_ws/src/build/osr_control/build/lib/osr_control
[0.530s] running install
[0.531s] running install_lib
[0.531s] creating /home/brunameinberg/Desktop/UGV-Embrapa-autonomous/ugv_embrapa_ws/src/install/osr_control/lib/python3.10/site-packages/osr_control
[0.531s] copying /home/brunameinberg/Desktop/UGV-Embrapa-autonomous/ugv_embrapa_ws/src/build/osr_control/build/lib/osr_control/__init__.py -> /home/brunameinberg/Desktop/UGV-Embrapa-autonomous/ugv_embrapa_ws/src/install/osr_control/lib/python3.10/site-packages/osr_control
[0.531s] copying /home/brunameinberg/Desktop/UGV-Embrapa-autonomous/ugv_embrapa_ws/src/build/osr_control/build/lib/osr_control/ina_260_pub.py -> /home/brunameinberg/Desktop/UGV-Embrapa-autonomous/ugv_embrapa_ws/src/install/osr_control/lib/python3.10/site-packages/osr_control
[0.531s] copying /home/brunameinberg/Desktop/UGV-Embrapa-autonomous/ugv_embrapa_ws/src/build/osr_control/build/lib/osr_control/joy_extras.py -> /home/brunameinberg/Desktop/UGV-Embrapa-autonomous/ugv_embrapa_ws/src/install/osr_control/lib/python3.10/site-packages/osr_control
[0.532s] copying /home/brunameinberg/Desktop/UGV-Embrapa-autonomous/ugv_embrapa_ws/src/build/osr_control/build/lib/osr_control/roboclaw.py -> /home/brunameinberg/Desktop/UGV-Embrapa-autonomous/ugv_embrapa_ws/src/install/osr_control/lib/python3.10/site-packages/osr_control
[0.532s] copying /home/brunameinberg/Desktop/UGV-Embrapa-autonomous/ugv_embrapa_ws/src/build/osr_control/build/lib/osr_control/roboclaw_wrapper.py -> /home/brunameinberg/Desktop/UGV-Embrapa-autonomous/ugv_embrapa_ws/src/install/osr_control/lib/python3.10/site-packages/osr_control
[0.532s] copying /home/brunameinberg/Desktop/UGV-Embrapa-autonomous/ugv_embrapa_ws/src/build/osr_control/build/lib/osr_control/rover.py -> /home/brunameinberg/Desktop/UGV-Embrapa-autonomous/ugv_embrapa_ws/src/install/osr_control/lib/python3.10/site-packages/osr_control
[0.532s] copying /home/brunameinberg/Desktop/UGV-Embrapa-autonomous/ugv_embrapa_ws/src/build/osr_control/build/lib/osr_control/servo_control.py -> /home/brunameinberg/Desktop/UGV-Embrapa-autonomous/ugv_embrapa_ws/src/install/osr_control/lib/python3.10/site-packages/osr_control
[0.532s] copying /home/brunameinberg/Desktop/UGV-Embrapa-autonomous/ugv_embrapa_ws/src/build/osr_control/build/lib/osr_control/roboclaw_wrapper_nomiddle.py -> /home/brunameinberg/Desktop/UGV-Embrapa-autonomous/ugv_embrapa_ws/src/install/osr_control/lib/python3.10/site-packages/osr_control
[0.532s] copying /home/brunameinberg/Desktop/UGV-Embrapa-autonomous/ugv_embrapa_ws/src/build/osr_control/build/lib/osr_control/rover_nomiddle.py -> /home/brunameinberg/Desktop/UGV-Embrapa-autonomous/ugv_embrapa_ws/src/install/osr_control/lib/python3.10/site-packages/osr_control
[0.532s] byte-compiling /home/brunameinberg/Desktop/UGV-Embrapa-autonomous/ugv_embrapa_ws/src/install/osr_control/lib/python3.10/site-packages/osr_control/__init__.py to __init__.cpython-310.pyc
[0.532s] byte-compiling /home/brunameinberg/Desktop/UGV-Embrapa-autonomous/ugv_embrapa_ws/src/install/osr_control/lib/python3.10/site-packages/osr_control/ina_260_pub.py to ina_260_pub.cpython-310.pyc
[0.533s] byte-compiling /home/brunameinberg/Desktop/UGV-Embrapa-autonomous/ugv_embrapa_ws/src/install/osr_control/lib/python3.10/site-packages/osr_control/joy_extras.py to joy_extras.cpython-310.pyc
[0.533s] byte-compiling /home/brunameinberg/Desktop/UGV-Embrapa-autonomous/ugv_embrapa_ws/src/install/osr_control/lib/python3.10/site-packages/osr_control/roboclaw.py to roboclaw.cpython-310.pyc
[0.540s] byte-compiling /home/brunameinberg/Desktop/UGV-Embrapa-autonomous/ugv_embrapa_ws/src/install/osr_control/lib/python3.10/site-packages/osr_control/roboclaw_wrapper.py to roboclaw_wrapper.cpython-310.pyc
[0.542s] byte-compiling /home/brunameinberg/Desktop/UGV-Embrapa-autonomous/ugv_embrapa_ws/src/install/osr_control/lib/python3.10/site-packages/osr_control/rover.py to rover.cpython-310.pyc
[0.543s] byte-compiling /home/brunameinberg/Desktop/UGV-Embrapa-autonomous/ugv_embrapa_ws/src/install/osr_control/lib/python3.10/site-packages/osr_control/servo_control.py to servo_control.cpython-310.pyc
[0.544s] byte-compiling /home/brunameinberg/Desktop/UGV-Embrapa-autonomous/ugv_embrapa_ws/src/install/osr_control/lib/python3.10/site-packages/osr_control/roboclaw_wrapper_nomiddle.py to roboclaw_wrapper_nomiddle.cpython-310.pyc
[0.545s] byte-compiling /home/brunameinberg/Desktop/UGV-Embrapa-autonomous/ugv_embrapa_ws/src/install/osr_control/lib/python3.10/site-packages/osr_control/rover_nomiddle.py to rover_nomiddle.cpython-310.pyc
[0.547s] running install_data
[0.547s] creating /home/brunameinberg/Desktop/UGV-Embrapa-autonomous/ugv_embrapa_ws/src/install/osr_control/share/ament_index
[0.547s] creating /home/brunameinberg/Desktop/UGV-Embrapa-autonomous/ugv_embrapa_ws/src/install/osr_control/share/ament_index/resource_index
[0.547s] creating /home/brunameinberg/Desktop/UGV-Embrapa-autonomous/ugv_embrapa_ws/src/install/osr_control/share/ament_index/resource_index/packages
[0.547s] copying resource/osr_control -> /home/brunameinberg/Desktop/UGV-Embrapa-autonomous/ugv_embrapa_ws/src/install/osr_control/share/ament_index/resource_index/packages
[0.547s] copying package.xml -> /home/brunameinberg/Desktop/UGV-Embrapa-autonomous/ugv_embrapa_ws/src/install/osr_control/share/osr_control
[0.547s] creating /home/brunameinberg/Desktop/UGV-Embrapa-autonomous/ugv_embrapa_ws/src/install/osr_control/share/osr_control/launch
[0.547s] creating /home/brunameinberg/Desktop/UGV-Embrapa-autonomous/ugv_embrapa_ws/src/install/osr_control/share/osr_control/config
[0.547s] running install_egg_info
[0.548s] Copying ../build/osr_control/osr_control.egg-info to /home/brunameinberg/Desktop/UGV-Embrapa-autonomous/ugv_embrapa_ws/src/install/osr_control/lib/python3.10/site-packages/osr_control-0.0.0-py3.10.egg-info
[0.549s] running install_scripts
[0.562s] Installing ina260 script to /home/brunameinberg/Desktop/UGV-Embrapa-autonomous/ugv_embrapa_ws/src/install/osr_control/lib/osr_control
[0.562s] Installing joy_extras script to /home/brunameinberg/Desktop/UGV-Embrapa-autonomous/ugv_embrapa_ws/src/install/osr_control/lib/osr_control
[0.562s] Installing roboclaw_wrapper script to /home/brunameinberg/Desktop/UGV-Embrapa-autonomous/ugv_embrapa_ws/src/install/osr_control/lib/osr_control
[0.562s] Installing roboclaw_wrapper_nm script to /home/brunameinberg/Desktop/UGV-Embrapa-autonomous/ugv_embrapa_ws/src/install/osr_control/lib/osr_control
[0.562s] Installing rover script to /home/brunameinberg/Desktop/UGV-Embrapa-autonomous/ugv_embrapa_ws/src/install/osr_control/lib/osr_control
[0.563s] Installing rover_nm script to /home/brunameinberg/Desktop/UGV-Embrapa-autonomous/ugv_embrapa_ws/src/install/osr_control/lib/osr_control
[0.563s] Installing servo_control script to /home/brunameinberg/Desktop/UGV-Embrapa-autonomous/ugv_embrapa_ws/src/install/osr_control/lib/osr_control
[0.563s] writing list of installed files to '/home/brunameinberg/Desktop/UGV-Embrapa-autonomous/ugv_embrapa_ws/src/build/osr_control/install.log'
[0.583s] Invoked command in '/home/brunameinberg/Desktop/UGV-Embrapa-autonomous/ugv_embrapa_ws/src/osr_control' returned '0': AMENT_PREFIX_PATH=/home/brunameinberg/Desktop/UGV-Embrapa-autonomous/ugv_embrapa_ws/src/install/osr_interfaces:${AMENT_PREFIX_PATH} CMAKE_PREFIX_PATH=/home/brunameinberg/Desktop/UGV-Embrapa-autonomous/ugv_embrapa_ws/src/install/osr_interfaces LD_LIBRARY_PATH=/home/brunameinberg/Desktop/UGV-Embrapa-autonomous/ugv_embrapa_ws/src/install/osr_interfaces/lib:${LD_LIBRARY_PATH} PYTHONPATH=/home/brunameinberg/Desktop/UGV-Embrapa-autonomous/ugv_embrapa_ws/src/build/osr_control/prefix_override:/usr/lib/python3/dist-packages/colcon_core/task/python/colcon_distutils_commands:/home/brunameinberg/Desktop/UGV-Embrapa-autonomous/ugv_embrapa_ws/src/install/osr_control/lib/python3.10/site-packages:/home/brunameinberg/Desktop/UGV-Embrapa-autonomous/ugv_embrapa_ws/src/install/osr_interfaces/local/lib/python3.10/dist-packages:${PYTHONPATH} /usr/bin/python3 -W ignore:setup.py install is deprecated -W ignore:easy_install command is deprecated setup.py egg_info --egg-base ../build/osr_control build --build-base /home/brunameinberg/Desktop/UGV-Embrapa-autonomous/ugv_embrapa_ws/src/build/osr_control/build install --record /home/brunameinberg/Desktop/UGV-Embrapa-autonomous/ugv_embrapa_ws/src/build/osr_control/install.log --install-scripts $base/lib/osr_control --single-version-externally-managed install_data
