[0.396s] Invoking command in '/home/brunameinberg/Desktop/UGV-Embrapa-autonomous/ugv_embrapa_ws/src/osr_control': PYTHONPATH=/home/brunameinberg/Desktop/UGV-Embrapa-autonomous/ugv_embrapa_ws/build/osr_control/prefix_override:/usr/lib/python3/dist-packages/colcon_core/task/python/colcon_distutils_commands:/home/brunameinberg/Desktop/UGV-Embrapa-autonomous/ugv_embrapa_ws/install/osr_control/lib/python3.10/site-packages:${PYTHONPATH} /usr/bin/python3 -W ignore:setup.py install is deprecated -W ignore:easy_install command is deprecated setup.py egg_info --egg-base ../../build/osr_control build --build-base /home/brunameinberg/Desktop/UGV-Embrapa-autonomous/ugv_embrapa_ws/build/osr_control/build install --record /home/brunameinberg/Desktop/UGV-Embrapa-autonomous/ugv_embrapa_ws/build/osr_control/install.log --install-scripts $base/lib/osr_control --single-version-externally-managed install_data
[0.534s] /usr/lib/python3/dist-packages/setuptools/dist.py:723: UserWarning: Usage of dash-separated 'script-dir' will not be supported in future versions. Please use the underscore name 'script_dir' instead
[0.534s]   warnings.warn(
[0.539s] running egg_info
[0.540s] writing ../../build/osr_control/osr_control.egg-info/PKG-INFO
[0.540s] writing dependency_links to ../../build/osr_control/osr_control.egg-info/dependency_links.txt
[0.540s] writing entry points to ../../build/osr_control/osr_control.egg-info/entry_points.txt
[0.540s] writing requirements to ../../build/osr_control/osr_control.egg-info/requires.txt
[0.540s] writing top-level names to ../../build/osr_control/osr_control.egg-info/top_level.txt
[0.541s] reading manifest file '../../build/osr_control/osr_control.egg-info/SOURCES.txt'
[0.542s] writing manifest file '../../build/osr_control/osr_control.egg-info/SOURCES.txt'
[0.542s] running build
[0.542s] running build_py
[0.542s] running install
[0.543s] running install_lib
[0.544s] running install_data
[0.544s] running install_egg_info
[0.545s] removing '/home/brunameinberg/Desktop/UGV-Embrapa-autonomous/ugv_embrapa_ws/install/osr_control/lib/python3.10/site-packages/osr_control-0.0.0-py3.10.egg-info' (and everything under it)
[0.545s] Copying ../../build/osr_control/osr_control.egg-info to /home/brunameinberg/Desktop/UGV-Embrapa-autonomous/ugv_embrapa_ws/install/osr_control/lib/python3.10/site-packages/osr_control-0.0.0-py3.10.egg-info
[0.546s] running install_scripts
[0.558s] Installing ina260 script to /home/brunameinberg/Desktop/UGV-Embrapa-autonomous/ugv_embrapa_ws/install/osr_control/lib/osr_control
[0.558s] Installing joy_extras script to /home/brunameinberg/Desktop/UGV-Embrapa-autonomous/ugv_embrapa_ws/install/osr_control/lib/osr_control
[0.559s] Installing roboclaw_wrapper script to /home/brunameinberg/Desktop/UGV-Embrapa-autonomous/ugv_embrapa_ws/install/osr_control/lib/osr_control
[0.559s] Installing roboclaw_wrapper_nm script to /home/brunameinberg/Desktop/UGV-Embrapa-autonomous/ugv_embrapa_ws/install/osr_control/lib/osr_control
[0.559s] Installing rover script to /home/brunameinberg/Desktop/UGV-Embrapa-autonomous/ugv_embrapa_ws/install/osr_control/lib/osr_control
[0.559s] Installing rover_nm script to /home/brunameinberg/Desktop/UGV-Embrapa-autonomous/ugv_embrapa_ws/install/osr_control/lib/osr_control
[0.559s] Installing servo_control script to /home/brunameinberg/Desktop/UGV-Embrapa-autonomous/ugv_embrapa_ws/install/osr_control/lib/osr_control
[0.559s] writing list of installed files to '/home/brunameinberg/Desktop/UGV-Embrapa-autonomous/ugv_embrapa_ws/build/osr_control/install.log'
[0.575s] Invoked command in '/home/brunameinberg/Desktop/UGV-Embrapa-autonomous/ugv_embrapa_ws/src/osr_control' returned '0': PYTHONPATH=/home/brunameinberg/Desktop/UGV-Embrapa-autonomous/ugv_embrapa_ws/build/osr_control/prefix_override:/usr/lib/python3/dist-packages/colcon_core/task/python/colcon_distutils_commands:/home/brunameinberg/Desktop/UGV-Embrapa-autonomous/ugv_embrapa_ws/install/osr_control/lib/python3.10/site-packages:${PYTHONPATH} /usr/bin/python3 -W ignore:setup.py install is deprecated -W ignore:easy_install command is deprecated setup.py egg_info --egg-base ../../build/osr_control build --build-base /home/brunameinberg/Desktop/UGV-Embrapa-autonomous/ugv_embrapa_ws/build/osr_control/build install --record /home/brunameinberg/Desktop/UGV-Embrapa-autonomous/ugv_embrapa_ws/build/osr_control/install.log --install-scripts $base/lib/osr_control --single-version-externally-managed install_data
