[0.012s] Invoking command in '/home/brunameinberg/Desktop/UGV-Embrapa-autonomous/ugv_embrapa_ws/src/build/osr_interfaces': CMAKE_PREFIX_PATH=/opt/ros/humble /usr/bin/cmake /home/brunameinberg/Desktop/UGV-Embrapa-autonomous/ugv_embrapa_ws/src/osr_interfaces -DCMAKE_INSTALL_PREFIX=/home/brunameinberg/Desktop/UGV-Embrapa-autonomous/ugv_embrapa_ws/src/install/osr_interfaces
[0.179s] -- The C compiler identification is GNU 11.4.0
[0.180s] -- The CXX compiler identification is GNU 11.4.0
[0.180s] -- Detecting C compiler ABI info
[0.180s] -- Detecting C compiler ABI info - done
[0.181s] -- Check for working C compiler: /usr/bin/cc - skipped
[0.181s] -- Detecting C compile features
[0.181s] -- Detecting C compile features - done
[0.181s] -- Detecting CXX compiler ABI info
[0.199s] -- Detecting CXX compiler ABI info - done
[0.206s] -- Check for working CXX compiler: /usr/bin/c++ - skipped
[0.206s] -- Detecting CXX compile features
[0.207s] -- Detecting CXX compile features - done
[0.209s] -- Found ament_cmake: 1.3.11 (/opt/ros/humble/share/ament_cmake/cmake)
[0.324s] -- Found Python3: /usr/bin/python3 (found version "3.10.12") found components: Interpreter 
[0.404s] -- Found rosidl_default_generators: 1.2.0 (/opt/ros/humble/share/rosidl_default_generators/cmake)
[0.407s] -- Using all available rosidl_typesupport_c: rosidl_typesupport_fastrtps_c;rosidl_typesupport_introspection_c
[0.412s] -- Found rosidl_adapter: 3.1.6 (/opt/ros/humble/share/rosidl_adapter/cmake)
[0.449s] -- Using all available rosidl_typesupport_cpp: rosidl_typesupport_fastrtps_cpp;rosidl_typesupport_introspection_cpp
[0.660s] -- Found ament_cmake_ros: 0.10.0 (/opt/ros/humble/share/ament_cmake_ros/cmake)
[0.781s] -- Using all available rosidl_typesupport_c: rosidl_typesupport_fastrtps_c;rosidl_typesupport_introspection_c
[0.938s] -- Using all available rosidl_typesupport_cpp: rosidl_typesupport_fastrtps_cpp;rosidl_typesupport_introspection_cpp
[0.952s] -- Found PythonInterp: /usr/bin/python3 (found suitable version "3.10.12", minimum required is "3.6") 
[0.953s] -- Found python_cmake_module: 0.10.0 (/opt/ros/humble/share/python_cmake_module/cmake)
[0.969s] -- Found PythonLibs: /usr/lib/x86_64-linux-gnu/libpython3.10.so (found suitable version "3.10.12", minimum required is "3.5") 
[0.969s] -- Using PYTHON_EXECUTABLE: /usr/bin/python3
[0.969s] -- Using PYTHON_INCLUDE_DIRS: /usr/include/python3.10
[0.969s] -- Using PYTHON_LIBRARIES: /usr/lib/x86_64-linux-gnu/libpython3.10.so
[0.983s] -- Found PythonExtra: .so  
[1.003s] -- Found ament_lint_auto: 0.12.11 (/opt/ros/humble/share/ament_lint_auto/cmake)
[1.014s] -- Added test 'copyright' to check source files copyright and LICENSE
[1.015s] -- Added test 'lint_cmake' to check CMake code style
[1.015s] -- Added test 'xmllint' to check XML markup files
[1.017s] -- Configuring done
[1.050s] -- Generating done
[1.062s] -- Build files have been written to: /home/brunameinberg/Desktop/UGV-Embrapa-autonomous/ugv_embrapa_ws/src/build/osr_interfaces
[1.072s] Invoked command in '/home/brunameinberg/Desktop/UGV-Embrapa-autonomous/ugv_embrapa_ws/src/build/osr_interfaces' returned '0': CMAKE_PREFIX_PATH=/opt/ros/humble /usr/bin/cmake /home/brunameinberg/Desktop/UGV-Embrapa-autonomous/ugv_embrapa_ws/src/osr_interfaces -DCMAKE_INSTALL_PREFIX=/home/brunameinberg/Desktop/UGV-Embrapa-autonomous/ugv_embrapa_ws/src/install/osr_interfaces
[1.073s] Invoking command in '/home/brunameinberg/Desktop/UGV-Embrapa-autonomous/ugv_embrapa_ws/src/build/osr_interfaces': CMAKE_PREFIX_PATH=/opt/ros/humble /usr/bin/cmake --build /home/brunameinberg/Desktop/UGV-Embrapa-autonomous/ugv_embrapa_ws/src/build/osr_interfaces -- -j8 -l8
[1.102s] [  2%] [34m[1mGenerating C code for ROS interfaces[0m
[1.108s] [  4%] [34m[1mGenerating C++ code for ROS interfaces[0m
[1.113s] [  4%] Built target ament_cmake_python_copy_osr_interfaces
[1.266s] running egg_info
[1.267s] creating osr_interfaces.egg-info
[1.267s] writing osr_interfaces.egg-info/PKG-INFO
[1.267s] writing dependency_links to osr_interfaces.egg-info/dependency_links.txt
[1.267s] writing top-level names to osr_interfaces.egg-info/top_level.txt
[1.267s] writing manifest file 'osr_interfaces.egg-info/SOURCES.txt'
[1.269s] reading manifest file 'osr_interfaces.egg-info/SOURCES.txt'
[1.269s] writing manifest file 'osr_interfaces.egg-info/SOURCES.txt'
[1.289s] [  4%] Built target ament_cmake_python_build_osr_interfaces_egg
[1.434s] [ 10%] [32mBuilding C object CMakeFiles/osr_interfaces__rosidl_generator_c.dir/rosidl_generator_c/osr_interfaces/msg/detail/command_corner__functions.c.o[0m
[1.434s] [ 10%] [32mBuilding C object CMakeFiles/osr_interfaces__rosidl_generator_c.dir/rosidl_generator_c/osr_interfaces/msg/detail/command_drive__functions.c.o[0m
[1.434s] [ 10%] [32mBuilding C object CMakeFiles/osr_interfaces__rosidl_generator_c.dir/rosidl_generator_c/osr_interfaces/msg/detail/status__functions.c.o[0m
[1.435s] [ 10%] Built target osr_interfaces__cpp
[1.445s] [ 17%] [34m[1mGenerating C++ type support dispatch for ROS interfaces[0m
[1.445s] [ 17%] [34m[1mGenerating C++ type support for eProsima Fast-RTPS[0m
[1.445s] [ 17%] [34m[1mGenerating C++ introspection for ROS interfaces[0m
[1.479s] [ 19%] [32m[1mLinking C shared library libosr_interfaces__rosidl_generator_c.so[0m
[1.504s] [ 19%] Built target osr_interfaces__rosidl_generator_c
[1.511s] [ 21%] [34m[1mGenerating C introspection for ROS interfaces[0m
[1.513s] [ 25%] [34m[1mGenerating C type support dispatch for ROS interfaces[0m
[1.513s] [ 25%] [34m[1mGenerating C type support for eProsima Fast-RTPS[0m
[1.745s] [ 27%] [32mBuilding CXX object CMakeFiles/osr_interfaces__rosidl_typesupport_fastrtps_cpp.dir/rosidl_typesupport_fastrtps_cpp/osr_interfaces/msg/detail/dds_fastrtps/command_drive__type_support.cpp.o[0m
[1.745s] [ 29%] [32mBuilding CXX object CMakeFiles/osr_interfaces__rosidl_typesupport_fastrtps_cpp.dir/rosidl_typesupport_fastrtps_cpp/osr_interfaces/msg/detail/dds_fastrtps/status__type_support.cpp.o[0m
[1.749s] [ 31%] [32mBuilding CXX object CMakeFiles/osr_interfaces__rosidl_typesupport_fastrtps_cpp.dir/rosidl_typesupport_fastrtps_cpp/osr_interfaces/msg/detail/dds_fastrtps/command_corner__type_support.cpp.o[0m
[1.853s] [ 34%] [32mBuilding CXX object CMakeFiles/osr_interfaces__rosidl_typesupport_cpp.dir/rosidl_typesupport_cpp/osr_interfaces/msg/status__type_support.cpp.o[0m
[1.963s] [ 38%] [32mBuilding CXX object CMakeFiles/osr_interfaces__rosidl_typesupport_introspection_cpp.dir/rosidl_typesupport_introspection_cpp/osr_interfaces/msg/detail/status__type_support.cpp.o[0m
[1.966s] [ 38%] [32mBuilding CXX object CMakeFiles/osr_interfaces__rosidl_typesupport_c.dir/rosidl_typesupport_c/osr_interfaces/msg/status__type_support.cpp.o[0m
[2.009s] [ 40%] [32mBuilding CXX object CMakeFiles/osr_interfaces__rosidl_typesupport_c.dir/rosidl_typesupport_c/osr_interfaces/msg/command_drive__type_support.cpp.o[0m
[2.051s] [ 42%] [32mBuilding CXX object CMakeFiles/osr_interfaces__rosidl_typesupport_c.dir/rosidl_typesupport_c/osr_interfaces/msg/command_corner__type_support.cpp.o[0m
[2.068s] [ 44%] [32mBuilding C object CMakeFiles/osr_interfaces__rosidl_typesupport_introspection_c.dir/rosidl_typesupport_introspection_c/osr_interfaces/msg/detail/status__type_support.c.o[0m
[2.070s] [ 46%] [32mBuilding CXX object CMakeFiles/osr_interfaces__rosidl_typesupport_fastrtps_c.dir/rosidl_typesupport_fastrtps_c/osr_interfaces/msg/detail/status__type_support_c.cpp.o[0m
[2.093s] [ 48%] [32m[1mLinking CXX shared library libosr_interfaces__rosidl_typesupport_c.so[0m
[2.136s] [ 51%] [32mBuilding C object CMakeFiles/osr_interfaces__rosidl_typesupport_introspection_c.dir/rosidl_typesupport_introspection_c/osr_interfaces/msg/detail/command_drive__type_support.c.o[0m
[2.173s] [ 51%] Built target osr_interfaces__rosidl_typesupport_c
[2.184s] [ 53%] [32mBuilding CXX object CMakeFiles/osr_interfaces__rosidl_typesupport_cpp.dir/rosidl_typesupport_cpp/osr_interfaces/msg/command_drive__type_support.cpp.o[0m
[2.186s] [ 55%] [32mBuilding CXX object CMakeFiles/osr_interfaces__rosidl_typesupport_cpp.dir/rosidl_typesupport_cpp/osr_interfaces/msg/command_corner__type_support.cpp.o[0m
[2.187s] [ 57%] [32mBuilding C object CMakeFiles/osr_interfaces__rosidl_typesupport_introspection_c.dir/rosidl_typesupport_introspection_c/osr_interfaces/msg/detail/command_corner__type_support.c.o[0m
[2.195s] [ 59%] [32mBuilding CXX object CMakeFiles/osr_interfaces__rosidl_typesupport_introspection_cpp.dir/rosidl_typesupport_introspection_cpp/osr_interfaces/msg/detail/command_drive__type_support.cpp.o[0m
[2.202s] [ 61%] [32mBuilding CXX object CMakeFiles/osr_interfaces__rosidl_typesupport_introspection_cpp.dir/rosidl_typesupport_introspection_cpp/osr_interfaces/msg/detail/command_corner__type_support.cpp.o[0m
[2.212s] [ 63%] [32m[1mLinking CXX shared library libosr_interfaces__rosidl_typesupport_fastrtps_cpp.so[0m
[2.222s] [ 65%] [32m[1mLinking C shared library libosr_interfaces__rosidl_typesupport_introspection_c.so[0m
[2.298s] [ 65%] Built target osr_interfaces__rosidl_typesupport_introspection_c
[2.298s] [ 65%] Built target osr_interfaces__rosidl_typesupport_fastrtps_cpp
[2.308s] [ 68%] [32mBuilding CXX object CMakeFiles/osr_interfaces__rosidl_typesupport_fastrtps_c.dir/rosidl_typesupport_fastrtps_c/osr_interfaces/msg/detail/command_corner__type_support_c.cpp.o[0m
[2.313s] [ 70%] [32mBuilding CXX object CMakeFiles/osr_interfaces__rosidl_typesupport_fastrtps_c.dir/rosidl_typesupport_fastrtps_c/osr_interfaces/msg/detail/command_drive__type_support_c.cpp.o[0m
[2.477s] [ 72%] [32m[1mLinking CXX shared library libosr_interfaces__rosidl_typesupport_cpp.so[0m
[2.530s] [ 72%] Built target osr_interfaces__rosidl_typesupport_cpp
[2.603s] [ 74%] [32m[1mLinking CXX shared library libosr_interfaces__rosidl_typesupport_introspection_cpp.so[0m
[2.657s] [ 74%] Built target osr_interfaces__rosidl_typesupport_introspection_cpp
[2.678s] [ 76%] [32m[1mLinking CXX shared library libosr_interfaces__rosidl_typesupport_fastrtps_c.so[0m
[2.725s] [ 76%] Built target osr_interfaces__rosidl_typesupport_fastrtps_c
[2.738s] [ 76%] Built target osr_interfaces
[2.751s] [ 78%] [34m[1mGenerating Python code for ROS interfaces[0m
[3.162s] [ 78%] Built target osr_interfaces__py
[3.174s] [ 85%] [32mBuilding C object CMakeFiles/osr_interfaces__rosidl_generator_py.dir/rosidl_generator_py/osr_interfaces/msg/_status_s.c.o[0m
[3.175s] [ 85%] [32mBuilding C object CMakeFiles/osr_interfaces__rosidl_generator_py.dir/rosidl_generator_py/osr_interfaces/msg/_command_corner_s.c.o[0m
[3.175s] [ 85%] [32mBuilding C object CMakeFiles/osr_interfaces__rosidl_generator_py.dir/rosidl_generator_py/osr_interfaces/msg/_command_drive_s.c.o[0m
[3.247s] [ 87%] [32m[1mLinking C shared library rosidl_generator_py/osr_interfaces/libosr_interfaces__rosidl_generator_py.so[0m
[3.273s] [ 87%] Built target osr_interfaces__rosidl_generator_py
[3.286s] [ 93%] [32mBuilding C object CMakeFiles/osr_interfaces__rosidl_typesupport_c__pyext.dir/rosidl_generator_py/osr_interfaces/_osr_interfaces_s.ep.rosidl_typesupport_c.c.o[0m
[3.286s] [ 93%] [32mBuilding C object CMakeFiles/osr_interfaces__rosidl_typesupport_fastrtps_c__pyext.dir/rosidl_generator_py/osr_interfaces/_osr_interfaces_s.ep.rosidl_typesupport_fastrtps_c.c.o[0m
[3.286s] [ 93%] [32mBuilding C object CMakeFiles/osr_interfaces__rosidl_typesupport_introspection_c__pyext.dir/rosidl_generator_py/osr_interfaces/_osr_interfaces_s.ep.rosidl_typesupport_introspection_c.c.o[0m
[3.349s] [ 97%] [32m[1mLinking C shared library rosidl_generator_py/osr_interfaces/osr_interfaces_s__rosidl_typesupport_introspection_c.cpython-310-x86_64-linux-gnu.so[0m
[3.349s] [ 97%] [32m[1mLinking C shared library rosidl_generator_py/osr_interfaces/osr_interfaces_s__rosidl_typesupport_c.cpython-310-x86_64-linux-gnu.so[0m
[3.354s] [100%] [32m[1mLinking C shared library rosidl_generator_py/osr_interfaces/osr_interfaces_s__rosidl_typesupport_fastrtps_c.cpython-310-x86_64-linux-gnu.so[0m
[3.371s] [100%] Built target osr_interfaces__rosidl_typesupport_introspection_c__pyext
[3.371s] [100%] Built target osr_interfaces__rosidl_typesupport_c__pyext
[3.377s] [100%] Built target osr_interfaces__rosidl_typesupport_fastrtps_c__pyext
[3.385s] Invoked command in '/home/brunameinberg/Desktop/UGV-Embrapa-autonomous/ugv_embrapa_ws/src/build/osr_interfaces' returned '0': CMAKE_PREFIX_PATH=/opt/ros/humble /usr/bin/cmake --build /home/brunameinberg/Desktop/UGV-Embrapa-autonomous/ugv_embrapa_ws/src/build/osr_interfaces -- -j8 -l8
[3.386s] Invoking command in '/home/brunameinberg/Desktop/UGV-Embrapa-autonomous/ugv_embrapa_ws/src/build/osr_interfaces': CMAKE_PREFIX_PATH=/opt/ros/humble /usr/bin/cmake --install /home/brunameinberg/Desktop/UGV-Embrapa-autonomous/ugv_embrapa_ws/src/build/osr_interfaces
[3.392s] -- Install configuration: ""
[3.392s] -- Installing: /home/brunameinberg/Desktop/UGV-Embrapa-autonomous/ugv_embrapa_ws/src/install/osr_interfaces/share/ament_index/resource_index/rosidl_interfaces/osr_interfaces
[3.392s] -- Installing: /home/brunameinberg/Desktop/UGV-Embrapa-autonomous/ugv_embrapa_ws/src/install/osr_interfaces/include/osr_interfaces/osr_interfaces
[3.392s] -- Installing: /home/brunameinberg/Desktop/UGV-Embrapa-autonomous/ugv_embrapa_ws/src/install/osr_interfaces/include/osr_interfaces/osr_interfaces/msg
[3.392s] -- Installing: /home/brunameinberg/Desktop/UGV-Embrapa-autonomous/ugv_embrapa_ws/src/install/osr_interfaces/include/osr_interfaces/osr_interfaces/msg/rosidl_generator_c__visibility_control.h
[3.392s] -- Installing: /home/brunameinberg/Desktop/UGV-Embrapa-autonomous/ugv_embrapa_ws/src/install/osr_interfaces/include/osr_interfaces/osr_interfaces/msg/status.h
[3.392s] -- Installing: /home/brunameinberg/Desktop/UGV-Embrapa-autonomous/ugv_embrapa_ws/src/install/osr_interfaces/include/osr_interfaces/osr_interfaces/msg/detail
[3.392s] -- Installing: /home/brunameinberg/Desktop/UGV-Embrapa-autonomous/ugv_embrapa_ws/src/install/osr_interfaces/include/osr_interfaces/osr_interfaces/msg/detail/status__functions.c
[3.392s] -- Installing: /home/brunameinberg/Desktop/UGV-Embrapa-autonomous/ugv_embrapa_ws/src/install/osr_interfaces/include/osr_interfaces/osr_interfaces/msg/detail/status__functions.h
[3.393s] -- Installing: /home/brunameinberg/Desktop/UGV-Embrapa-autonomous/ugv_embrapa_ws/src/install/osr_interfaces/include/osr_interfaces/osr_interfaces/msg/detail/status__struct.h
[3.393s] -- Installing: /home/brunameinberg/Desktop/UGV-Embrapa-autonomous/ugv_embrapa_ws/src/install/osr_interfaces/include/osr_interfaces/osr_interfaces/msg/detail/status__type_support.h
[3.393s] -- Installing: /home/brunameinberg/Desktop/UGV-Embrapa-autonomous/ugv_embrapa_ws/src/install/osr_interfaces/include/osr_interfaces/osr_interfaces/msg/detail/command_drive__functions.c
[3.393s] -- Installing: /home/brunameinberg/Desktop/UGV-Embrapa-autonomous/ugv_embrapa_ws/src/install/osr_interfaces/include/osr_interfaces/osr_interfaces/msg/detail/command_drive__functions.h
[3.393s] -- Installing: /home/brunameinberg/Desktop/UGV-Embrapa-autonomous/ugv_embrapa_ws/src/install/osr_interfaces/include/osr_interfaces/osr_interfaces/msg/detail/command_drive__struct.h
[3.393s] -- Installing: /home/brunameinberg/Desktop/UGV-Embrapa-autonomous/ugv_embrapa_ws/src/install/osr_interfaces/include/osr_interfaces/osr_interfaces/msg/detail/command_drive__type_support.h
[3.394s] -- Installing: /home/brunameinberg/Desktop/UGV-Embrapa-autonomous/ugv_embrapa_ws/src/install/osr_interfaces/include/osr_interfaces/osr_interfaces/msg/detail/command_corner__functions.c
[3.394s] -- Installing: /home/brunameinberg/Desktop/UGV-Embrapa-autonomous/ugv_embrapa_ws/src/install/osr_interfaces/include/osr_interfaces/osr_interfaces/msg/detail/command_corner__functions.h
[3.394s] -- Installing: /home/brunameinberg/Desktop/UGV-Embrapa-autonomous/ugv_embrapa_ws/src/install/osr_interfaces/include/osr_interfaces/osr_interfaces/msg/detail/command_corner__struct.h
[3.394s] -- Installing: /home/brunameinberg/Desktop/UGV-Embrapa-autonomous/ugv_embrapa_ws/src/install/osr_interfaces/include/osr_interfaces/osr_interfaces/msg/detail/command_corner__type_support.h
[3.394s] -- Installing: /home/brunameinberg/Desktop/UGV-Embrapa-autonomous/ugv_embrapa_ws/src/install/osr_interfaces/include/osr_interfaces/osr_interfaces/msg/command_drive.h
[3.394s] -- Installing: /home/brunameinberg/Desktop/UGV-Embrapa-autonomous/ugv_embrapa_ws/src/install/osr_interfaces/include/osr_interfaces/osr_interfaces/msg/command_corner.h
[3.394s] -- Installing: /home/brunameinberg/Desktop/UGV-Embrapa-autonomous/ugv_embrapa_ws/src/install/osr_interfaces/share/osr_interfaces/environment/library_path.sh
[3.395s] -- Installing: /home/brunameinberg/Desktop/UGV-Embrapa-autonomous/ugv_embrapa_ws/src/install/osr_interfaces/share/osr_interfaces/environment/library_path.dsv
[3.395s] -- Installing: /home/brunameinberg/Desktop/UGV-Embrapa-autonomous/ugv_embrapa_ws/src/install/osr_interfaces/lib/libosr_interfaces__rosidl_generator_c.so
[3.396s] -- Set runtime path of "/home/brunameinberg/Desktop/UGV-Embrapa-autonomous/ugv_embrapa_ws/src/install/osr_interfaces/lib/libosr_interfaces__rosidl_generator_c.so" to ""
[3.396s] -- Up-to-date: /home/brunameinberg/Desktop/UGV-Embrapa-autonomous/ugv_embrapa_ws/src/install/osr_interfaces/include/osr_interfaces/osr_interfaces
[3.396s] -- Up-to-date: /home/brunameinberg/Desktop/UGV-Embrapa-autonomous/ugv_embrapa_ws/src/install/osr_interfaces/include/osr_interfaces/osr_interfaces/msg
[3.396s] -- Installing: /home/brunameinberg/Desktop/UGV-Embrapa-autonomous/ugv_embrapa_ws/src/install/osr_interfaces/include/osr_interfaces/osr_interfaces/msg/rosidl_typesupport_fastrtps_c__visibility_control.h
[3.397s] -- Up-to-date: /home/brunameinberg/Desktop/UGV-Embrapa-autonomous/ugv_embrapa_ws/src/install/osr_interfaces/include/osr_interfaces/osr_interfaces/msg/detail
[3.397s] -- Installing: /home/brunameinberg/Desktop/UGV-Embrapa-autonomous/ugv_embrapa_ws/src/install/osr_interfaces/include/osr_interfaces/osr_interfaces/msg/detail/status__rosidl_typesupport_fastrtps_c.h
[3.397s] -- Installing: /home/brunameinberg/Desktop/UGV-Embrapa-autonomous/ugv_embrapa_ws/src/install/osr_interfaces/include/osr_interfaces/osr_interfaces/msg/detail/command_drive__rosidl_typesupport_fastrtps_c.h
[3.397s] -- Installing: /home/brunameinberg/Desktop/UGV-Embrapa-autonomous/ugv_embrapa_ws/src/install/osr_interfaces/include/osr_interfaces/osr_interfaces/msg/detail/command_corner__rosidl_typesupport_fastrtps_c.h
[3.397s] -- Installing: /home/brunameinberg/Desktop/UGV-Embrapa-autonomous/ugv_embrapa_ws/src/install/osr_interfaces/lib/libosr_interfaces__rosidl_typesupport_fastrtps_c.so
[3.398s] -- Set runtime path of "/home/brunameinberg/Desktop/UGV-Embrapa-autonomous/ugv_embrapa_ws/src/install/osr_interfaces/lib/libosr_interfaces__rosidl_typesupport_fastrtps_c.so" to ""
[3.398s] -- Up-to-date: /home/brunameinberg/Desktop/UGV-Embrapa-autonomous/ugv_embrapa_ws/src/install/osr_interfaces/include/osr_interfaces/osr_interfaces
[3.398s] -- Up-to-date: /home/brunameinberg/Desktop/UGV-Embrapa-autonomous/ugv_embrapa_ws/src/install/osr_interfaces/include/osr_interfaces/osr_interfaces/msg
[3.398s] -- Installing: /home/brunameinberg/Desktop/UGV-Embrapa-autonomous/ugv_embrapa_ws/src/install/osr_interfaces/include/osr_interfaces/osr_interfaces/msg/rosidl_typesupport_introspection_c__visibility_control.h
[3.398s] -- Up-to-date: /home/brunameinberg/Desktop/UGV-Embrapa-autonomous/ugv_embrapa_ws/src/install/osr_interfaces/include/osr_interfaces/osr_interfaces/msg/detail
[3.398s] -- Installing: /home/brunameinberg/Desktop/UGV-Embrapa-autonomous/ugv_embrapa_ws/src/install/osr_interfaces/include/osr_interfaces/osr_interfaces/msg/detail/status__rosidl_typesupport_introspection_c.h
[3.398s] -- Installing: /home/brunameinberg/Desktop/UGV-Embrapa-autonomous/ugv_embrapa_ws/src/install/osr_interfaces/include/osr_interfaces/osr_interfaces/msg/detail/status__type_support.c
[3.399s] -- Installing: /home/brunameinberg/Desktop/UGV-Embrapa-autonomous/ugv_embrapa_ws/src/install/osr_interfaces/include/osr_interfaces/osr_interfaces/msg/detail/command_drive__rosidl_typesupport_introspection_c.h
[3.399s] -- Installing: /home/brunameinberg/Desktop/UGV-Embrapa-autonomous/ugv_embrapa_ws/src/install/osr_interfaces/include/osr_interfaces/osr_interfaces/msg/detail/command_drive__type_support.c
[3.399s] -- Installing: /home/brunameinberg/Desktop/UGV-Embrapa-autonomous/ugv_embrapa_ws/src/install/osr_interfaces/include/osr_interfaces/osr_interfaces/msg/detail/command_corner__rosidl_typesupport_introspection_c.h
[3.399s] -- Installing: /home/brunameinberg/Desktop/UGV-Embrapa-autonomous/ugv_embrapa_ws/src/install/osr_interfaces/include/osr_interfaces/osr_interfaces/msg/detail/command_corner__type_support.c
[3.399s] -- Installing: /home/brunameinberg/Desktop/UGV-Embrapa-autonomous/ugv_embrapa_ws/src/install/osr_interfaces/lib/libosr_interfaces__rosidl_typesupport_introspection_c.so
[3.401s] -- Set runtime path of "/home/brunameinberg/Desktop/UGV-Embrapa-autonomous/ugv_embrapa_ws/src/install/osr_interfaces/lib/libosr_interfaces__rosidl_typesupport_introspection_c.so" to ""
[3.401s] -- Installing: /home/brunameinberg/Desktop/UGV-Embrapa-autonomous/ugv_embrapa_ws/src/install/osr_interfaces/lib/libosr_interfaces__rosidl_typesupport_c.so
[3.403s] -- Set runtime path of "/home/brunameinberg/Desktop/UGV-Embrapa-autonomous/ugv_embrapa_ws/src/install/osr_interfaces/lib/libosr_interfaces__rosidl_typesupport_c.so" to ""
[3.403s] -- Up-to-date: /home/brunameinberg/Desktop/UGV-Embrapa-autonomous/ugv_embrapa_ws/src/install/osr_interfaces/include/osr_interfaces/osr_interfaces
[3.403s] -- Up-to-date: /home/brunameinberg/Desktop/UGV-Embrapa-autonomous/ugv_embrapa_ws/src/install/osr_interfaces/include/osr_interfaces/osr_interfaces/msg
[3.403s] -- Installing: /home/brunameinberg/Desktop/UGV-Embrapa-autonomous/ugv_embrapa_ws/src/install/osr_interfaces/include/osr_interfaces/osr_interfaces/msg/rosidl_generator_cpp__visibility_control.hpp
[3.403s] -- Installing: /home/brunameinberg/Desktop/UGV-Embrapa-autonomous/ugv_embrapa_ws/src/install/osr_interfaces/include/osr_interfaces/osr_interfaces/msg/status.hpp
[3.403s] -- Up-to-date: /home/brunameinberg/Desktop/UGV-Embrapa-autonomous/ugv_embrapa_ws/src/install/osr_interfaces/include/osr_interfaces/osr_interfaces/msg/detail
[3.403s] -- Installing: /home/brunameinberg/Desktop/UGV-Embrapa-autonomous/ugv_embrapa_ws/src/install/osr_interfaces/include/osr_interfaces/osr_interfaces/msg/detail/status__builder.hpp
[3.403s] -- Installing: /home/brunameinberg/Desktop/UGV-Embrapa-autonomous/ugv_embrapa_ws/src/install/osr_interfaces/include/osr_interfaces/osr_interfaces/msg/detail/status__struct.hpp
[3.403s] -- Installing: /home/brunameinberg/Desktop/UGV-Embrapa-autonomous/ugv_embrapa_ws/src/install/osr_interfaces/include/osr_interfaces/osr_interfaces/msg/detail/status__traits.hpp
[3.403s] -- Installing: /home/brunameinberg/Desktop/UGV-Embrapa-autonomous/ugv_embrapa_ws/src/install/osr_interfaces/include/osr_interfaces/osr_interfaces/msg/detail/status__type_support.hpp
[3.404s] -- Installing: /home/brunameinberg/Desktop/UGV-Embrapa-autonomous/ugv_embrapa_ws/src/install/osr_interfaces/include/osr_interfaces/osr_interfaces/msg/detail/command_drive__builder.hpp
[3.404s] -- Installing: /home/brunameinberg/Desktop/UGV-Embrapa-autonomous/ugv_embrapa_ws/src/install/osr_interfaces/include/osr_interfaces/osr_interfaces/msg/detail/command_drive__struct.hpp
[3.404s] -- Installing: /home/brunameinberg/Desktop/UGV-Embrapa-autonomous/ugv_embrapa_ws/src/install/osr_interfaces/include/osr_interfaces/osr_interfaces/msg/detail/command_drive__traits.hpp
[3.404s] -- Installing: /home/brunameinberg/Desktop/UGV-Embrapa-autonomous/ugv_embrapa_ws/src/install/osr_interfaces/include/osr_interfaces/osr_interfaces/msg/detail/command_drive__type_support.hpp
[3.404s] -- Installing: /home/brunameinberg/Desktop/UGV-Embrapa-autonomous/ugv_embrapa_ws/src/install/osr_interfaces/include/osr_interfaces/osr_interfaces/msg/detail/command_corner__builder.hpp
[3.405s] -- Installing: /home/brunameinberg/Desktop/UGV-Embrapa-autonomous/ugv_embrapa_ws/src/install/osr_interfaces/include/osr_interfaces/osr_interfaces/msg/detail/command_corner__struct.hpp
[3.405s] -- Installing: /home/brunameinberg/Desktop/UGV-Embrapa-autonomous/ugv_embrapa_ws/src/install/osr_interfaces/include/osr_interfaces/osr_interfaces/msg/detail/command_corner__traits.hpp
[3.405s] -- Installing: /home/brunameinberg/Desktop/UGV-Embrapa-autonomous/ugv_embrapa_ws/src/install/osr_interfaces/include/osr_interfaces/osr_interfaces/msg/detail/command_corner__type_support.hpp
[3.405s] -- Installing: /home/brunameinberg/Desktop/UGV-Embrapa-autonomous/ugv_embrapa_ws/src/install/osr_interfaces/include/osr_interfaces/osr_interfaces/msg/command_drive.hpp
[3.405s] -- Installing: /home/brunameinberg/Desktop/UGV-Embrapa-autonomous/ugv_embrapa_ws/src/install/osr_interfaces/include/osr_interfaces/osr_interfaces/msg/command_corner.hpp
[3.405s] -- Up-to-date: /home/brunameinberg/Desktop/UGV-Embrapa-autonomous/ugv_embrapa_ws/src/install/osr_interfaces/include/osr_interfaces/osr_interfaces
[3.405s] -- Up-to-date: /home/brunameinberg/Desktop/UGV-Embrapa-autonomous/ugv_embrapa_ws/src/install/osr_interfaces/include/osr_interfaces/osr_interfaces/msg
[3.405s] -- Installing: /home/brunameinberg/Desktop/UGV-Embrapa-autonomous/ugv_embrapa_ws/src/install/osr_interfaces/include/osr_interfaces/osr_interfaces/msg/rosidl_typesupport_fastrtps_cpp__visibility_control.h
[3.406s] -- Up-to-date: /home/brunameinberg/Desktop/UGV-Embrapa-autonomous/ugv_embrapa_ws/src/install/osr_interfaces/include/osr_interfaces/osr_interfaces/msg/detail
[3.406s] -- Installing: /home/brunameinberg/Desktop/UGV-Embrapa-autonomous/ugv_embrapa_ws/src/install/osr_interfaces/include/osr_interfaces/osr_interfaces/msg/detail/status__rosidl_typesupport_fastrtps_cpp.hpp
[3.406s] -- Installing: /home/brunameinberg/Desktop/UGV-Embrapa-autonomous/ugv_embrapa_ws/src/install/osr_interfaces/include/osr_interfaces/osr_interfaces/msg/detail/dds_fastrtps
[3.406s] -- Installing: /home/brunameinberg/Desktop/UGV-Embrapa-autonomous/ugv_embrapa_ws/src/install/osr_interfaces/include/osr_interfaces/osr_interfaces/msg/detail/command_drive__rosidl_typesupport_fastrtps_cpp.hpp
[3.406s] -- Installing: /home/brunameinberg/Desktop/UGV-Embrapa-autonomous/ugv_embrapa_ws/src/install/osr_interfaces/include/osr_interfaces/osr_interfaces/msg/detail/command_corner__rosidl_typesupport_fastrtps_cpp.hpp
[3.406s] -- Installing: /home/brunameinberg/Desktop/UGV-Embrapa-autonomous/ugv_embrapa_ws/src/install/osr_interfaces/lib/libosr_interfaces__rosidl_typesupport_fastrtps_cpp.so
[3.408s] -- Set runtime path of "/home/brunameinberg/Desktop/UGV-Embrapa-autonomous/ugv_embrapa_ws/src/install/osr_interfaces/lib/libosr_interfaces__rosidl_typesupport_fastrtps_cpp.so" to ""
[3.408s] -- Up-to-date: /home/brunameinberg/Desktop/UGV-Embrapa-autonomous/ugv_embrapa_ws/src/install/osr_interfaces/include/osr_interfaces/osr_interfaces
[3.408s] -- Up-to-date: /home/brunameinberg/Desktop/UGV-Embrapa-autonomous/ugv_embrapa_ws/src/install/osr_interfaces/include/osr_interfaces/osr_interfaces/msg
[3.409s] -- Up-to-date: /home/brunameinberg/Desktop/UGV-Embrapa-autonomous/ugv_embrapa_ws/src/install/osr_interfaces/include/osr_interfaces/osr_interfaces/msg/detail
[3.409s] -- Installing: /home/brunameinberg/Desktop/UGV-Embrapa-autonomous/ugv_embrapa_ws/src/install/osr_interfaces/include/osr_interfaces/osr_interfaces/msg/detail/status__rosidl_typesupport_introspection_cpp.hpp
[3.409s] -- Installing: /home/brunameinberg/Desktop/UGV-Embrapa-autonomous/ugv_embrapa_ws/src/install/osr_interfaces/include/osr_interfaces/osr_interfaces/msg/detail/status__type_support.cpp
[3.409s] -- Installing: /home/brunameinberg/Desktop/UGV-Embrapa-autonomous/ugv_embrapa_ws/src/install/osr_interfaces/include/osr_interfaces/osr_interfaces/msg/detail/command_drive__rosidl_typesupport_introspection_cpp.hpp
[3.409s] -- Installing: /home/brunameinberg/Desktop/UGV-Embrapa-autonomous/ugv_embrapa_ws/src/install/osr_interfaces/include/osr_interfaces/osr_interfaces/msg/detail/command_drive__type_support.cpp
[3.409s] -- Installing: /home/brunameinberg/Desktop/UGV-Embrapa-autonomous/ugv_embrapa_ws/src/install/osr_interfaces/include/osr_interfaces/osr_interfaces/msg/detail/command_corner__rosidl_typesupport_introspection_cpp.hpp
[3.409s] -- Installing: /home/brunameinberg/Desktop/UGV-Embrapa-autonomous/ugv_embrapa_ws/src/install/osr_interfaces/include/osr_interfaces/osr_interfaces/msg/detail/command_corner__type_support.cpp
[3.409s] -- Installing: /home/brunameinberg/Desktop/UGV-Embrapa-autonomous/ugv_embrapa_ws/src/install/osr_interfaces/lib/libosr_interfaces__rosidl_typesupport_introspection_cpp.so
[3.412s] -- Set runtime path of "/home/brunameinberg/Desktop/UGV-Embrapa-autonomous/ugv_embrapa_ws/src/install/osr_interfaces/lib/libosr_interfaces__rosidl_typesupport_introspection_cpp.so" to ""
[3.412s] -- Installing: /home/brunameinberg/Desktop/UGV-Embrapa-autonomous/ugv_embrapa_ws/src/install/osr_interfaces/lib/libosr_interfaces__rosidl_typesupport_cpp.so
[3.413s] -- Set runtime path of "/home/brunameinberg/Desktop/UGV-Embrapa-autonomous/ugv_embrapa_ws/src/install/osr_interfaces/lib/libosr_interfaces__rosidl_typesupport_cpp.so" to ""
[3.414s] -- Installing: /home/brunameinberg/Desktop/UGV-Embrapa-autonomous/ugv_embrapa_ws/src/install/osr_interfaces/share/osr_interfaces/environment/pythonpath.sh
[3.414s] -- Installing: /home/brunameinberg/Desktop/UGV-Embrapa-autonomous/ugv_embrapa_ws/src/install/osr_interfaces/share/osr_interfaces/environment/pythonpath.dsv
[3.414s] -- Installing: /home/brunameinberg/Desktop/UGV-Embrapa-autonomous/ugv_embrapa_ws/src/install/osr_interfaces/local/lib/python3.10/dist-packages/osr_interfaces-0.0.0-py3.10.egg-info
[3.414s] -- Installing: /home/brunameinberg/Desktop/UGV-Embrapa-autonomous/ugv_embrapa_ws/src/install/osr_interfaces/local/lib/python3.10/dist-packages/osr_interfaces-0.0.0-py3.10.egg-info/PKG-INFO
[3.414s] -- Installing: /home/brunameinberg/Desktop/UGV-Embrapa-autonomous/ugv_embrapa_ws/src/install/osr_interfaces/local/lib/python3.10/dist-packages/osr_interfaces-0.0.0-py3.10.egg-info/dependency_links.txt
[3.414s] -- Installing: /home/brunameinberg/Desktop/UGV-Embrapa-autonomous/ugv_embrapa_ws/src/install/osr_interfaces/local/lib/python3.10/dist-packages/osr_interfaces-0.0.0-py3.10.egg-info/top_level.txt
[3.414s] -- Installing: /home/brunameinberg/Desktop/UGV-Embrapa-autonomous/ugv_embrapa_ws/src/install/osr_interfaces/local/lib/python3.10/dist-packages/osr_interfaces-0.0.0-py3.10.egg-info/SOURCES.txt
[3.414s] -- Installing: /home/brunameinberg/Desktop/UGV-Embrapa-autonomous/ugv_embrapa_ws/src/install/osr_interfaces/local/lib/python3.10/dist-packages/osr_interfaces
[3.414s] -- Installing: /home/brunameinberg/Desktop/UGV-Embrapa-autonomous/ugv_embrapa_ws/src/install/osr_interfaces/local/lib/python3.10/dist-packages/osr_interfaces/__init__.py
[3.414s] -- Installing: /home/brunameinberg/Desktop/UGV-Embrapa-autonomous/ugv_embrapa_ws/src/install/osr_interfaces/local/lib/python3.10/dist-packages/osr_interfaces/msg
[3.414s] -- Installing: /home/brunameinberg/Desktop/UGV-Embrapa-autonomous/ugv_embrapa_ws/src/install/osr_interfaces/local/lib/python3.10/dist-packages/osr_interfaces/msg/_status.py
[3.415s] -- Installing: /home/brunameinberg/Desktop/UGV-Embrapa-autonomous/ugv_embrapa_ws/src/install/osr_interfaces/local/lib/python3.10/dist-packages/osr_interfaces/msg/_status_s.c
[3.415s] -- Installing: /home/brunameinberg/Desktop/UGV-Embrapa-autonomous/ugv_embrapa_ws/src/install/osr_interfaces/local/lib/python3.10/dist-packages/osr_interfaces/msg/_command_drive.py
[3.415s] -- Installing: /home/brunameinberg/Desktop/UGV-Embrapa-autonomous/ugv_embrapa_ws/src/install/osr_interfaces/local/lib/python3.10/dist-packages/osr_interfaces/msg/_command_drive_s.c
[3.416s] -- Installing: /home/brunameinberg/Desktop/UGV-Embrapa-autonomous/ugv_embrapa_ws/src/install/osr_interfaces/local/lib/python3.10/dist-packages/osr_interfaces/msg/_command_corner.py
[3.416s] -- Installing: /home/brunameinberg/Desktop/UGV-Embrapa-autonomous/ugv_embrapa_ws/src/install/osr_interfaces/local/lib/python3.10/dist-packages/osr_interfaces/msg/_command_corner_s.c
[3.416s] -- Installing: /home/brunameinberg/Desktop/UGV-Embrapa-autonomous/ugv_embrapa_ws/src/install/osr_interfaces/local/lib/python3.10/dist-packages/osr_interfaces/msg/__init__.py
[3.416s] -- Installing: /home/brunameinberg/Desktop/UGV-Embrapa-autonomous/ugv_embrapa_ws/src/install/osr_interfaces/local/lib/python3.10/dist-packages/osr_interfaces/_osr_interfaces_s.ep.rosidl_typesupport_fastrtps_c.c
[3.417s] -- Installing: /home/brunameinberg/Desktop/UGV-Embrapa-autonomous/ugv_embrapa_ws/src/install/osr_interfaces/local/lib/python3.10/dist-packages/osr_interfaces/_osr_interfaces_s.ep.rosidl_typesupport_introspection_c.c
[3.417s] -- Installing: /home/brunameinberg/Desktop/UGV-Embrapa-autonomous/ugv_embrapa_ws/src/install/osr_interfaces/local/lib/python3.10/dist-packages/osr_interfaces/_osr_interfaces_s.ep.rosidl_typesupport_c.c
[3.417s] -- Installing: /home/brunameinberg/Desktop/UGV-Embrapa-autonomous/ugv_embrapa_ws/src/install/osr_interfaces/local/lib/python3.10/dist-packages/osr_interfaces/libosr_interfaces__rosidl_generator_py.so
[3.418s] -- Installing: /home/brunameinberg/Desktop/UGV-Embrapa-autonomous/ugv_embrapa_ws/src/install/osr_interfaces/local/lib/python3.10/dist-packages/osr_interfaces/osr_interfaces_s__rosidl_typesupport_introspection_c.cpython-310-x86_64-linux-gnu.so
[3.418s] -- Installing: /home/brunameinberg/Desktop/UGV-Embrapa-autonomous/ugv_embrapa_ws/src/install/osr_interfaces/local/lib/python3.10/dist-packages/osr_interfaces/osr_interfaces_s__rosidl_typesupport_c.cpython-310-x86_64-linux-gnu.so
[3.419s] -- Installing: /home/brunameinberg/Desktop/UGV-Embrapa-autonomous/ugv_embrapa_ws/src/install/osr_interfaces/local/lib/python3.10/dist-packages/osr_interfaces/osr_interfaces_s__rosidl_typesupport_fastrtps_c.cpython-310-x86_64-linux-gnu.so
[3.446s] Listing '/home/brunameinberg/Desktop/UGV-Embrapa-autonomous/ugv_embrapa_ws/src/install/osr_interfaces/local/lib/python3.10/dist-packages/osr_interfaces'...
[3.446s] Compiling '/home/brunameinberg/Desktop/UGV-Embrapa-autonomous/ugv_embrapa_ws/src/install/osr_interfaces/local/lib/python3.10/dist-packages/osr_interfaces/__init__.py'...
[3.446s] Listing '/home/brunameinberg/Desktop/UGV-Embrapa-autonomous/ugv_embrapa_ws/src/install/osr_interfaces/local/lib/python3.10/dist-packages/osr_interfaces/msg'...
[3.446s] Compiling '/home/brunameinberg/Desktop/UGV-Embrapa-autonomous/ugv_embrapa_ws/src/install/osr_interfaces/local/lib/python3.10/dist-packages/osr_interfaces/msg/__init__.py'...
[3.446s] Compiling '/home/brunameinberg/Desktop/UGV-Embrapa-autonomous/ugv_embrapa_ws/src/install/osr_interfaces/local/lib/python3.10/dist-packages/osr_interfaces/msg/_command_corner.py'...
[3.446s] Compiling '/home/brunameinberg/Desktop/UGV-Embrapa-autonomous/ugv_embrapa_ws/src/install/osr_interfaces/local/lib/python3.10/dist-packages/osr_interfaces/msg/_command_drive.py'...
[3.446s] Compiling '/home/brunameinberg/Desktop/UGV-Embrapa-autonomous/ugv_embrapa_ws/src/install/osr_interfaces/local/lib/python3.10/dist-packages/osr_interfaces/msg/_status.py'...
[3.450s] -- Installing: /home/brunameinberg/Desktop/UGV-Embrapa-autonomous/ugv_embrapa_ws/src/install/osr_interfaces/local/lib/python3.10/dist-packages/osr_interfaces/osr_interfaces_s__rosidl_typesupport_fastrtps_c.cpython-310-x86_64-linux-gnu.so
[3.451s] -- Set runtime path of "/home/brunameinberg/Desktop/UGV-Embrapa-autonomous/ugv_embrapa_ws/src/install/osr_interfaces/local/lib/python3.10/dist-packages/osr_interfaces/osr_interfaces_s__rosidl_typesupport_fastrtps_c.cpython-310-x86_64-linux-gnu.so" to ""
[3.451s] -- Installing: /home/brunameinberg/Desktop/UGV-Embrapa-autonomous/ugv_embrapa_ws/src/install/osr_interfaces/local/lib/python3.10/dist-packages/osr_interfaces/osr_interfaces_s__rosidl_typesupport_introspection_c.cpython-310-x86_64-linux-gnu.so
[3.452s] -- Set runtime path of "/home/brunameinberg/Desktop/UGV-Embrapa-autonomous/ugv_embrapa_ws/src/install/osr_interfaces/local/lib/python3.10/dist-packages/osr_interfaces/osr_interfaces_s__rosidl_typesupport_introspection_c.cpython-310-x86_64-linux-gnu.so" to ""
[3.452s] -- Installing: /home/brunameinberg/Desktop/UGV-Embrapa-autonomous/ugv_embrapa_ws/src/install/osr_interfaces/local/lib/python3.10/dist-packages/osr_interfaces/osr_interfaces_s__rosidl_typesupport_c.cpython-310-x86_64-linux-gnu.so
[3.453s] -- Set runtime path of "/home/brunameinberg/Desktop/UGV-Embrapa-autonomous/ugv_embrapa_ws/src/install/osr_interfaces/local/lib/python3.10/dist-packages/osr_interfaces/osr_interfaces_s__rosidl_typesupport_c.cpython-310-x86_64-linux-gnu.so" to ""
[3.453s] -- Installing: /home/brunameinberg/Desktop/UGV-Embrapa-autonomous/ugv_embrapa_ws/src/install/osr_interfaces/lib/libosr_interfaces__rosidl_generator_py.so
[3.454s] -- Set runtime path of "/home/brunameinberg/Desktop/UGV-Embrapa-autonomous/ugv_embrapa_ws/src/install/osr_interfaces/lib/libosr_interfaces__rosidl_generator_py.so" to ""
[3.454s] -- Installing: /home/brunameinberg/Desktop/UGV-Embrapa-autonomous/ugv_embrapa_ws/src/install/osr_interfaces/share/osr_interfaces/msg/Status.idl
[3.454s] -- Installing: /home/brunameinberg/Desktop/UGV-Embrapa-autonomous/ugv_embrapa_ws/src/install/osr_interfaces/share/osr_interfaces/msg/CommandDrive.idl
[3.454s] -- Installing: /home/brunameinberg/Desktop/UGV-Embrapa-autonomous/ugv_embrapa_ws/src/install/osr_interfaces/share/osr_interfaces/msg/CommandCorner.idl
[3.454s] -- Installing: /home/brunameinberg/Desktop/UGV-Embrapa-autonomous/ugv_embrapa_ws/src/install/osr_interfaces/share/osr_interfaces/msg/Status.msg
[3.454s] -- Installing: /home/brunameinberg/Desktop/UGV-Embrapa-autonomous/ugv_embrapa_ws/src/install/osr_interfaces/share/osr_interfaces/msg/CommandDrive.msg
[3.455s] -- Installing: /home/brunameinberg/Desktop/UGV-Embrapa-autonomous/ugv_embrapa_ws/src/install/osr_interfaces/share/osr_interfaces/msg/CommandCorner.msg
[3.455s] -- Installing: /home/brunameinberg/Desktop/UGV-Embrapa-autonomous/ugv_embrapa_ws/src/install/osr_interfaces/share/ament_index/resource_index/package_run_dependencies/osr_interfaces
[3.455s] -- Installing: /home/brunameinberg/Desktop/UGV-Embrapa-autonomous/ugv_embrapa_ws/src/install/osr_interfaces/share/ament_index/resource_index/parent_prefix_path/osr_interfaces
[3.455s] -- Installing: /home/brunameinberg/Desktop/UGV-Embrapa-autonomous/ugv_embrapa_ws/src/install/osr_interfaces/share/osr_interfaces/environment/ament_prefix_path.sh
[3.455s] -- Installing: /home/brunameinberg/Desktop/UGV-Embrapa-autonomous/ugv_embrapa_ws/src/install/osr_interfaces/share/osr_interfaces/environment/ament_prefix_path.dsv
[3.455s] -- Installing: /home/brunameinberg/Desktop/UGV-Embrapa-autonomous/ugv_embrapa_ws/src/install/osr_interfaces/share/osr_interfaces/environment/path.sh
[3.455s] -- Installing: /home/brunameinberg/Desktop/UGV-Embrapa-autonomous/ugv_embrapa_ws/src/install/osr_interfaces/share/osr_interfaces/environment/path.dsv
[3.455s] -- Installing: /home/brunameinberg/Desktop/UGV-Embrapa-autonomous/ugv_embrapa_ws/src/install/osr_interfaces/share/osr_interfaces/local_setup.bash
[3.455s] -- Installing: /home/brunameinberg/Desktop/UGV-Embrapa-autonomous/ugv_embrapa_ws/src/install/osr_interfaces/share/osr_interfaces/local_setup.sh
[3.455s] -- Installing: /home/brunameinberg/Desktop/UGV-Embrapa-autonomous/ugv_embrapa_ws/src/install/osr_interfaces/share/osr_interfaces/local_setup.zsh
[3.455s] -- Installing: /home/brunameinberg/Desktop/UGV-Embrapa-autonomous/ugv_embrapa_ws/src/install/osr_interfaces/share/osr_interfaces/local_setup.dsv
[3.455s] -- Installing: /home/brunameinberg/Desktop/UGV-Embrapa-autonomous/ugv_embrapa_ws/src/install/osr_interfaces/share/osr_interfaces/package.dsv
[3.455s] -- Installing: /home/brunameinberg/Desktop/UGV-Embrapa-autonomous/ugv_embrapa_ws/src/install/osr_interfaces/share/ament_index/resource_index/packages/osr_interfaces
[3.455s] -- Installing: /home/brunameinberg/Desktop/UGV-Embrapa-autonomous/ugv_embrapa_ws/src/install/osr_interfaces/share/osr_interfaces/cmake/export_osr_interfaces__rosidl_generator_cExport.cmake
[3.456s] -- Installing: /home/brunameinberg/Desktop/UGV-Embrapa-autonomous/ugv_embrapa_ws/src/install/osr_interfaces/share/osr_interfaces/cmake/export_osr_interfaces__rosidl_generator_cExport-noconfig.cmake
[3.456s] -- Installing: /home/brunameinberg/Desktop/UGV-Embrapa-autonomous/ugv_embrapa_ws/src/install/osr_interfaces/share/osr_interfaces/cmake/export_osr_interfaces__rosidl_typesupport_fastrtps_cExport.cmake
[3.456s] -- Installing: /home/brunameinberg/Desktop/UGV-Embrapa-autonomous/ugv_embrapa_ws/src/install/osr_interfaces/share/osr_interfaces/cmake/export_osr_interfaces__rosidl_typesupport_fastrtps_cExport-noconfig.cmake
[3.456s] -- Installing: /home/brunameinberg/Desktop/UGV-Embrapa-autonomous/ugv_embrapa_ws/src/install/osr_interfaces/share/osr_interfaces/cmake/osr_interfaces__rosidl_typesupport_introspection_cExport.cmake
[3.456s] -- Installing: /home/brunameinberg/Desktop/UGV-Embrapa-autonomous/ugv_embrapa_ws/src/install/osr_interfaces/share/osr_interfaces/cmake/osr_interfaces__rosidl_typesupport_introspection_cExport-noconfig.cmake
[3.456s] -- Installing: /home/brunameinberg/Desktop/UGV-Embrapa-autonomous/ugv_embrapa_ws/src/install/osr_interfaces/share/osr_interfaces/cmake/osr_interfaces__rosidl_typesupport_cExport.cmake
[3.457s] -- Installing: /home/brunameinberg/Desktop/UGV-Embrapa-autonomous/ugv_embrapa_ws/src/install/osr_interfaces/share/osr_interfaces/cmake/osr_interfaces__rosidl_typesupport_cExport-noconfig.cmake
[3.457s] -- Installing: /home/brunameinberg/Desktop/UGV-Embrapa-autonomous/ugv_embrapa_ws/src/install/osr_interfaces/share/osr_interfaces/cmake/export_osr_interfaces__rosidl_generator_cppExport.cmake
[3.457s] -- Installing: /home/brunameinberg/Desktop/UGV-Embrapa-autonomous/ugv_embrapa_ws/src/install/osr_interfaces/share/osr_interfaces/cmake/export_osr_interfaces__rosidl_typesupport_fastrtps_cppExport.cmake
[3.457s] -- Installing: /home/brunameinberg/Desktop/UGV-Embrapa-autonomous/ugv_embrapa_ws/src/install/osr_interfaces/share/osr_interfaces/cmake/export_osr_interfaces__rosidl_typesupport_fastrtps_cppExport-noconfig.cmake
[3.457s] -- Installing: /home/brunameinberg/Desktop/UGV-Embrapa-autonomous/ugv_embrapa_ws/src/install/osr_interfaces/share/osr_interfaces/cmake/osr_interfaces__rosidl_typesupport_introspection_cppExport.cmake
[3.457s] -- Installing: /home/brunameinberg/Desktop/UGV-Embrapa-autonomous/ugv_embrapa_ws/src/install/osr_interfaces/share/osr_interfaces/cmake/osr_interfaces__rosidl_typesupport_introspection_cppExport-noconfig.cmake
[3.458s] -- Installing: /home/brunameinberg/Desktop/UGV-Embrapa-autonomous/ugv_embrapa_ws/src/install/osr_interfaces/share/osr_interfaces/cmake/osr_interfaces__rosidl_typesupport_cppExport.cmake
[3.458s] -- Installing: /home/brunameinberg/Desktop/UGV-Embrapa-autonomous/ugv_embrapa_ws/src/install/osr_interfaces/share/osr_interfaces/cmake/osr_interfaces__rosidl_typesupport_cppExport-noconfig.cmake
[3.458s] -- Installing: /home/brunameinberg/Desktop/UGV-Embrapa-autonomous/ugv_embrapa_ws/src/install/osr_interfaces/share/osr_interfaces/cmake/export_osr_interfaces__rosidl_generator_pyExport.cmake
[3.458s] -- Installing: /home/brunameinberg/Desktop/UGV-Embrapa-autonomous/ugv_embrapa_ws/src/install/osr_interfaces/share/osr_interfaces/cmake/export_osr_interfaces__rosidl_generator_pyExport-noconfig.cmake
[3.458s] -- Installing: /home/brunameinberg/Desktop/UGV-Embrapa-autonomous/ugv_embrapa_ws/src/install/osr_interfaces/share/osr_interfaces/cmake/rosidl_cmake-extras.cmake
[3.458s] -- Installing: /home/brunameinberg/Desktop/UGV-Embrapa-autonomous/ugv_embrapa_ws/src/install/osr_interfaces/share/osr_interfaces/cmake/ament_cmake_export_include_directories-extras.cmake
[3.458s] -- Installing: /home/brunameinberg/Desktop/UGV-Embrapa-autonomous/ugv_embrapa_ws/src/install/osr_interfaces/share/osr_interfaces/cmake/ament_cmake_export_libraries-extras.cmake
[3.458s] -- Installing: /home/brunameinberg/Desktop/UGV-Embrapa-autonomous/ugv_embrapa_ws/src/install/osr_interfaces/share/osr_interfaces/cmake/ament_cmake_export_targets-extras.cmake
[3.459s] -- Installing: /home/brunameinberg/Desktop/UGV-Embrapa-autonomous/ugv_embrapa_ws/src/install/osr_interfaces/share/osr_interfaces/cmake/rosidl_cmake_export_typesupport_targets-extras.cmake
[3.459s] -- Installing: /home/brunameinberg/Desktop/UGV-Embrapa-autonomous/ugv_embrapa_ws/src/install/osr_interfaces/share/osr_interfaces/cmake/ament_cmake_export_dependencies-extras.cmake
[3.459s] -- Installing: /home/brunameinberg/Desktop/UGV-Embrapa-autonomous/ugv_embrapa_ws/src/install/osr_interfaces/share/osr_interfaces/cmake/rosidl_cmake_export_typesupport_libraries-extras.cmake
[3.459s] -- Installing: /home/brunameinberg/Desktop/UGV-Embrapa-autonomous/ugv_embrapa_ws/src/install/osr_interfaces/share/osr_interfaces/cmake/osr_interfacesConfig.cmake
[3.459s] -- Installing: /home/brunameinberg/Desktop/UGV-Embrapa-autonomous/ugv_embrapa_ws/src/install/osr_interfaces/share/osr_interfaces/cmake/osr_interfacesConfig-version.cmake
[3.459s] -- Installing: /home/brunameinberg/Desktop/UGV-Embrapa-autonomous/ugv_embrapa_ws/src/install/osr_interfaces/share/osr_interfaces/package.xml
[3.461s] Invoked command in '/home/brunameinberg/Desktop/UGV-Embrapa-autonomous/ugv_embrapa_ws/src/build/osr_interfaces' returned '0': CMAKE_PREFIX_PATH=/opt/ros/humble /usr/bin/cmake --install /home/brunameinberg/Desktop/UGV-Embrapa-autonomous/ugv_embrapa_ws/src/build/osr_interfaces
