[100%] Built target osr_controller
-- Install configuration: ""
-- Up-to-date: /home/brunameinberg/Desktop/UGV-Embrapa-autonomous/ugv_embrapa_ws/install/osr_gazebo/share/osr_gazebo//launch
-- Up-to-date: /home/brunameinberg/Desktop/UGV-Embrapa-autonomous/ugv_embrapa_ws/install/osr_gazebo/share/osr_gazebo//launch/empty_world.launch.py
-- Up-to-date: /home/brunameinberg/Desktop/UGV-Embrapa-autonomous/ugv_embrapa_ws/install/osr_gazebo/share/osr_gazebo//launch/rviz.launch.py
-- Up-to-date: /home/brunameinberg/Desktop/UGV-Embrapa-autonomous/ugv_embrapa_ws/install/osr_gazebo/share/osr_gazebo//config
-- Up-to-date: /home/brunameinberg/Desktop/UGV-Embrapa-autonomous/ugv_embrapa_ws/install/osr_gazebo/share/osr_gazebo//config/controller_velocity.yaml
-- Up-to-date: /home/brunameinberg/Desktop/UGV-Embrapa-autonomous/ugv_embrapa_ws/install/osr_gazebo/share/osr_gazebo//urdf
-- Installing: /home/brunameinberg/Desktop/UGV-Embrapa-autonomous/ugv_embrapa_ws/install/osr_gazebo/share/osr_gazebo//urdf/gazebo.urdf.xacro
-- Up-to-date: /home/brunameinberg/Desktop/UGV-Embrapa-autonomous/ugv_embrapa_ws/install/osr_gazebo/share/osr_gazebo//urdf/insert_transmission.urdf.xacro
-- Installing: /home/brunameinberg/Desktop/UGV-Embrapa-autonomous/ugv_embrapa_ws/install/osr_gazebo/share/osr_gazebo//urdf/osr.urdf.xacro
-- Up-to-date: /home/brunameinberg/Desktop/UGV-Embrapa-autonomous/ugv_embrapa_ws/install/osr_gazebo/share/osr_gazebo//meshes
-- Up-to-date: /home/brunameinberg/Desktop/UGV-Embrapa-autonomous/ugv_embrapa_ws/install/osr_gazebo/share/osr_gazebo//meshes/arm.stl
-- Up-to-date: /home/brunameinberg/Desktop/UGV-Embrapa-autonomous/ugv_embrapa_ws/install/osr_gazebo/share/osr_gazebo//meshes/body.stl
-- Up-to-date: /home/brunameinberg/Desktop/UGV-Embrapa-autonomous/ugv_embrapa_ws/install/osr_gazebo/share/osr_gazebo//meshes/body_axis.stl
-- Up-to-date: /home/brunameinberg/Desktop/UGV-Embrapa-autonomous/ugv_embrapa_ws/install/osr_gazebo/share/osr_gazebo//meshes/box_link.stl
-- Up-to-date: /home/brunameinberg/Desktop/UGV-Embrapa-autonomous/ugv_embrapa_ws/install/osr_gazebo/share/osr_gazebo//meshes/rocker_bogie_final.stl
-- Up-to-date: /home/brunameinberg/Desktop/UGV-Embrapa-autonomous/ugv_embrapa_ws/install/osr_gazebo/share/osr_gazebo//meshes/rocker_bogie_link_front.stl
-- Up-to-date: /home/brunameinberg/Desktop/UGV-Embrapa-autonomous/ugv_embrapa_ws/install/osr_gazebo/share/osr_gazebo//meshes/rocker_bogie_link_middle.stl
-- Up-to-date: /home/brunameinberg/Desktop/UGV-Embrapa-autonomous/ugv_embrapa_ws/install/osr_gazebo/share/osr_gazebo//meshes/rocker_bogie_link_rear.stl
-- Up-to-date: /home/brunameinberg/Desktop/UGV-Embrapa-autonomous/ugv_embrapa_ws/install/osr_gazebo/share/osr_gazebo//meshes/rockerbogie_front_1.stl
-- Up-to-date: /home/brunameinberg/Desktop/UGV-Embrapa-autonomous/ugv_embrapa_ws/install/osr_gazebo/share/osr_gazebo//meshes/rockerbogie_middle_1.stl
-- Up-to-date: /home/brunameinberg/Desktop/UGV-Embrapa-autonomous/ugv_embrapa_ws/install/osr_gazebo/share/osr_gazebo//meshes/turn_L.stl
-- Up-to-date: /home/brunameinberg/Desktop/UGV-Embrapa-autonomous/ugv_embrapa_ws/install/osr_gazebo/share/osr_gazebo//meshes/turn_R.stl
-- Up-to-date: /home/brunameinberg/Desktop/UGV-Embrapa-autonomous/ugv_embrapa_ws/install/osr_gazebo/share/osr_gazebo//meshes/turn_left_test.stl
-- Up-to-date: /home/brunameinberg/Desktop/UGV-Embrapa-autonomous/ugv_embrapa_ws/install/osr_gazebo/share/osr_gazebo//meshes/turn_right_test.stl
-- Up-to-date: /home/brunameinberg/Desktop/UGV-Embrapa-autonomous/ugv_embrapa_ws/install/osr_gazebo/share/osr_gazebo//meshes/wheel.stl
-- Up-to-date: /home/brunameinberg/Desktop/UGV-Embrapa-autonomous/ugv_embrapa_ws/install/osr_gazebo/share/osr_gazebo//meshes/wheel_link_left_2.stl
-- Up-to-date: /home/brunameinberg/Desktop/UGV-Embrapa-autonomous/ugv_embrapa_ws/install/osr_gazebo/share/osr_gazebo//meshes/wheel_link_right_2.stl
-- Up-to-date: /home/brunameinberg/Desktop/UGV-Embrapa-autonomous/ugv_embrapa_ws/install/osr_gazebo/share/osr_gazebo//meshes/wheel_middle_left.stl
-- Up-to-date: /home/brunameinberg/Desktop/UGV-Embrapa-autonomous/ugv_embrapa_ws/install/osr_gazebo/share/osr_gazebo//rviz
-- Up-to-date: /home/brunameinberg/Desktop/UGV-Embrapa-autonomous/ugv_embrapa_ws/install/osr_gazebo/share/osr_gazebo//rviz/rviz_settings.rviz
-- Up-to-date: /home/brunameinberg/Desktop/UGV-Embrapa-autonomous/ugv_embrapa_ws/install/osr_gazebo/lib/osr_gazebo/osr_controller
-- Up-to-date: /home/brunameinberg/Desktop/UGV-Embrapa-autonomous/ugv_embrapa_ws/install/osr_gazebo/share/ament_index/resource_index/package_run_dependencies/osr_gazebo
-- Up-to-date: /home/brunameinberg/Desktop/UGV-Embrapa-autonomous/ugv_embrapa_ws/install/osr_gazebo/share/ament_index/resource_index/parent_prefix_path/osr_gazebo
-- Up-to-date: /home/brunameinberg/Desktop/UGV-Embrapa-autonomous/ugv_embrapa_ws/install/osr_gazebo/share/osr_gazebo/environment/ament_prefix_path.sh
-- Up-to-date: /home/brunameinberg/Desktop/UGV-Embrapa-autonomous/ugv_embrapa_ws/install/osr_gazebo/share/osr_gazebo/environment/ament_prefix_path.dsv
-- Up-to-date: /home/brunameinberg/Desktop/UGV-Embrapa-autonomous/ugv_embrapa_ws/install/osr_gazebo/share/osr_gazebo/environment/path.sh
-- Up-to-date: /home/brunameinberg/Desktop/UGV-Embrapa-autonomous/ugv_embrapa_ws/install/osr_gazebo/share/osr_gazebo/environment/path.dsv
-- Up-to-date: /home/brunameinberg/Desktop/UGV-Embrapa-autonomous/ugv_embrapa_ws/install/osr_gazebo/share/osr_gazebo/local_setup.bash
-- Up-to-date: /home/brunameinberg/Desktop/UGV-Embrapa-autonomous/ugv_embrapa_ws/install/osr_gazebo/share/osr_gazebo/local_setup.sh
-- Up-to-date: /home/brunameinberg/Desktop/UGV-Embrapa-autonomous/ugv_embrapa_ws/install/osr_gazebo/share/osr_gazebo/local_setup.zsh
-- Up-to-date: /home/brunameinberg/Desktop/UGV-Embrapa-autonomous/ugv_embrapa_ws/install/osr_gazebo/share/osr_gazebo/local_setup.dsv
-- Installing: /home/brunameinberg/Desktop/UGV-Embrapa-autonomous/ugv_embrapa_ws/install/osr_gazebo/share/osr_gazebo/package.dsv
-- Up-to-date: /home/brunameinberg/Desktop/UGV-Embrapa-autonomous/ugv_embrapa_ws/install/osr_gazebo/share/ament_index/resource_index/packages/osr_gazebo
-- Up-to-date: /home/brunameinberg/Desktop/UGV-Embrapa-autonomous/ugv_embrapa_ws/install/osr_gazebo/share/osr_gazebo/cmake/osr_gazeboConfig.cmake
-- Up-to-date: /home/brunameinberg/Desktop/UGV-Embrapa-autonomous/ugv_embrapa_ws/install/osr_gazebo/share/osr_gazebo/cmake/osr_gazeboConfig-version.cmake
-- Up-to-date: /home/brunameinberg/Desktop/UGV-Embrapa-autonomous/ugv_embrapa_ws/install/osr_gazebo/share/osr_gazebo/package.xml
