[0.184s] Invoking command in '/home/brunameinberg/Desktop/UGV-Embrapa-autonomous/ugv_embrapa_ws/build/osr_bringup': CMAKE_PREFIX_PATH=${CMAKE_PREFIX_PATH}:/home/brunameinberg/Desktop/UGV-Embrapa-autonomous/install/osr_control:/home/brunameinberg/Desktop/UGV-Embrapa-autonomous/install/osr_autonomous:/opt/ros/humble /usr/bin/cmake /home/brunameinberg/Desktop/UGV-Embrapa-autonomous/ugv_embrapa_ws/src/osr_bringup -DCMAKE_INSTALL_PREFIX=/home/brunameinberg/Desktop/UGV-Embrapa-autonomous/ugv_embrapa_ws/install/osr_bringup
[0.220s] -- The C compiler identification is GNU 11.4.0
[0.259s] -- The CXX compiler identification is GNU 11.4.0
[0.265s] -- Detecting C compiler ABI info
[0.310s] -- Detecting C compiler ABI info - done
[0.320s] -- Check for working C compiler: /usr/bin/cc - skipped
[0.320s] -- Detecting C compile features
[0.321s] -- Detecting C compile features - done
[0.324s] -- Detecting CXX compiler ABI info
[0.381s] -- Detecting CXX compiler ABI info - done
[0.390s] -- Check for working CXX compiler: /usr/bin/c++ - skipped
[0.391s] -- Detecting CXX compile features
[0.391s] -- Detecting CXX compile features - done
[0.394s] -- Found ament_cmake: 1.3.11 (/opt/ros/humble/share/ament_cmake/cmake)
[0.510s] -- Found Python3: /usr/bin/python3 (found version "3.10.12") found components: Interpreter 
[0.576s] -- Found ament_lint_auto: 0.12.11 (/opt/ros/humble/share/ament_lint_auto/cmake)
[0.627s] -- Added test 'copyright' to check source files copyright and LICENSE
[0.629s] -- Added test 'flake8' to check Python code syntax and style conventions
[0.630s] -- Added test 'lint_cmake' to check CMake code style
[0.630s] -- Added test 'pep257' to check Python code against some of the docstring style conventions in PEP 257
[0.631s] -- Added test 'xmllint' to check XML markup files
[0.633s] -- Configuring done
[0.636s] -- Generating done
[0.638s] -- Build files have been written to: /home/brunameinberg/Desktop/UGV-Embrapa-autonomous/ugv_embrapa_ws/build/osr_bringup
[0.644s] Invoked command in '/home/brunameinberg/Desktop/UGV-Embrapa-autonomous/ugv_embrapa_ws/build/osr_bringup' returned '0': CMAKE_PREFIX_PATH=${CMAKE_PREFIX_PATH}:/home/brunameinberg/Desktop/UGV-Embrapa-autonomous/install/osr_control:/home/brunameinberg/Desktop/UGV-Embrapa-autonomous/install/osr_autonomous:/opt/ros/humble /usr/bin/cmake /home/brunameinberg/Desktop/UGV-Embrapa-autonomous/ugv_embrapa_ws/src/osr_bringup -DCMAKE_INSTALL_PREFIX=/home/brunameinberg/Desktop/UGV-Embrapa-autonomous/ugv_embrapa_ws/install/osr_bringup
[0.645s] Invoking command in '/home/brunameinberg/Desktop/UGV-Embrapa-autonomous/ugv_embrapa_ws/build/osr_bringup': CMAKE_PREFIX_PATH=${CMAKE_PREFIX_PATH}:/home/brunameinberg/Desktop/UGV-Embrapa-autonomous/install/osr_control:/home/brunameinberg/Desktop/UGV-Embrapa-autonomous/install/osr_autonomous:/opt/ros/humble /usr/bin/cmake --build /home/brunameinberg/Desktop/UGV-Embrapa-autonomous/ugv_embrapa_ws/build/osr_bringup -- -j8 -l8
[0.670s] Invoked command in '/home/brunameinberg/Desktop/UGV-Embrapa-autonomous/ugv_embrapa_ws/build/osr_bringup' returned '0': CMAKE_PREFIX_PATH=${CMAKE_PREFIX_PATH}:/home/brunameinberg/Desktop/UGV-Embrapa-autonomous/install/osr_control:/home/brunameinberg/Desktop/UGV-Embrapa-autonomous/install/osr_autonomous:/opt/ros/humble /usr/bin/cmake --build /home/brunameinberg/Desktop/UGV-Embrapa-autonomous/ugv_embrapa_ws/build/osr_bringup -- -j8 -l8
[0.678s] Invoking command in '/home/brunameinberg/Desktop/UGV-Embrapa-autonomous/ugv_embrapa_ws/build/osr_bringup': CMAKE_PREFIX_PATH=${CMAKE_PREFIX_PATH}:/home/brunameinberg/Desktop/UGV-Embrapa-autonomous/install/osr_control:/home/brunameinberg/Desktop/UGV-Embrapa-autonomous/install/osr_autonomous:/opt/ros/humble /usr/bin/cmake --install /home/brunameinberg/Desktop/UGV-Embrapa-autonomous/ugv_embrapa_ws/build/osr_bringup
[0.683s] -- Install configuration: ""
[0.683s] -- Installing: /home/brunameinberg/Desktop/UGV-Embrapa-autonomous/ugv_embrapa_ws/install/osr_bringup/share/osr_bringup/launch
[0.684s] -- Installing: /home/brunameinberg/Desktop/UGV-Embrapa-autonomous/ugv_embrapa_ws/install/osr_bringup/share/osr_bringup/launch/.gitignore
[0.684s] -- Installing: /home/brunameinberg/Desktop/UGV-Embrapa-autonomous/ugv_embrapa_ws/install/osr_bringup/share/osr_bringup/launch/osr_launch.py
[0.685s] -- Installing: /home/brunameinberg/Desktop/UGV-Embrapa-autonomous/ugv_embrapa_ws/install/osr_bringup/share/osr_bringup/config
[0.685s] -- Installing: /home/brunameinberg/Desktop/UGV-Embrapa-autonomous/ugv_embrapa_ws/install/osr_bringup/share/osr_bringup/config/osr_params.yaml
[0.685s] -- Installing: /home/brunameinberg/Desktop/UGV-Embrapa-autonomous/ugv_embrapa_ws/install/osr_bringup/share/osr_bringup/config/osr_ws.code-workspace
[0.685s] -- Installing: /home/brunameinberg/Desktop/UGV-Embrapa-autonomous/ugv_embrapa_ws/install/osr_bringup/share/osr_bringup/config/roboclaw_params.yaml
[0.686s] -- Installing: /home/brunameinberg/Desktop/UGV-Embrapa-autonomous/ugv_embrapa_ws/install/osr_bringup/share/osr_bringup/config/roboclaw_params_nomiddle.yaml
[0.686s] -- Installing: /home/brunameinberg/Desktop/UGV-Embrapa-autonomous/ugv_embrapa_ws/install/osr_bringup/share/ament_index/resource_index/package_run_dependencies/osr_bringup
[0.686s] -- Installing: /home/brunameinberg/Desktop/UGV-Embrapa-autonomous/ugv_embrapa_ws/install/osr_bringup/share/ament_index/resource_index/parent_prefix_path/osr_bringup
[0.687s] -- Installing: /home/brunameinberg/Desktop/UGV-Embrapa-autonomous/ugv_embrapa_ws/install/osr_bringup/share/osr_bringup/environment/ament_prefix_path.sh
[0.687s] -- Installing: /home/brunameinberg/Desktop/UGV-Embrapa-autonomous/ugv_embrapa_ws/install/osr_bringup/share/osr_bringup/environment/ament_prefix_path.dsv
[0.688s] -- Installing: /home/brunameinberg/Desktop/UGV-Embrapa-autonomous/ugv_embrapa_ws/install/osr_bringup/share/osr_bringup/environment/path.sh
[0.688s] -- Installing: /home/brunameinberg/Desktop/UGV-Embrapa-autonomous/ugv_embrapa_ws/install/osr_bringup/share/osr_bringup/environment/path.dsv
[0.688s] -- Installing: /home/brunameinberg/Desktop/UGV-Embrapa-autonomous/ugv_embrapa_ws/install/osr_bringup/share/osr_bringup/local_setup.bash
[0.689s] -- Installing: /home/brunameinberg/Desktop/UGV-Embrapa-autonomous/ugv_embrapa_ws/install/osr_bringup/share/osr_bringup/local_setup.sh
[0.689s] -- Installing: /home/brunameinberg/Desktop/UGV-Embrapa-autonomous/ugv_embrapa_ws/install/osr_bringup/share/osr_bringup/local_setup.zsh
[0.689s] -- Installing: /home/brunameinberg/Desktop/UGV-Embrapa-autonomous/ugv_embrapa_ws/install/osr_bringup/share/osr_bringup/local_setup.dsv
[0.690s] -- Installing: /home/brunameinberg/Desktop/UGV-Embrapa-autonomous/ugv_embrapa_ws/install/osr_bringup/share/osr_bringup/package.dsv
[0.690s] -- Installing: /home/brunameinberg/Desktop/UGV-Embrapa-autonomous/ugv_embrapa_ws/install/osr_bringup/share/ament_index/resource_index/packages/osr_bringup
[0.690s] -- Installing: /home/brunameinberg/Desktop/UGV-Embrapa-autonomous/ugv_embrapa_ws/install/osr_bringup/share/osr_bringup/cmake/osr_bringupConfig.cmake
[0.690s] -- Installing: /home/brunameinberg/Desktop/UGV-Embrapa-autonomous/ugv_embrapa_ws/install/osr_bringup/share/osr_bringup/cmake/osr_bringupConfig-version.cmake
[0.691s] -- Installing: /home/brunameinberg/Desktop/UGV-Embrapa-autonomous/ugv_embrapa_ws/install/osr_bringup/share/osr_bringup/package.xml
[0.691s] Invoked command in '/home/brunameinberg/Desktop/UGV-Embrapa-autonomous/ugv_embrapa_ws/build/osr_bringup' returned '0': CMAKE_PREFIX_PATH=${CMAKE_PREFIX_PATH}:/home/brunameinberg/Desktop/UGV-Embrapa-autonomous/install/osr_control:/home/brunameinberg/Desktop/UGV-Embrapa-autonomous/install/osr_autonomous:/opt/ros/humble /usr/bin/cmake --install /home/brunameinberg/Desktop/UGV-Embrapa-autonomous/ugv_embrapa_ws/build/osr_bringup
