[0.013s] Invoking command in '/home/brunameinberg/Desktop/UGV-Embrapa-autonomous/ugv_embrapa_ws/build/osr_interfaces': CMAKE_PREFIX_PATH=${CMAKE_PREFIX_PATH}:/home/brunameinberg/Desktop/UGV-Embrapa-autonomous/install/osr_control:/home/brunameinberg/Desktop/UGV-Embrapa-autonomous/install/osr_autonomous:/opt/ros/humble /usr/bin/cmake /home/brunameinberg/Desktop/UGV-Embrapa-autonomous/ugv_embrapa_ws/src/osr_interfaces -DCMAKE_INSTALL_PREFIX=/home/brunameinberg/Desktop/UGV-Embrapa-autonomous/ugv_embrapa_ws/install/osr_interfaces
[0.191s] -- The C compiler identification is GNU 11.4.0
[0.191s] -- The CXX compiler identification is GNU 11.4.0
[0.191s] -- Detecting C compiler ABI info
[0.192s] -- Detecting C compiler ABI info - done
[0.192s] -- Check for working C compiler: /usr/bin/cc - skipped
[0.192s] -- Detecting C compile features
[0.193s] -- Detecting C compile features - done
[0.193s] -- Detecting CXX compiler ABI info
[0.196s] -- Detecting CXX compiler ABI info - done
[0.207s] -- Check for working CXX compiler: /usr/bin/c++ - skipped
[0.207s] -- Detecting CXX compile features
[0.208s] -- Detecting CXX compile features - done
[0.211s] -- Found ament_cmake: 1.3.11 (/opt/ros/humble/share/ament_cmake/cmake)
[0.329s] -- Found Python3: /usr/bin/python3 (found version "3.10.12") found components: Interpreter 
[0.391s] -- Found rosidl_default_generators: 1.2.0 (/opt/ros/humble/share/rosidl_default_generators/cmake)
[0.393s] -- Using all available rosidl_typesupport_c: rosidl_typesupport_fastrtps_c;rosidl_typesupport_introspection_c
[0.396s] -- Found rosidl_adapter: 3.1.6 (/opt/ros/humble/share/rosidl_adapter/cmake)
[0.419s] -- Using all available rosidl_typesupport_cpp: rosidl_typesupport_fastrtps_cpp;rosidl_typesupport_introspection_cpp
[0.624s] -- Found ament_cmake_ros: 0.10.0 (/opt/ros/humble/share/ament_cmake_ros/cmake)
[0.757s] -- Using all available rosidl_typesupport_c: rosidl_typesupport_fastrtps_c;rosidl_typesupport_introspection_c
[0.925s] -- Using all available rosidl_typesupport_cpp: rosidl_typesupport_fastrtps_cpp;rosidl_typesupport_introspection_cpp
[0.943s] -- Found PythonInterp: /usr/bin/python3 (found suitable version "3.10.12", minimum required is "3.6") 
[0.944s] -- Found python_cmake_module: 0.10.0 (/opt/ros/humble/share/python_cmake_module/cmake)
[0.961s] -- Found PythonLibs: /usr/lib/x86_64-linux-gnu/libpython3.10.so (found suitable version "3.10.12", minimum required is "3.5") 
[0.961s] -- Using PYTHON_EXECUTABLE: /usr/bin/python3
[0.961s] -- Using PYTHON_INCLUDE_DIRS: /usr/include/python3.10
[0.961s] -- Using PYTHON_LIBRARIES: /usr/lib/x86_64-linux-gnu/libpython3.10.so
[0.975s] -- Found PythonExtra: .so  
[0.999s] -- Found ament_lint_auto: 0.12.11 (/opt/ros/humble/share/ament_lint_auto/cmake)
[1.015s] -- Added test 'copyright' to check source files copyright and LICENSE
[1.017s] -- Added test 'lint_cmake' to check CMake code style
[1.018s] -- Added test 'xmllint' to check XML markup files
[1.020s] -- Configuring done
[1.046s] -- Generating done
[1.053s] -- Build files have been written to: /home/brunameinberg/Desktop/UGV-Embrapa-autonomous/ugv_embrapa_ws/build/osr_interfaces
[1.058s] Invoked command in '/home/brunameinberg/Desktop/UGV-Embrapa-autonomous/ugv_embrapa_ws/build/osr_interfaces' returned '0': CMAKE_PREFIX_PATH=${CMAKE_PREFIX_PATH}:/home/brunameinberg/Desktop/UGV-Embrapa-autonomous/install/osr_control:/home/brunameinberg/Desktop/UGV-Embrapa-autonomous/install/osr_autonomous:/opt/ros/humble /usr/bin/cmake /home/brunameinberg/Desktop/UGV-Embrapa-autonomous/ugv_embrapa_ws/src/osr_interfaces -DCMAKE_INSTALL_PREFIX=/home/brunameinberg/Desktop/UGV-Embrapa-autonomous/ugv_embrapa_ws/install/osr_interfaces
[1.059s] Invoking command in '/home/brunameinberg/Desktop/UGV-Embrapa-autonomous/ugv_embrapa_ws/build/osr_interfaces': CMAKE_PREFIX_PATH=${CMAKE_PREFIX_PATH}:/home/brunameinberg/Desktop/UGV-Embrapa-autonomous/install/osr_control:/home/brunameinberg/Desktop/UGV-Embrapa-autonomous/install/osr_autonomous:/opt/ros/humble /usr/bin/cmake --build /home/brunameinberg/Desktop/UGV-Embrapa-autonomous/ugv_embrapa_ws/build/osr_interfaces -- -j8 -l8
[1.086s] [  2%] [34m[1mGenerating C code for ROS interfaces[0m
[1.093s] [  4%] [34m[1mGenerating C++ code for ROS interfaces[0m
[1.103s] [  4%] Built target ament_cmake_python_copy_osr_interfaces
[1.261s] running egg_info
[1.261s] creating osr_interfaces.egg-info
[1.261s] writing osr_interfaces.egg-info/PKG-INFO
[1.261s] writing dependency_links to osr_interfaces.egg-info/dependency_links.txt
[1.261s] writing top-level names to osr_interfaces.egg-info/top_level.txt
[1.261s] writing manifest file 'osr_interfaces.egg-info/SOURCES.txt'
[1.263s] reading manifest file 'osr_interfaces.egg-info/SOURCES.txt'
[1.263s] writing manifest file 'osr_interfaces.egg-info/SOURCES.txt'
[1.283s] [  4%] Built target ament_cmake_python_build_osr_interfaces_egg
[1.393s] [  6%] [32mBuilding C object CMakeFiles/osr_interfaces__rosidl_generator_c.dir/rosidl_generator_c/osr_interfaces/msg/detail/command_drive__functions.c.o[0m
[1.394s] [  8%] [32mBuilding C object CMakeFiles/osr_interfaces__rosidl_generator_c.dir/rosidl_generator_c/osr_interfaces/msg/detail/command_corner__functions.c.o[0m
[1.395s] [ 10%] [32mBuilding C object CMakeFiles/osr_interfaces__rosidl_generator_c.dir/rosidl_generator_c/osr_interfaces/msg/detail/status__functions.c.o[0m
[1.438s] [ 12%] [32m[1mLinking C shared library libosr_interfaces__rosidl_generator_c.so[0m
[1.439s] [ 12%] Built target osr_interfaces__cpp
[1.446s] [ 14%] [34m[1mGenerating C++ type support dispatch for ROS interfaces[0m
[1.446s] [ 17%] [34m[1mGenerating C++ introspection for ROS interfaces[0m
[1.446s] [ 19%] [34m[1mGenerating C++ type support for eProsima Fast-RTPS[0m
[1.474s] [ 19%] Built target osr_interfaces__rosidl_generator_c
[1.485s] [ 25%] [34m[1mGenerating C type support for eProsima Fast-RTPS[0m
[1.485s] [ 25%] [34m[1mGenerating C introspection for ROS interfaces[0m
[1.485s] [ 25%] [34m[1mGenerating C type support dispatch for ROS interfaces[0m
[1.848s] [ 29%] [32mBuilding CXX object CMakeFiles/osr_interfaces__rosidl_typesupport_cpp.dir/rosidl_typesupport_cpp/osr_interfaces/msg/command_drive__type_support.cpp.o[0m
[1.848s] [ 29%] [32mBuilding CXX object CMakeFiles/osr_interfaces__rosidl_typesupport_cpp.dir/rosidl_typesupport_cpp/osr_interfaces/msg/status__type_support.cpp.o[0m
[1.849s] [ 31%] [32mBuilding CXX object CMakeFiles/osr_interfaces__rosidl_typesupport_cpp.dir/rosidl_typesupport_cpp/osr_interfaces/msg/command_corner__type_support.cpp.o[0m
[1.860s] [ 34%] [32mBuilding CXX object CMakeFiles/osr_interfaces__rosidl_typesupport_fastrtps_c.dir/rosidl_typesupport_fastrtps_c/osr_interfaces/msg/detail/status__type_support_c.cpp.o[0m
[1.906s] [ 36%] [32mBuilding CXX object CMakeFiles/osr_interfaces__rosidl_typesupport_c.dir/rosidl_typesupport_c/osr_interfaces/msg/status__type_support.cpp.o[0m
[1.949s] [ 38%] [32mBuilding CXX object CMakeFiles/osr_interfaces__rosidl_typesupport_c.dir/rosidl_typesupport_c/osr_interfaces/msg/command_drive__type_support.cpp.o[0m
[1.949s] [ 40%] [32mBuilding CXX object CMakeFiles/osr_interfaces__rosidl_typesupport_introspection_cpp.dir/rosidl_typesupport_introspection_cpp/osr_interfaces/msg/detail/status__type_support.cpp.o[0m
[1.984s] [ 42%] [32mBuilding CXX object CMakeFiles/osr_interfaces__rosidl_typesupport_c.dir/rosidl_typesupport_c/osr_interfaces/msg/command_corner__type_support.cpp.o[0m
[1.999s] [ 44%] [32mBuilding C object CMakeFiles/osr_interfaces__rosidl_typesupport_introspection_c.dir/rosidl_typesupport_introspection_c/osr_interfaces/msg/detail/status__type_support.c.o[0m
[2.009s] [ 46%] [32mBuilding CXX object CMakeFiles/osr_interfaces__rosidl_typesupport_fastrtps_cpp.dir/rosidl_typesupport_fastrtps_cpp/osr_interfaces/msg/detail/dds_fastrtps/status__type_support.cpp.o[0m
[2.033s] [ 48%] [32m[1mLinking CXX shared library libosr_interfaces__rosidl_typesupport_c.so[0m
[2.049s] [ 51%] [32mBuilding C object CMakeFiles/osr_interfaces__rosidl_typesupport_introspection_c.dir/rosidl_typesupport_introspection_c/osr_interfaces/msg/detail/command_drive__type_support.c.o[0m
[2.082s] [ 53%] [32mBuilding C object CMakeFiles/osr_interfaces__rosidl_typesupport_introspection_c.dir/rosidl_typesupport_introspection_c/osr_interfaces/msg/detail/command_corner__type_support.c.o[0m
[2.114s] [ 55%] [32m[1mLinking C shared library libosr_interfaces__rosidl_typesupport_introspection_c.so[0m
[2.124s] [ 55%] Built target osr_interfaces__rosidl_typesupport_c
[2.132s] [ 57%] [32mBuilding CXX object CMakeFiles/osr_interfaces__rosidl_typesupport_introspection_cpp.dir/rosidl_typesupport_introspection_cpp/osr_interfaces/msg/detail/command_drive__type_support.cpp.o[0m
[2.145s] [ 59%] [32mBuilding CXX object CMakeFiles/osr_interfaces__rosidl_typesupport_fastrtps_c.dir/rosidl_typesupport_fastrtps_c/osr_interfaces/msg/detail/command_drive__type_support_c.cpp.o[0m
[2.147s] [ 61%] [32mBuilding CXX object CMakeFiles/osr_interfaces__rosidl_typesupport_fastrtps_c.dir/rosidl_typesupport_fastrtps_c/osr_interfaces/msg/detail/command_corner__type_support_c.cpp.o[0m
[2.148s] [ 61%] Built target osr_interfaces__rosidl_typesupport_introspection_c
[2.158s] [ 63%] [32mBuilding CXX object CMakeFiles/osr_interfaces__rosidl_typesupport_introspection_cpp.dir/rosidl_typesupport_introspection_cpp/osr_interfaces/msg/detail/command_corner__type_support.cpp.o[0m
[2.182s] [ 65%] [32m[1mLinking CXX shared library libosr_interfaces__rosidl_typesupport_cpp.so[0m
[2.258s] [ 68%] [32mBuilding CXX object CMakeFiles/osr_interfaces__rosidl_typesupport_fastrtps_cpp.dir/rosidl_typesupport_fastrtps_cpp/osr_interfaces/msg/detail/dds_fastrtps/command_drive__type_support.cpp.o[0m
[2.276s] [ 68%] Built target osr_interfaces__rosidl_typesupport_cpp
[2.297s] [ 70%] [32mBuilding CXX object CMakeFiles/osr_interfaces__rosidl_typesupport_fastrtps_cpp.dir/rosidl_typesupport_fastrtps_cpp/osr_interfaces/msg/detail/dds_fastrtps/command_corner__type_support.cpp.o[0m
[2.498s] [ 72%] [32m[1mLinking CXX shared library libosr_interfaces__rosidl_typesupport_fastrtps_c.so[0m
[2.553s] [ 72%] Built target osr_interfaces__rosidl_typesupport_fastrtps_c
[2.655s] [ 74%] [32m[1mLinking CXX shared library libosr_interfaces__rosidl_typesupport_introspection_cpp.so[0m
[2.709s] [ 74%] Built target osr_interfaces__rosidl_typesupport_introspection_cpp
[2.770s] [ 76%] [32m[1mLinking CXX shared library libosr_interfaces__rosidl_typesupport_fastrtps_cpp.so[0m
[2.823s] [ 76%] Built target osr_interfaces__rosidl_typesupport_fastrtps_cpp
[2.841s] [ 76%] Built target osr_interfaces
[2.854s] [ 78%] [34m[1mGenerating Python code for ROS interfaces[0m
[3.255s] [ 78%] Built target osr_interfaces__py
[3.267s] [ 85%] [32mBuilding C object CMakeFiles/osr_interfaces__rosidl_generator_py.dir/rosidl_generator_py/osr_interfaces/msg/_status_s.c.o[0m
[3.268s] [ 85%] [32mBuilding C object CMakeFiles/osr_interfaces__rosidl_generator_py.dir/rosidl_generator_py/osr_interfaces/msg/_command_drive_s.c.o[0m
[3.268s] [ 85%] [32mBuilding C object CMakeFiles/osr_interfaces__rosidl_generator_py.dir/rosidl_generator_py/osr_interfaces/msg/_command_corner_s.c.o[0m
[3.339s] [ 87%] [32m[1mLinking C shared library rosidl_generator_py/osr_interfaces/libosr_interfaces__rosidl_generator_py.so[0m
[3.366s] [ 87%] Built target osr_interfaces__rosidl_generator_py
[3.380s] [ 89%] [32mBuilding C object CMakeFiles/osr_interfaces__rosidl_typesupport_fastrtps_c__pyext.dir/rosidl_generator_py/osr_interfaces/_osr_interfaces_s.ep.rosidl_typesupport_fastrtps_c.c.o[0m
[3.380s] [ 93%] [32mBuilding C object CMakeFiles/osr_interfaces__rosidl_typesupport_introspection_c__pyext.dir/rosidl_generator_py/osr_interfaces/_osr_interfaces_s.ep.rosidl_typesupport_introspection_c.c.o[0m
[3.380s] [ 93%] [32mBuilding C object CMakeFiles/osr_interfaces__rosidl_typesupport_c__pyext.dir/rosidl_generator_py/osr_interfaces/_osr_interfaces_s.ep.rosidl_typesupport_c.c.o[0m
[3.444s] [ 95%] [32m[1mLinking C shared library rosidl_generator_py/osr_interfaces/osr_interfaces_s__rosidl_typesupport_c.cpython-310-x86_64-linux-gnu.so[0m
[3.444s] [ 97%] [32m[1mLinking C shared library rosidl_generator_py/osr_interfaces/osr_interfaces_s__rosidl_typesupport_fastrtps_c.cpython-310-x86_64-linux-gnu.so[0m
[3.446s] [100%] [32m[1mLinking C shared library rosidl_generator_py/osr_interfaces/osr_interfaces_s__rosidl_typesupport_introspection_c.cpython-310-x86_64-linux-gnu.so[0m
[3.465s] [100%] Built target osr_interfaces__rosidl_typesupport_c__pyext
[3.465s] [100%] Built target osr_interfaces__rosidl_typesupport_fastrtps_c__pyext
[3.468s] [100%] Built target osr_interfaces__rosidl_typesupport_introspection_c__pyext
[3.476s] Invoked command in '/home/brunameinberg/Desktop/UGV-Embrapa-autonomous/ugv_embrapa_ws/build/osr_interfaces' returned '0': CMAKE_PREFIX_PATH=${CMAKE_PREFIX_PATH}:/home/brunameinberg/Desktop/UGV-Embrapa-autonomous/install/osr_control:/home/brunameinberg/Desktop/UGV-Embrapa-autonomous/install/osr_autonomous:/opt/ros/humble /usr/bin/cmake --build /home/brunameinberg/Desktop/UGV-Embrapa-autonomous/ugv_embrapa_ws/build/osr_interfaces -- -j8 -l8
[3.478s] Invoking command in '/home/brunameinberg/Desktop/UGV-Embrapa-autonomous/ugv_embrapa_ws/build/osr_interfaces': CMAKE_PREFIX_PATH=${CMAKE_PREFIX_PATH}:/home/brunameinberg/Desktop/UGV-Embrapa-autonomous/install/osr_control:/home/brunameinberg/Desktop/UGV-Embrapa-autonomous/install/osr_autonomous:/opt/ros/humble /usr/bin/cmake --install /home/brunameinberg/Desktop/UGV-Embrapa-autonomous/ugv_embrapa_ws/build/osr_interfaces
[3.483s] -- Install configuration: ""
[3.483s] -- Installing: /home/brunameinberg/Desktop/UGV-Embrapa-autonomous/ugv_embrapa_ws/install/osr_interfaces/share/ament_index/resource_index/rosidl_interfaces/osr_interfaces
[3.483s] -- Installing: /home/brunameinberg/Desktop/UGV-Embrapa-autonomous/ugv_embrapa_ws/install/osr_interfaces/include/osr_interfaces/osr_interfaces
[3.483s] -- Installing: /home/brunameinberg/Desktop/UGV-Embrapa-autonomous/ugv_embrapa_ws/install/osr_interfaces/include/osr_interfaces/osr_interfaces/msg
[3.484s] -- Installing: /home/brunameinberg/Desktop/UGV-Embrapa-autonomous/ugv_embrapa_ws/install/osr_interfaces/include/osr_interfaces/osr_interfaces/msg/rosidl_generator_c__visibility_control.h
[3.484s] -- Installing: /home/brunameinberg/Desktop/UGV-Embrapa-autonomous/ugv_embrapa_ws/install/osr_interfaces/include/osr_interfaces/osr_interfaces/msg/status.h
[3.484s] -- Installing: /home/brunameinberg/Desktop/UGV-Embrapa-autonomous/ugv_embrapa_ws/install/osr_interfaces/include/osr_interfaces/osr_interfaces/msg/detail
[3.484s] -- Installing: /home/brunameinberg/Desktop/UGV-Embrapa-autonomous/ugv_embrapa_ws/install/osr_interfaces/include/osr_interfaces/osr_interfaces/msg/detail/status__functions.c
[3.484s] -- Installing: /home/brunameinberg/Desktop/UGV-Embrapa-autonomous/ugv_embrapa_ws/install/osr_interfaces/include/osr_interfaces/osr_interfaces/msg/detail/status__functions.h
[3.484s] -- Installing: /home/brunameinberg/Desktop/UGV-Embrapa-autonomous/ugv_embrapa_ws/install/osr_interfaces/include/osr_interfaces/osr_interfaces/msg/detail/status__struct.h
[3.484s] -- Installing: /home/brunameinberg/Desktop/UGV-Embrapa-autonomous/ugv_embrapa_ws/install/osr_interfaces/include/osr_interfaces/osr_interfaces/msg/detail/status__type_support.h
[3.485s] -- Installing: /home/brunameinberg/Desktop/UGV-Embrapa-autonomous/ugv_embrapa_ws/install/osr_interfaces/include/osr_interfaces/osr_interfaces/msg/detail/command_drive__functions.c
[3.485s] -- Installing: /home/brunameinberg/Desktop/UGV-Embrapa-autonomous/ugv_embrapa_ws/install/osr_interfaces/include/osr_interfaces/osr_interfaces/msg/detail/command_drive__functions.h
[3.485s] -- Installing: /home/brunameinberg/Desktop/UGV-Embrapa-autonomous/ugv_embrapa_ws/install/osr_interfaces/include/osr_interfaces/osr_interfaces/msg/detail/command_drive__struct.h
[3.485s] -- Installing: /home/brunameinberg/Desktop/UGV-Embrapa-autonomous/ugv_embrapa_ws/install/osr_interfaces/include/osr_interfaces/osr_interfaces/msg/detail/command_drive__type_support.h
[3.485s] -- Installing: /home/brunameinberg/Desktop/UGV-Embrapa-autonomous/ugv_embrapa_ws/install/osr_interfaces/include/osr_interfaces/osr_interfaces/msg/detail/command_corner__functions.c
[3.485s] -- Installing: /home/brunameinberg/Desktop/UGV-Embrapa-autonomous/ugv_embrapa_ws/install/osr_interfaces/include/osr_interfaces/osr_interfaces/msg/detail/command_corner__functions.h
[3.486s] -- Installing: /home/brunameinberg/Desktop/UGV-Embrapa-autonomous/ugv_embrapa_ws/install/osr_interfaces/include/osr_interfaces/osr_interfaces/msg/detail/command_corner__struct.h
[3.486s] -- Installing: /home/brunameinberg/Desktop/UGV-Embrapa-autonomous/ugv_embrapa_ws/install/osr_interfaces/include/osr_interfaces/osr_interfaces/msg/detail/command_corner__type_support.h
[3.486s] -- Installing: /home/brunameinberg/Desktop/UGV-Embrapa-autonomous/ugv_embrapa_ws/install/osr_interfaces/include/osr_interfaces/osr_interfaces/msg/command_drive.h
[3.486s] -- Installing: /home/brunameinberg/Desktop/UGV-Embrapa-autonomous/ugv_embrapa_ws/install/osr_interfaces/include/osr_interfaces/osr_interfaces/msg/command_corner.h
[3.486s] -- Installing: /home/brunameinberg/Desktop/UGV-Embrapa-autonomous/ugv_embrapa_ws/install/osr_interfaces/share/osr_interfaces/environment/library_path.sh
[3.486s] -- Installing: /home/brunameinberg/Desktop/UGV-Embrapa-autonomous/ugv_embrapa_ws/install/osr_interfaces/share/osr_interfaces/environment/library_path.dsv
[3.486s] -- Installing: /home/brunameinberg/Desktop/UGV-Embrapa-autonomous/ugv_embrapa_ws/install/osr_interfaces/lib/libosr_interfaces__rosidl_generator_c.so
[3.488s] -- Set runtime path of "/home/brunameinberg/Desktop/UGV-Embrapa-autonomous/ugv_embrapa_ws/install/osr_interfaces/lib/libosr_interfaces__rosidl_generator_c.so" to ""
[3.488s] -- Up-to-date: /home/brunameinberg/Desktop/UGV-Embrapa-autonomous/ugv_embrapa_ws/install/osr_interfaces/include/osr_interfaces/osr_interfaces
[3.488s] -- Up-to-date: /home/brunameinberg/Desktop/UGV-Embrapa-autonomous/ugv_embrapa_ws/install/osr_interfaces/include/osr_interfaces/osr_interfaces/msg
[3.488s] -- Installing: /home/brunameinberg/Desktop/UGV-Embrapa-autonomous/ugv_embrapa_ws/install/osr_interfaces/include/osr_interfaces/osr_interfaces/msg/rosidl_typesupport_fastrtps_c__visibility_control.h
[3.488s] -- Up-to-date: /home/brunameinberg/Desktop/UGV-Embrapa-autonomous/ugv_embrapa_ws/install/osr_interfaces/include/osr_interfaces/osr_interfaces/msg/detail
[3.489s] -- Installing: /home/brunameinberg/Desktop/UGV-Embrapa-autonomous/ugv_embrapa_ws/install/osr_interfaces/include/osr_interfaces/osr_interfaces/msg/detail/status__rosidl_typesupport_fastrtps_c.h
[3.489s] -- Installing: /home/brunameinberg/Desktop/UGV-Embrapa-autonomous/ugv_embrapa_ws/install/osr_interfaces/include/osr_interfaces/osr_interfaces/msg/detail/command_drive__rosidl_typesupport_fastrtps_c.h
[3.489s] -- Installing: /home/brunameinberg/Desktop/UGV-Embrapa-autonomous/ugv_embrapa_ws/install/osr_interfaces/include/osr_interfaces/osr_interfaces/msg/detail/command_corner__rosidl_typesupport_fastrtps_c.h
[3.489s] -- Installing: /home/brunameinberg/Desktop/UGV-Embrapa-autonomous/ugv_embrapa_ws/install/osr_interfaces/lib/libosr_interfaces__rosidl_typesupport_fastrtps_c.so
[3.490s] -- Set runtime path of "/home/brunameinberg/Desktop/UGV-Embrapa-autonomous/ugv_embrapa_ws/install/osr_interfaces/lib/libosr_interfaces__rosidl_typesupport_fastrtps_c.so" to ""
[3.490s] -- Up-to-date: /home/brunameinberg/Desktop/UGV-Embrapa-autonomous/ugv_embrapa_ws/install/osr_interfaces/include/osr_interfaces/osr_interfaces
[3.490s] -- Up-to-date: /home/brunameinberg/Desktop/UGV-Embrapa-autonomous/ugv_embrapa_ws/install/osr_interfaces/include/osr_interfaces/osr_interfaces/msg
[3.491s] -- Installing: /home/brunameinberg/Desktop/UGV-Embrapa-autonomous/ugv_embrapa_ws/install/osr_interfaces/include/osr_interfaces/osr_interfaces/msg/rosidl_typesupport_introspection_c__visibility_control.h
[3.491s] -- Up-to-date: /home/brunameinberg/Desktop/UGV-Embrapa-autonomous/ugv_embrapa_ws/install/osr_interfaces/include/osr_interfaces/osr_interfaces/msg/detail
[3.491s] -- Installing: /home/brunameinberg/Desktop/UGV-Embrapa-autonomous/ugv_embrapa_ws/install/osr_interfaces/include/osr_interfaces/osr_interfaces/msg/detail/status__rosidl_typesupport_introspection_c.h
[3.491s] -- Installing: /home/brunameinberg/Desktop/UGV-Embrapa-autonomous/ugv_embrapa_ws/install/osr_interfaces/include/osr_interfaces/osr_interfaces/msg/detail/status__type_support.c
[3.491s] -- Installing: /home/brunameinberg/Desktop/UGV-Embrapa-autonomous/ugv_embrapa_ws/install/osr_interfaces/include/osr_interfaces/osr_interfaces/msg/detail/command_drive__rosidl_typesupport_introspection_c.h
[3.491s] -- Installing: /home/brunameinberg/Desktop/UGV-Embrapa-autonomous/ugv_embrapa_ws/install/osr_interfaces/include/osr_interfaces/osr_interfaces/msg/detail/command_drive__type_support.c
[3.491s] -- Installing: /home/brunameinberg/Desktop/UGV-Embrapa-autonomous/ugv_embrapa_ws/install/osr_interfaces/include/osr_interfaces/osr_interfaces/msg/detail/command_corner__rosidl_typesupport_introspection_c.h
[3.491s] -- Installing: /home/brunameinberg/Desktop/UGV-Embrapa-autonomous/ugv_embrapa_ws/install/osr_interfaces/include/osr_interfaces/osr_interfaces/msg/detail/command_corner__type_support.c
[3.491s] -- Installing: /home/brunameinberg/Desktop/UGV-Embrapa-autonomous/ugv_embrapa_ws/install/osr_interfaces/lib/libosr_interfaces__rosidl_typesupport_introspection_c.so
[3.493s] -- Set runtime path of "/home/brunameinberg/Desktop/UGV-Embrapa-autonomous/ugv_embrapa_ws/install/osr_interfaces/lib/libosr_interfaces__rosidl_typesupport_introspection_c.so" to ""
[3.493s] -- Installing: /home/brunameinberg/Desktop/UGV-Embrapa-autonomous/ugv_embrapa_ws/install/osr_interfaces/lib/libosr_interfaces__rosidl_typesupport_c.so
[3.494s] -- Set runtime path of "/home/brunameinberg/Desktop/UGV-Embrapa-autonomous/ugv_embrapa_ws/install/osr_interfaces/lib/libosr_interfaces__rosidl_typesupport_c.so" to ""
[3.495s] -- Up-to-date: /home/brunameinberg/Desktop/UGV-Embrapa-autonomous/ugv_embrapa_ws/install/osr_interfaces/include/osr_interfaces/osr_interfaces
[3.495s] -- Up-to-date: /home/brunameinberg/Desktop/UGV-Embrapa-autonomous/ugv_embrapa_ws/install/osr_interfaces/include/osr_interfaces/osr_interfaces/msg
[3.495s] -- Installing: /home/brunameinberg/Desktop/UGV-Embrapa-autonomous/ugv_embrapa_ws/install/osr_interfaces/include/osr_interfaces/osr_interfaces/msg/rosidl_generator_cpp__visibility_control.hpp
[3.495s] -- Installing: /home/brunameinberg/Desktop/UGV-Embrapa-autonomous/ugv_embrapa_ws/install/osr_interfaces/include/osr_interfaces/osr_interfaces/msg/status.hpp
[3.495s] -- Up-to-date: /home/brunameinberg/Desktop/UGV-Embrapa-autonomous/ugv_embrapa_ws/install/osr_interfaces/include/osr_interfaces/osr_interfaces/msg/detail
[3.495s] -- Installing: /home/brunameinberg/Desktop/UGV-Embrapa-autonomous/ugv_embrapa_ws/install/osr_interfaces/include/osr_interfaces/osr_interfaces/msg/detail/status__builder.hpp
[3.495s] -- Installing: /home/brunameinberg/Desktop/UGV-Embrapa-autonomous/ugv_embrapa_ws/install/osr_interfaces/include/osr_interfaces/osr_interfaces/msg/detail/status__struct.hpp
[3.495s] -- Installing: /home/brunameinberg/Desktop/UGV-Embrapa-autonomous/ugv_embrapa_ws/install/osr_interfaces/include/osr_interfaces/osr_interfaces/msg/detail/status__traits.hpp
[3.495s] -- Installing: /home/brunameinberg/Desktop/UGV-Embrapa-autonomous/ugv_embrapa_ws/install/osr_interfaces/include/osr_interfaces/osr_interfaces/msg/detail/status__type_support.hpp
[3.496s] -- Installing: /home/brunameinberg/Desktop/UGV-Embrapa-autonomous/ugv_embrapa_ws/install/osr_interfaces/include/osr_interfaces/osr_interfaces/msg/detail/command_drive__builder.hpp
[3.496s] -- Installing: /home/brunameinberg/Desktop/UGV-Embrapa-autonomous/ugv_embrapa_ws/install/osr_interfaces/include/osr_interfaces/osr_interfaces/msg/detail/command_drive__struct.hpp
[3.496s] -- Installing: /home/brunameinberg/Desktop/UGV-Embrapa-autonomous/ugv_embrapa_ws/install/osr_interfaces/include/osr_interfaces/osr_interfaces/msg/detail/command_drive__traits.hpp
[3.496s] -- Installing: /home/brunameinberg/Desktop/UGV-Embrapa-autonomous/ugv_embrapa_ws/install/osr_interfaces/include/osr_interfaces/osr_interfaces/msg/detail/command_drive__type_support.hpp
[3.496s] -- Installing: /home/brunameinberg/Desktop/UGV-Embrapa-autonomous/ugv_embrapa_ws/install/osr_interfaces/include/osr_interfaces/osr_interfaces/msg/detail/command_corner__builder.hpp
[3.496s] -- Installing: /home/brunameinberg/Desktop/UGV-Embrapa-autonomous/ugv_embrapa_ws/install/osr_interfaces/include/osr_interfaces/osr_interfaces/msg/detail/command_corner__struct.hpp
[3.497s] -- Installing: /home/brunameinberg/Desktop/UGV-Embrapa-autonomous/ugv_embrapa_ws/install/osr_interfaces/include/osr_interfaces/osr_interfaces/msg/detail/command_corner__traits.hpp
[3.497s] -- Installing: /home/brunameinberg/Desktop/UGV-Embrapa-autonomous/ugv_embrapa_ws/install/osr_interfaces/include/osr_interfaces/osr_interfaces/msg/detail/command_corner__type_support.hpp
[3.497s] -- Installing: /home/brunameinberg/Desktop/UGV-Embrapa-autonomous/ugv_embrapa_ws/install/osr_interfaces/include/osr_interfaces/osr_interfaces/msg/command_drive.hpp
[3.497s] -- Installing: /home/brunameinberg/Desktop/UGV-Embrapa-autonomous/ugv_embrapa_ws/install/osr_interfaces/include/osr_interfaces/osr_interfaces/msg/command_corner.hpp
[3.497s] -- Up-to-date: /home/brunameinberg/Desktop/UGV-Embrapa-autonomous/ugv_embrapa_ws/install/osr_interfaces/include/osr_interfaces/osr_interfaces
[3.497s] -- Up-to-date: /home/brunameinberg/Desktop/UGV-Embrapa-autonomous/ugv_embrapa_ws/install/osr_interfaces/include/osr_interfaces/osr_interfaces/msg
[3.497s] -- Installing: /home/brunameinberg/Desktop/UGV-Embrapa-autonomous/ugv_embrapa_ws/install/osr_interfaces/include/osr_interfaces/osr_interfaces/msg/rosidl_typesupport_fastrtps_cpp__visibility_control.h
[3.498s] -- Up-to-date: /home/brunameinberg/Desktop/UGV-Embrapa-autonomous/ugv_embrapa_ws/install/osr_interfaces/include/osr_interfaces/osr_interfaces/msg/detail
[3.498s] -- Installing: /home/brunameinberg/Desktop/UGV-Embrapa-autonomous/ugv_embrapa_ws/install/osr_interfaces/include/osr_interfaces/osr_interfaces/msg/detail/status__rosidl_typesupport_fastrtps_cpp.hpp
[3.498s] -- Installing: /home/brunameinberg/Desktop/UGV-Embrapa-autonomous/ugv_embrapa_ws/install/osr_interfaces/include/osr_interfaces/osr_interfaces/msg/detail/dds_fastrtps
[3.498s] -- Installing: /home/brunameinberg/Desktop/UGV-Embrapa-autonomous/ugv_embrapa_ws/install/osr_interfaces/include/osr_interfaces/osr_interfaces/msg/detail/command_drive__rosidl_typesupport_fastrtps_cpp.hpp
[3.498s] -- Installing: /home/brunameinberg/Desktop/UGV-Embrapa-autonomous/ugv_embrapa_ws/install/osr_interfaces/include/osr_interfaces/osr_interfaces/msg/detail/command_corner__rosidl_typesupport_fastrtps_cpp.hpp
[3.498s] -- Installing: /home/brunameinberg/Desktop/UGV-Embrapa-autonomous/ugv_embrapa_ws/install/osr_interfaces/lib/libosr_interfaces__rosidl_typesupport_fastrtps_cpp.so
[3.500s] -- Set runtime path of "/home/brunameinberg/Desktop/UGV-Embrapa-autonomous/ugv_embrapa_ws/install/osr_interfaces/lib/libosr_interfaces__rosidl_typesupport_fastrtps_cpp.so" to ""
[3.500s] -- Up-to-date: /home/brunameinberg/Desktop/UGV-Embrapa-autonomous/ugv_embrapa_ws/install/osr_interfaces/include/osr_interfaces/osr_interfaces
[3.500s] -- Up-to-date: /home/brunameinberg/Desktop/UGV-Embrapa-autonomous/ugv_embrapa_ws/install/osr_interfaces/include/osr_interfaces/osr_interfaces/msg
[3.500s] -- Up-to-date: /home/brunameinberg/Desktop/UGV-Embrapa-autonomous/ugv_embrapa_ws/install/osr_interfaces/include/osr_interfaces/osr_interfaces/msg/detail
[3.500s] -- Installing: /home/brunameinberg/Desktop/UGV-Embrapa-autonomous/ugv_embrapa_ws/install/osr_interfaces/include/osr_interfaces/osr_interfaces/msg/detail/status__rosidl_typesupport_introspection_cpp.hpp
[3.500s] -- Installing: /home/brunameinberg/Desktop/UGV-Embrapa-autonomous/ugv_embrapa_ws/install/osr_interfaces/include/osr_interfaces/osr_interfaces/msg/detail/status__type_support.cpp
[3.501s] -- Installing: /home/brunameinberg/Desktop/UGV-Embrapa-autonomous/ugv_embrapa_ws/install/osr_interfaces/include/osr_interfaces/osr_interfaces/msg/detail/command_drive__rosidl_typesupport_introspection_cpp.hpp
[3.501s] -- Installing: /home/brunameinberg/Desktop/UGV-Embrapa-autonomous/ugv_embrapa_ws/install/osr_interfaces/include/osr_interfaces/osr_interfaces/msg/detail/command_drive__type_support.cpp
[3.501s] -- Installing: /home/brunameinberg/Desktop/UGV-Embrapa-autonomous/ugv_embrapa_ws/install/osr_interfaces/include/osr_interfaces/osr_interfaces/msg/detail/command_corner__rosidl_typesupport_introspection_cpp.hpp
[3.501s] -- Installing: /home/brunameinberg/Desktop/UGV-Embrapa-autonomous/ugv_embrapa_ws/install/osr_interfaces/include/osr_interfaces/osr_interfaces/msg/detail/command_corner__type_support.cpp
[3.501s] -- Installing: /home/brunameinberg/Desktop/UGV-Embrapa-autonomous/ugv_embrapa_ws/install/osr_interfaces/lib/libosr_interfaces__rosidl_typesupport_introspection_cpp.so
[3.504s] -- Set runtime path of "/home/brunameinberg/Desktop/UGV-Embrapa-autonomous/ugv_embrapa_ws/install/osr_interfaces/lib/libosr_interfaces__rosidl_typesupport_introspection_cpp.so" to ""
[3.504s] -- Installing: /home/brunameinberg/Desktop/UGV-Embrapa-autonomous/ugv_embrapa_ws/install/osr_interfaces/lib/libosr_interfaces__rosidl_typesupport_cpp.so
[3.505s] -- Set runtime path of "/home/brunameinberg/Desktop/UGV-Embrapa-autonomous/ugv_embrapa_ws/install/osr_interfaces/lib/libosr_interfaces__rosidl_typesupport_cpp.so" to ""
[3.505s] -- Installing: /home/brunameinberg/Desktop/UGV-Embrapa-autonomous/ugv_embrapa_ws/install/osr_interfaces/share/osr_interfaces/environment/pythonpath.sh
[3.505s] -- Installing: /home/brunameinberg/Desktop/UGV-Embrapa-autonomous/ugv_embrapa_ws/install/osr_interfaces/share/osr_interfaces/environment/pythonpath.dsv
[3.505s] -- Installing: /home/brunameinberg/Desktop/UGV-Embrapa-autonomous/ugv_embrapa_ws/install/osr_interfaces/local/lib/python3.10/dist-packages/osr_interfaces-0.0.0-py3.10.egg-info
[3.505s] -- Installing: /home/brunameinberg/Desktop/UGV-Embrapa-autonomous/ugv_embrapa_ws/install/osr_interfaces/local/lib/python3.10/dist-packages/osr_interfaces-0.0.0-py3.10.egg-info/PKG-INFO
[3.505s] -- Installing: /home/brunameinberg/Desktop/UGV-Embrapa-autonomous/ugv_embrapa_ws/install/osr_interfaces/local/lib/python3.10/dist-packages/osr_interfaces-0.0.0-py3.10.egg-info/dependency_links.txt
[3.506s] -- Installing: /home/brunameinberg/Desktop/UGV-Embrapa-autonomous/ugv_embrapa_ws/install/osr_interfaces/local/lib/python3.10/dist-packages/osr_interfaces-0.0.0-py3.10.egg-info/top_level.txt
[3.506s] -- Installing: /home/brunameinberg/Desktop/UGV-Embrapa-autonomous/ugv_embrapa_ws/install/osr_interfaces/local/lib/python3.10/dist-packages/osr_interfaces-0.0.0-py3.10.egg-info/SOURCES.txt
[3.506s] -- Installing: /home/brunameinberg/Desktop/UGV-Embrapa-autonomous/ugv_embrapa_ws/install/osr_interfaces/local/lib/python3.10/dist-packages/osr_interfaces
[3.506s] -- Installing: /home/brunameinberg/Desktop/UGV-Embrapa-autonomous/ugv_embrapa_ws/install/osr_interfaces/local/lib/python3.10/dist-packages/osr_interfaces/__init__.py
[3.506s] -- Installing: /home/brunameinberg/Desktop/UGV-Embrapa-autonomous/ugv_embrapa_ws/install/osr_interfaces/local/lib/python3.10/dist-packages/osr_interfaces/msg
[3.506s] -- Installing: /home/brunameinberg/Desktop/UGV-Embrapa-autonomous/ugv_embrapa_ws/install/osr_interfaces/local/lib/python3.10/dist-packages/osr_interfaces/msg/_status.py
[3.506s] -- Installing: /home/brunameinberg/Desktop/UGV-Embrapa-autonomous/ugv_embrapa_ws/install/osr_interfaces/local/lib/python3.10/dist-packages/osr_interfaces/msg/_status_s.c
[3.506s] -- Installing: /home/brunameinberg/Desktop/UGV-Embrapa-autonomous/ugv_embrapa_ws/install/osr_interfaces/local/lib/python3.10/dist-packages/osr_interfaces/msg/_command_drive.py
[3.507s] -- Installing: /home/brunameinberg/Desktop/UGV-Embrapa-autonomous/ugv_embrapa_ws/install/osr_interfaces/local/lib/python3.10/dist-packages/osr_interfaces/msg/_command_drive_s.c
[3.507s] -- Installing: /home/brunameinberg/Desktop/UGV-Embrapa-autonomous/ugv_embrapa_ws/install/osr_interfaces/local/lib/python3.10/dist-packages/osr_interfaces/msg/_command_corner.py
[3.507s] -- Installing: /home/brunameinberg/Desktop/UGV-Embrapa-autonomous/ugv_embrapa_ws/install/osr_interfaces/local/lib/python3.10/dist-packages/osr_interfaces/msg/_command_corner_s.c
[3.507s] -- Installing: /home/brunameinberg/Desktop/UGV-Embrapa-autonomous/ugv_embrapa_ws/install/osr_interfaces/local/lib/python3.10/dist-packages/osr_interfaces/msg/__init__.py
[3.508s] -- Installing: /home/brunameinberg/Desktop/UGV-Embrapa-autonomous/ugv_embrapa_ws/install/osr_interfaces/local/lib/python3.10/dist-packages/osr_interfaces/_osr_interfaces_s.ep.rosidl_typesupport_fastrtps_c.c
[3.508s] -- Installing: /home/brunameinberg/Desktop/UGV-Embrapa-autonomous/ugv_embrapa_ws/install/osr_interfaces/local/lib/python3.10/dist-packages/osr_interfaces/_osr_interfaces_s.ep.rosidl_typesupport_introspection_c.c
[3.508s] -- Installing: /home/brunameinberg/Desktop/UGV-Embrapa-autonomous/ugv_embrapa_ws/install/osr_interfaces/local/lib/python3.10/dist-packages/osr_interfaces/_osr_interfaces_s.ep.rosidl_typesupport_c.c
[3.509s] -- Installing: /home/brunameinberg/Desktop/UGV-Embrapa-autonomous/ugv_embrapa_ws/install/osr_interfaces/local/lib/python3.10/dist-packages/osr_interfaces/libosr_interfaces__rosidl_generator_py.so
[3.509s] -- Installing: /home/brunameinberg/Desktop/UGV-Embrapa-autonomous/ugv_embrapa_ws/install/osr_interfaces/local/lib/python3.10/dist-packages/osr_interfaces/osr_interfaces_s__rosidl_typesupport_c.cpython-310-x86_64-linux-gnu.so
[3.510s] -- Installing: /home/brunameinberg/Desktop/UGV-Embrapa-autonomous/ugv_embrapa_ws/install/osr_interfaces/local/lib/python3.10/dist-packages/osr_interfaces/osr_interfaces_s__rosidl_typesupport_fastrtps_c.cpython-310-x86_64-linux-gnu.so
[3.510s] -- Installing: /home/brunameinberg/Desktop/UGV-Embrapa-autonomous/ugv_embrapa_ws/install/osr_interfaces/local/lib/python3.10/dist-packages/osr_interfaces/osr_interfaces_s__rosidl_typesupport_introspection_c.cpython-310-x86_64-linux-gnu.so
[3.536s] Listing '/home/brunameinberg/Desktop/UGV-Embrapa-autonomous/ugv_embrapa_ws/install/osr_interfaces/local/lib/python3.10/dist-packages/osr_interfaces'...
[3.536s] Compiling '/home/brunameinberg/Desktop/UGV-Embrapa-autonomous/ugv_embrapa_ws/install/osr_interfaces/local/lib/python3.10/dist-packages/osr_interfaces/__init__.py'...
[3.536s] Listing '/home/brunameinberg/Desktop/UGV-Embrapa-autonomous/ugv_embrapa_ws/install/osr_interfaces/local/lib/python3.10/dist-packages/osr_interfaces/msg'...
[3.536s] Compiling '/home/brunameinberg/Desktop/UGV-Embrapa-autonomous/ugv_embrapa_ws/install/osr_interfaces/local/lib/python3.10/dist-packages/osr_interfaces/msg/__init__.py'...
[3.536s] Compiling '/home/brunameinberg/Desktop/UGV-Embrapa-autonomous/ugv_embrapa_ws/install/osr_interfaces/local/lib/python3.10/dist-packages/osr_interfaces/msg/_command_corner.py'...
[3.536s] Compiling '/home/brunameinberg/Desktop/UGV-Embrapa-autonomous/ugv_embrapa_ws/install/osr_interfaces/local/lib/python3.10/dist-packages/osr_interfaces/msg/_command_drive.py'...
[3.536s] Compiling '/home/brunameinberg/Desktop/UGV-Embrapa-autonomous/ugv_embrapa_ws/install/osr_interfaces/local/lib/python3.10/dist-packages/osr_interfaces/msg/_status.py'...
[3.541s] -- Installing: /home/brunameinberg/Desktop/UGV-Embrapa-autonomous/ugv_embrapa_ws/install/osr_interfaces/local/lib/python3.10/dist-packages/osr_interfaces/osr_interfaces_s__rosidl_typesupport_fastrtps_c.cpython-310-x86_64-linux-gnu.so
[3.541s] -- Set runtime path of "/home/brunameinberg/Desktop/UGV-Embrapa-autonomous/ugv_embrapa_ws/install/osr_interfaces/local/lib/python3.10/dist-packages/osr_interfaces/osr_interfaces_s__rosidl_typesupport_fastrtps_c.cpython-310-x86_64-linux-gnu.so" to ""
[3.542s] -- Installing: /home/brunameinberg/Desktop/UGV-Embrapa-autonomous/ugv_embrapa_ws/install/osr_interfaces/local/lib/python3.10/dist-packages/osr_interfaces/osr_interfaces_s__rosidl_typesupport_introspection_c.cpython-310-x86_64-linux-gnu.so
[3.542s] -- Set runtime path of "/home/brunameinberg/Desktop/UGV-Embrapa-autonomous/ugv_embrapa_ws/install/osr_interfaces/local/lib/python3.10/dist-packages/osr_interfaces/osr_interfaces_s__rosidl_typesupport_introspection_c.cpython-310-x86_64-linux-gnu.so" to ""
[3.543s] -- Installing: /home/brunameinberg/Desktop/UGV-Embrapa-autonomous/ugv_embrapa_ws/install/osr_interfaces/local/lib/python3.10/dist-packages/osr_interfaces/osr_interfaces_s__rosidl_typesupport_c.cpython-310-x86_64-linux-gnu.so
[3.543s] -- Set runtime path of "/home/brunameinberg/Desktop/UGV-Embrapa-autonomous/ugv_embrapa_ws/install/osr_interfaces/local/lib/python3.10/dist-packages/osr_interfaces/osr_interfaces_s__rosidl_typesupport_c.cpython-310-x86_64-linux-gnu.so" to ""
[3.543s] -- Installing: /home/brunameinberg/Desktop/UGV-Embrapa-autonomous/ugv_embrapa_ws/install/osr_interfaces/lib/libosr_interfaces__rosidl_generator_py.so
[3.545s] -- Set runtime path of "/home/brunameinberg/Desktop/UGV-Embrapa-autonomous/ugv_embrapa_ws/install/osr_interfaces/lib/libosr_interfaces__rosidl_generator_py.so" to ""
[3.545s] -- Installing: /home/brunameinberg/Desktop/UGV-Embrapa-autonomous/ugv_embrapa_ws/install/osr_interfaces/share/osr_interfaces/msg/Status.idl
[3.545s] -- Installing: /home/brunameinberg/Desktop/UGV-Embrapa-autonomous/ugv_embrapa_ws/install/osr_interfaces/share/osr_interfaces/msg/CommandDrive.idl
[3.545s] -- Installing: /home/brunameinberg/Desktop/UGV-Embrapa-autonomous/ugv_embrapa_ws/install/osr_interfaces/share/osr_interfaces/msg/CommandCorner.idl
[3.545s] -- Installing: /home/brunameinberg/Desktop/UGV-Embrapa-autonomous/ugv_embrapa_ws/install/osr_interfaces/share/osr_interfaces/msg/Status.msg
[3.545s] -- Installing: /home/brunameinberg/Desktop/UGV-Embrapa-autonomous/ugv_embrapa_ws/install/osr_interfaces/share/osr_interfaces/msg/CommandDrive.msg
[3.545s] -- Installing: /home/brunameinberg/Desktop/UGV-Embrapa-autonomous/ugv_embrapa_ws/install/osr_interfaces/share/osr_interfaces/msg/CommandCorner.msg
[3.545s] -- Installing: /home/brunameinberg/Desktop/UGV-Embrapa-autonomous/ugv_embrapa_ws/install/osr_interfaces/share/ament_index/resource_index/package_run_dependencies/osr_interfaces
[3.545s] -- Installing: /home/brunameinberg/Desktop/UGV-Embrapa-autonomous/ugv_embrapa_ws/install/osr_interfaces/share/ament_index/resource_index/parent_prefix_path/osr_interfaces
[3.545s] -- Installing: /home/brunameinberg/Desktop/UGV-Embrapa-autonomous/ugv_embrapa_ws/install/osr_interfaces/share/osr_interfaces/environment/ament_prefix_path.sh
[3.545s] -- Installing: /home/brunameinberg/Desktop/UGV-Embrapa-autonomous/ugv_embrapa_ws/install/osr_interfaces/share/osr_interfaces/environment/ament_prefix_path.dsv
[3.545s] -- Installing: /home/brunameinberg/Desktop/UGV-Embrapa-autonomous/ugv_embrapa_ws/install/osr_interfaces/share/osr_interfaces/environment/path.sh
[3.545s] -- Installing: /home/brunameinberg/Desktop/UGV-Embrapa-autonomous/ugv_embrapa_ws/install/osr_interfaces/share/osr_interfaces/environment/path.dsv
[3.545s] -- Installing: /home/brunameinberg/Desktop/UGV-Embrapa-autonomous/ugv_embrapa_ws/install/osr_interfaces/share/osr_interfaces/local_setup.bash
[3.546s] -- Installing: /home/brunameinberg/Desktop/UGV-Embrapa-autonomous/ugv_embrapa_ws/install/osr_interfaces/share/osr_interfaces/local_setup.sh
[3.546s] -- Installing: /home/brunameinberg/Desktop/UGV-Embrapa-autonomous/ugv_embrapa_ws/install/osr_interfaces/share/osr_interfaces/local_setup.zsh
[3.546s] -- Installing: /home/brunameinberg/Desktop/UGV-Embrapa-autonomous/ugv_embrapa_ws/install/osr_interfaces/share/osr_interfaces/local_setup.dsv
[3.546s] -- Installing: /home/brunameinberg/Desktop/UGV-Embrapa-autonomous/ugv_embrapa_ws/install/osr_interfaces/share/osr_interfaces/package.dsv
[3.546s] -- Installing: /home/brunameinberg/Desktop/UGV-Embrapa-autonomous/ugv_embrapa_ws/install/osr_interfaces/share/ament_index/resource_index/packages/osr_interfaces
[3.546s] -- Installing: /home/brunameinberg/Desktop/UGV-Embrapa-autonomous/ugv_embrapa_ws/install/osr_interfaces/share/osr_interfaces/cmake/export_osr_interfaces__rosidl_generator_cExport.cmake
[3.546s] -- Installing: /home/brunameinberg/Desktop/UGV-Embrapa-autonomous/ugv_embrapa_ws/install/osr_interfaces/share/osr_interfaces/cmake/export_osr_interfaces__rosidl_generator_cExport-noconfig.cmake
[3.546s] -- Installing: /home/brunameinberg/Desktop/UGV-Embrapa-autonomous/ugv_embrapa_ws/install/osr_interfaces/share/osr_interfaces/cmake/export_osr_interfaces__rosidl_typesupport_fastrtps_cExport.cmake
[3.546s] -- Installing: /home/brunameinberg/Desktop/UGV-Embrapa-autonomous/ugv_embrapa_ws/install/osr_interfaces/share/osr_interfaces/cmake/export_osr_interfaces__rosidl_typesupport_fastrtps_cExport-noconfig.cmake
[3.547s] -- Installing: /home/brunameinberg/Desktop/UGV-Embrapa-autonomous/ugv_embrapa_ws/install/osr_interfaces/share/osr_interfaces/cmake/osr_interfaces__rosidl_typesupport_introspection_cExport.cmake
[3.547s] -- Installing: /home/brunameinberg/Desktop/UGV-Embrapa-autonomous/ugv_embrapa_ws/install/osr_interfaces/share/osr_interfaces/cmake/osr_interfaces__rosidl_typesupport_introspection_cExport-noconfig.cmake
[3.547s] -- Installing: /home/brunameinberg/Desktop/UGV-Embrapa-autonomous/ugv_embrapa_ws/install/osr_interfaces/share/osr_interfaces/cmake/osr_interfaces__rosidl_typesupport_cExport.cmake
[3.547s] -- Installing: /home/brunameinberg/Desktop/UGV-Embrapa-autonomous/ugv_embrapa_ws/install/osr_interfaces/share/osr_interfaces/cmake/osr_interfaces__rosidl_typesupport_cExport-noconfig.cmake
[3.547s] -- Installing: /home/brunameinberg/Desktop/UGV-Embrapa-autonomous/ugv_embrapa_ws/install/osr_interfaces/share/osr_interfaces/cmake/export_osr_interfaces__rosidl_generator_cppExport.cmake
[3.547s] -- Installing: /home/brunameinberg/Desktop/UGV-Embrapa-autonomous/ugv_embrapa_ws/install/osr_interfaces/share/osr_interfaces/cmake/export_osr_interfaces__rosidl_typesupport_fastrtps_cppExport.cmake
[3.548s] -- Installing: /home/brunameinberg/Desktop/UGV-Embrapa-autonomous/ugv_embrapa_ws/install/osr_interfaces/share/osr_interfaces/cmake/export_osr_interfaces__rosidl_typesupport_fastrtps_cppExport-noconfig.cmake
[3.548s] -- Installing: /home/brunameinberg/Desktop/UGV-Embrapa-autonomous/ugv_embrapa_ws/install/osr_interfaces/share/osr_interfaces/cmake/osr_interfaces__rosidl_typesupport_introspection_cppExport.cmake
[3.548s] -- Installing: /home/brunameinberg/Desktop/UGV-Embrapa-autonomous/ugv_embrapa_ws/install/osr_interfaces/share/osr_interfaces/cmake/osr_interfaces__rosidl_typesupport_introspection_cppExport-noconfig.cmake
[3.548s] -- Installing: /home/brunameinberg/Desktop/UGV-Embrapa-autonomous/ugv_embrapa_ws/install/osr_interfaces/share/osr_interfaces/cmake/osr_interfaces__rosidl_typesupport_cppExport.cmake
[3.548s] -- Installing: /home/brunameinberg/Desktop/UGV-Embrapa-autonomous/ugv_embrapa_ws/install/osr_interfaces/share/osr_interfaces/cmake/osr_interfaces__rosidl_typesupport_cppExport-noconfig.cmake
[3.549s] -- Installing: /home/brunameinberg/Desktop/UGV-Embrapa-autonomous/ugv_embrapa_ws/install/osr_interfaces/share/osr_interfaces/cmake/export_osr_interfaces__rosidl_generator_pyExport.cmake
[3.549s] -- Installing: /home/brunameinberg/Desktop/UGV-Embrapa-autonomous/ugv_embrapa_ws/install/osr_interfaces/share/osr_interfaces/cmake/export_osr_interfaces__rosidl_generator_pyExport-noconfig.cmake
[3.549s] -- Installing: /home/brunameinberg/Desktop/UGV-Embrapa-autonomous/ugv_embrapa_ws/install/osr_interfaces/share/osr_interfaces/cmake/rosidl_cmake-extras.cmake
[3.549s] -- Installing: /home/brunameinberg/Desktop/UGV-Embrapa-autonomous/ugv_embrapa_ws/install/osr_interfaces/share/osr_interfaces/cmake/ament_cmake_export_include_directories-extras.cmake
[3.549s] -- Installing: /home/brunameinberg/Desktop/UGV-Embrapa-autonomous/ugv_embrapa_ws/install/osr_interfaces/share/osr_interfaces/cmake/ament_cmake_export_libraries-extras.cmake
[3.549s] -- Installing: /home/brunameinberg/Desktop/UGV-Embrapa-autonomous/ugv_embrapa_ws/install/osr_interfaces/share/osr_interfaces/cmake/ament_cmake_export_targets-extras.cmake
[3.549s] -- Installing: /home/brunameinberg/Desktop/UGV-Embrapa-autonomous/ugv_embrapa_ws/install/osr_interfaces/share/osr_interfaces/cmake/rosidl_cmake_export_typesupport_targets-extras.cmake
[3.549s] -- Installing: /home/brunameinberg/Desktop/UGV-Embrapa-autonomous/ugv_embrapa_ws/install/osr_interfaces/share/osr_interfaces/cmake/ament_cmake_export_dependencies-extras.cmake
[3.549s] -- Installing: /home/brunameinberg/Desktop/UGV-Embrapa-autonomous/ugv_embrapa_ws/install/osr_interfaces/share/osr_interfaces/cmake/rosidl_cmake_export_typesupport_libraries-extras.cmake
[3.549s] -- Installing: /home/brunameinberg/Desktop/UGV-Embrapa-autonomous/ugv_embrapa_ws/install/osr_interfaces/share/osr_interfaces/cmake/osr_interfacesConfig.cmake
[3.549s] -- Installing: /home/brunameinberg/Desktop/UGV-Embrapa-autonomous/ugv_embrapa_ws/install/osr_interfaces/share/osr_interfaces/cmake/osr_interfacesConfig-version.cmake
[3.549s] -- Installing: /home/brunameinberg/Desktop/UGV-Embrapa-autonomous/ugv_embrapa_ws/install/osr_interfaces/share/osr_interfaces/package.xml
[3.551s] Invoked command in '/home/brunameinberg/Desktop/UGV-Embrapa-autonomous/ugv_embrapa_ws/build/osr_interfaces' returned '0': CMAKE_PREFIX_PATH=${CMAKE_PREFIX_PATH}:/home/brunameinberg/Desktop/UGV-Embrapa-autonomous/install/osr_control:/home/brunameinberg/Desktop/UGV-Embrapa-autonomous/install/osr_autonomous:/opt/ros/humble /usr/bin/cmake --install /home/brunameinberg/Desktop/UGV-Embrapa-autonomous/ugv_embrapa_ws/build/osr_interfaces
