[0.064s] DEBUG:colcon:Command line arguments: ['/usr/bin/colcon', 'build']
[0.064s] DEBUG:colcon:Parsed command line arguments: Namespace(log_base=None, log_level=None, verb_name='build', build_base='build', install_base='install', merge_install=False, symlink_install=False, test_result_base=None, continue_on_error=False, executor='parallel', parallel_workers=8, event_handlers=None, ignore_user_meta=False, metas=['./colcon.meta'], base_paths=['.'], packages_ignore=None, packages_ignore_regex=None, paths=None, packages_up_to=None, packages_up_to_regex=None, packages_above=None, packages_above_and_dependencies=None, packages_above_depth=None, packages_select_by_dep=None, packages_skip_by_dep=None, packages_skip_up_to=None, packages_select_build_failed=False, packages_skip_build_finished=False, packages_select_test_failures=False, packages_skip_test_passed=False, packages_select=None, packages_skip=None, packages_select_regex=None, packages_skip_regex=None, packages_start=None, packages_end=None, allow_overriding=[], cmake_args=None, cmake_target=None, cmake_target_skip_unavailable=False, cmake_clean_cache=False, cmake_clean_first=False, cmake_force_configure=False, ament_cmake_args=None, catkin_cmake_args=None, catkin_skip_building_tests=False, mixin_files=None, mixin=None, verb_parser=<colcon_mixin.mixin.mixin_argument.MixinArgumentDecorator object at 0x7d9ef86d5510>, verb_extension=<colcon_core.verb.build.BuildVerb object at 0x7d9ef885a4a0>, main=<bound method BuildVerb.main of <colcon_core.verb.build.BuildVerb object at 0x7d9ef885a4a0>>, mixin_verb=('build',))
[0.160s] Level 1:colcon.colcon_core.package_discovery:discover_packages(colcon_meta) check parameters
[0.161s] Level 1:colcon.colcon_core.package_discovery:discover_packages(recursive) check parameters
[0.161s] Level 1:colcon.colcon_core.package_discovery:discover_packages(ignore) check parameters
[0.161s] Level 1:colcon.colcon_core.package_discovery:discover_packages(path) check parameters
[0.161s] Level 1:colcon.colcon_core.package_discovery:discover_packages(colcon_meta) discover
[0.161s] Level 1:colcon.colcon_core.package_discovery:discover_packages(recursive) discover
[0.161s] INFO:colcon.colcon_core.package_discovery:Crawling recursively for packages in '/home/brunameinberg/Desktop/UGV-Embrapa-autonomous/ugv_embrapa_ws/src'
[0.161s] Level 1:colcon.colcon_core.package_identification:_identify(.) by extensions ['ignore', 'ignore_ament_install']
[0.161s] Level 1:colcon.colcon_core.package_identification:_identify(.) by extension 'ignore'
[0.161s] Level 1:colcon.colcon_core.package_identification:_identify(.) by extension 'ignore_ament_install'
[0.161s] Level 1:colcon.colcon_core.package_identification:_identify(.) by extensions ['colcon_pkg']
[0.161s] Level 1:colcon.colcon_core.package_identification:_identify(.) by extension 'colcon_pkg'
[0.161s] Level 1:colcon.colcon_core.package_identification:_identify(.) by extensions ['colcon_meta']
[0.161s] Level 1:colcon.colcon_core.package_identification:_identify(.) by extension 'colcon_meta'
[0.161s] Level 1:colcon.colcon_core.package_identification:_identify(.) by extensions ['ros']
[0.161s] Level 1:colcon.colcon_core.package_identification:_identify(.) by extension 'ros'
[0.168s] Level 1:colcon.colcon_core.package_identification:_identify(.) by extensions ['cmake', 'python']
[0.168s] Level 1:colcon.colcon_core.package_identification:_identify(.) by extension 'cmake'
[0.168s] Level 1:colcon.colcon_core.package_identification:_identify(.) by extension 'python'
[0.168s] Level 1:colcon.colcon_core.package_identification:_identify(.) by extensions ['python_setup_py']
[0.168s] Level 1:colcon.colcon_core.package_identification:_identify(.) by extension 'python_setup_py'
[0.168s] Level 1:colcon.colcon_core.package_identification:_identify(build) by extensions ['ignore', 'ignore_ament_install']
[0.168s] Level 1:colcon.colcon_core.package_identification:_identify(build) by extension 'ignore'
[0.168s] Level 1:colcon.colcon_core.package_identification:_identify(build) ignored
[0.168s] Level 1:colcon.colcon_core.package_identification:_identify(install) by extensions ['ignore', 'ignore_ament_install']
[0.168s] Level 1:colcon.colcon_core.package_identification:_identify(install) by extension 'ignore'
[0.168s] Level 1:colcon.colcon_core.package_identification:_identify(install) ignored
[0.168s] Level 1:colcon.colcon_core.package_identification:_identify(log) by extensions ['ignore', 'ignore_ament_install']
[0.168s] Level 1:colcon.colcon_core.package_identification:_identify(log) by extension 'ignore'
[0.168s] Level 1:colcon.colcon_core.package_identification:_identify(log) ignored
[0.168s] Level 1:colcon.colcon_core.package_identification:_identify(osr_autonomous) by extensions ['ignore', 'ignore_ament_install']
[0.168s] Level 1:colcon.colcon_core.package_identification:_identify(osr_autonomous) by extension 'ignore'
[0.168s] Level 1:colcon.colcon_core.package_identification:_identify(osr_autonomous) by extension 'ignore_ament_install'
[0.168s] Level 1:colcon.colcon_core.package_identification:_identify(osr_autonomous) by extensions ['colcon_pkg']
[0.168s] Level 1:colcon.colcon_core.package_identification:_identify(osr_autonomous) by extension 'colcon_pkg'
[0.168s] Level 1:colcon.colcon_core.package_identification:_identify(osr_autonomous) by extensions ['colcon_meta']
[0.168s] Level 1:colcon.colcon_core.package_identification:_identify(osr_autonomous) by extension 'colcon_meta'
[0.168s] Level 1:colcon.colcon_core.package_identification:_identify(osr_autonomous) by extensions ['ros']
[0.168s] Level 1:colcon.colcon_core.package_identification:_identify(osr_autonomous) by extension 'ros'
[0.170s] DEBUG:colcon.colcon_core.package_identification:Package 'osr_autonomous' with type 'ros.ament_python' and name 'osr_autonomous'
[0.170s] Level 1:colcon.colcon_core.package_identification:_identify(osr_bringup) by extensions ['ignore', 'ignore_ament_install']
[0.170s] Level 1:colcon.colcon_core.package_identification:_identify(osr_bringup) by extension 'ignore'
[0.170s] Level 1:colcon.colcon_core.package_identification:_identify(osr_bringup) by extension 'ignore_ament_install'
[0.170s] Level 1:colcon.colcon_core.package_identification:_identify(osr_bringup) by extensions ['colcon_pkg']
[0.170s] Level 1:colcon.colcon_core.package_identification:_identify(osr_bringup) by extension 'colcon_pkg'
[0.170s] Level 1:colcon.colcon_core.package_identification:_identify(osr_bringup) by extensions ['colcon_meta']
[0.170s] Level 1:colcon.colcon_core.package_identification:_identify(osr_bringup) by extension 'colcon_meta'
[0.170s] Level 1:colcon.colcon_core.package_identification:_identify(osr_bringup) by extensions ['ros']
[0.170s] Level 1:colcon.colcon_core.package_identification:_identify(osr_bringup) by extension 'ros'
[0.171s] DEBUG:colcon.colcon_core.package_identification:Package 'osr_bringup' with type 'ros.ament_cmake' and name 'osr_bringup'
[0.171s] Level 1:colcon.colcon_core.package_identification:_identify(osr_control) by extensions ['ignore', 'ignore_ament_install']
[0.171s] Level 1:colcon.colcon_core.package_identification:_identify(osr_control) by extension 'ignore'
[0.171s] Level 1:colcon.colcon_core.package_identification:_identify(osr_control) by extension 'ignore_ament_install'
[0.171s] Level 1:colcon.colcon_core.package_identification:_identify(osr_control) by extensions ['colcon_pkg']
[0.171s] Level 1:colcon.colcon_core.package_identification:_identify(osr_control) by extension 'colcon_pkg'
[0.171s] Level 1:colcon.colcon_core.package_identification:_identify(osr_control) by extensions ['colcon_meta']
[0.171s] Level 1:colcon.colcon_core.package_identification:_identify(osr_control) by extension 'colcon_meta'
[0.171s] Level 1:colcon.colcon_core.package_identification:_identify(osr_control) by extensions ['ros']
[0.171s] Level 1:colcon.colcon_core.package_identification:_identify(osr_control) by extension 'ros'
[0.171s] DEBUG:colcon.colcon_core.package_identification:Package 'osr_control' with type 'ros.ament_python' and name 'osr_control'
[0.171s] Level 1:colcon.colcon_core.package_identification:_identify(osr_gazebo) by extensions ['ignore', 'ignore_ament_install']
[0.171s] Level 1:colcon.colcon_core.package_identification:_identify(osr_gazebo) by extension 'ignore'
[0.171s] Level 1:colcon.colcon_core.package_identification:_identify(osr_gazebo) by extension 'ignore_ament_install'
[0.171s] Level 1:colcon.colcon_core.package_identification:_identify(osr_gazebo) by extensions ['colcon_pkg']
[0.171s] Level 1:colcon.colcon_core.package_identification:_identify(osr_gazebo) by extension 'colcon_pkg'
[0.171s] Level 1:colcon.colcon_core.package_identification:_identify(osr_gazebo) by extensions ['colcon_meta']
[0.171s] Level 1:colcon.colcon_core.package_identification:_identify(osr_gazebo) by extension 'colcon_meta'
[0.171s] Level 1:colcon.colcon_core.package_identification:_identify(osr_gazebo) by extensions ['ros']
[0.171s] Level 1:colcon.colcon_core.package_identification:_identify(osr_gazebo) by extension 'ros'
[0.172s] DEBUG:colcon.colcon_core.package_identification:Package 'osr_gazebo' with type 'ros.ament_cmake' and name 'osr_gazebo'
[0.172s] Level 1:colcon.colcon_core.package_identification:_identify(osr_interfaces) by extensions ['ignore', 'ignore_ament_install']
[0.172s] Level 1:colcon.colcon_core.package_identification:_identify(osr_interfaces) by extension 'ignore'
[0.172s] Level 1:colcon.colcon_core.package_identification:_identify(osr_interfaces) by extension 'ignore_ament_install'
[0.172s] Level 1:colcon.colcon_core.package_identification:_identify(osr_interfaces) by extensions ['colcon_pkg']
[0.172s] Level 1:colcon.colcon_core.package_identification:_identify(osr_interfaces) by extension 'colcon_pkg'
[0.172s] Level 1:colcon.colcon_core.package_identification:_identify(osr_interfaces) by extensions ['colcon_meta']
[0.172s] Level 1:colcon.colcon_core.package_identification:_identify(osr_interfaces) by extension 'colcon_meta'
[0.172s] Level 1:colcon.colcon_core.package_identification:_identify(osr_interfaces) by extensions ['ros']
[0.172s] Level 1:colcon.colcon_core.package_identification:_identify(osr_interfaces) by extension 'ros'
[0.172s] DEBUG:colcon.colcon_core.package_identification:Package 'osr_interfaces' with type 'ros.ament_cmake' and name 'osr_interfaces'
[0.173s] Level 1:colcon.colcon_core.package_discovery:discover_packages(recursive) using defaults
[0.173s] Level 1:colcon.colcon_core.package_discovery:discover_packages(ignore) discover
[0.173s] Level 1:colcon.colcon_core.package_discovery:discover_packages(ignore) using defaults
[0.173s] Level 1:colcon.colcon_core.package_discovery:discover_packages(path) discover
[0.173s] Level 1:colcon.colcon_core.package_discovery:discover_packages(path) using defaults
[0.193s] Level 1:colcon.colcon_core.package_discovery:discover_packages(prefix_path) check parameters
[0.193s] Level 1:colcon.colcon_core.package_discovery:discover_packages(prefix_path) discover
[0.194s] DEBUG:colcon.colcon_installed_package_information.package_discovery:Found 351 installed packages in /opt/ros/humble
[0.195s] Level 1:colcon.colcon_core.package_discovery:discover_packages(prefix_path) using defaults
[0.220s] Level 5:colcon.colcon_core.verb:set package 'osr_autonomous' build argument 'cmake_args' from command line to 'None'
[0.221s] Level 5:colcon.colcon_core.verb:set package 'osr_autonomous' build argument 'cmake_target' from command line to 'None'
[0.221s] Level 5:colcon.colcon_core.verb:set package 'osr_autonomous' build argument 'cmake_target_skip_unavailable' from command line to 'False'
[0.221s] Level 5:colcon.colcon_core.verb:set package 'osr_autonomous' build argument 'cmake_clean_cache' from command line to 'False'
[0.221s] Level 5:colcon.colcon_core.verb:set package 'osr_autonomous' build argument 'cmake_clean_first' from command line to 'False'
[0.221s] Level 5:colcon.colcon_core.verb:set package 'osr_autonomous' build argument 'cmake_force_configure' from command line to 'False'
[0.221s] Level 5:colcon.colcon_core.verb:set package 'osr_autonomous' build argument 'ament_cmake_args' from command line to 'None'
[0.221s] Level 5:colcon.colcon_core.verb:set package 'osr_autonomous' build argument 'catkin_cmake_args' from command line to 'None'
[0.221s] Level 5:colcon.colcon_core.verb:set package 'osr_autonomous' build argument 'catkin_skip_building_tests' from command line to 'False'
[0.221s] DEBUG:colcon.colcon_core.verb:Building package 'osr_autonomous' with the following arguments: {'ament_cmake_args': None, 'build_base': '/home/brunameinberg/Desktop/UGV-Embrapa-autonomous/ugv_embrapa_ws/src/build/osr_autonomous', 'catkin_cmake_args': None, 'catkin_skip_building_tests': False, 'cmake_args': None, 'cmake_clean_cache': False, 'cmake_clean_first': False, 'cmake_force_configure': False, 'cmake_target': None, 'cmake_target_skip_unavailable': False, 'install_base': '/home/brunameinberg/Desktop/UGV-Embrapa-autonomous/ugv_embrapa_ws/src/install/osr_autonomous', 'merge_install': False, 'path': '/home/brunameinberg/Desktop/UGV-Embrapa-autonomous/ugv_embrapa_ws/src/osr_autonomous', 'symlink_install': False, 'test_result_base': None}
[0.221s] Level 5:colcon.colcon_core.verb:set package 'osr_bringup' build argument 'cmake_args' from command line to 'None'
[0.221s] Level 5:colcon.colcon_core.verb:set package 'osr_bringup' build argument 'cmake_target' from command line to 'None'
[0.221s] Level 5:colcon.colcon_core.verb:set package 'osr_bringup' build argument 'cmake_target_skip_unavailable' from command line to 'False'
[0.221s] Level 5:colcon.colcon_core.verb:set package 'osr_bringup' build argument 'cmake_clean_cache' from command line to 'False'
[0.221s] Level 5:colcon.colcon_core.verb:set package 'osr_bringup' build argument 'cmake_clean_first' from command line to 'False'
[0.221s] Level 5:colcon.colcon_core.verb:set package 'osr_bringup' build argument 'cmake_force_configure' from command line to 'False'
[0.221s] Level 5:colcon.colcon_core.verb:set package 'osr_bringup' build argument 'ament_cmake_args' from command line to 'None'
[0.221s] Level 5:colcon.colcon_core.verb:set package 'osr_bringup' build argument 'catkin_cmake_args' from command line to 'None'
[0.221s] Level 5:colcon.colcon_core.verb:set package 'osr_bringup' build argument 'catkin_skip_building_tests' from command line to 'False'
[0.221s] DEBUG:colcon.colcon_core.verb:Building package 'osr_bringup' with the following arguments: {'ament_cmake_args': None, 'build_base': '/home/brunameinberg/Desktop/UGV-Embrapa-autonomous/ugv_embrapa_ws/src/build/osr_bringup', 'catkin_cmake_args': None, 'catkin_skip_building_tests': False, 'cmake_args': None, 'cmake_clean_cache': False, 'cmake_clean_first': False, 'cmake_force_configure': False, 'cmake_target': None, 'cmake_target_skip_unavailable': False, 'install_base': '/home/brunameinberg/Desktop/UGV-Embrapa-autonomous/ugv_embrapa_ws/src/install/osr_bringup', 'merge_install': False, 'path': '/home/brunameinberg/Desktop/UGV-Embrapa-autonomous/ugv_embrapa_ws/src/osr_bringup', 'symlink_install': False, 'test_result_base': None}
[0.221s] Level 5:colcon.colcon_core.verb:set package 'osr_gazebo' build argument 'cmake_args' from command line to 'None'
[0.221s] Level 5:colcon.colcon_core.verb:set package 'osr_gazebo' build argument 'cmake_target' from command line to 'None'
[0.221s] Level 5:colcon.colcon_core.verb:set package 'osr_gazebo' build argument 'cmake_target_skip_unavailable' from command line to 'False'
[0.221s] Level 5:colcon.colcon_core.verb:set package 'osr_gazebo' build argument 'cmake_clean_cache' from command line to 'False'
[0.221s] Level 5:colcon.colcon_core.verb:set package 'osr_gazebo' build argument 'cmake_clean_first' from command line to 'False'
[0.221s] Level 5:colcon.colcon_core.verb:set package 'osr_gazebo' build argument 'cmake_force_configure' from command line to 'False'
[0.221s] Level 5:colcon.colcon_core.verb:set package 'osr_gazebo' build argument 'ament_cmake_args' from command line to 'None'
[0.221s] Level 5:colcon.colcon_core.verb:set package 'osr_gazebo' build argument 'catkin_cmake_args' from command line to 'None'
[0.221s] Level 5:colcon.colcon_core.verb:set package 'osr_gazebo' build argument 'catkin_skip_building_tests' from command line to 'False'
[0.221s] DEBUG:colcon.colcon_core.verb:Building package 'osr_gazebo' with the following arguments: {'ament_cmake_args': None, 'build_base': '/home/brunameinberg/Desktop/UGV-Embrapa-autonomous/ugv_embrapa_ws/src/build/osr_gazebo', 'catkin_cmake_args': None, 'catkin_skip_building_tests': False, 'cmake_args': None, 'cmake_clean_cache': False, 'cmake_clean_first': False, 'cmake_force_configure': False, 'cmake_target': None, 'cmake_target_skip_unavailable': False, 'install_base': '/home/brunameinberg/Desktop/UGV-Embrapa-autonomous/ugv_embrapa_ws/src/install/osr_gazebo', 'merge_install': False, 'path': '/home/brunameinberg/Desktop/UGV-Embrapa-autonomous/ugv_embrapa_ws/src/osr_gazebo', 'symlink_install': False, 'test_result_base': None}
[0.222s] Level 5:colcon.colcon_core.verb:set package 'osr_interfaces' build argument 'cmake_args' from command line to 'None'
[0.222s] Level 5:colcon.colcon_core.verb:set package 'osr_interfaces' build argument 'cmake_target' from command line to 'None'
[0.222s] Level 5:colcon.colcon_core.verb:set package 'osr_interfaces' build argument 'cmake_target_skip_unavailable' from command line to 'False'
[0.222s] Level 5:colcon.colcon_core.verb:set package 'osr_interfaces' build argument 'cmake_clean_cache' from command line to 'False'
[0.222s] Level 5:colcon.colcon_core.verb:set package 'osr_interfaces' build argument 'cmake_clean_first' from command line to 'False'
[0.222s] Level 5:colcon.colcon_core.verb:set package 'osr_interfaces' build argument 'cmake_force_configure' from command line to 'False'
[0.222s] Level 5:colcon.colcon_core.verb:set package 'osr_interfaces' build argument 'ament_cmake_args' from command line to 'None'
[0.222s] Level 5:colcon.colcon_core.verb:set package 'osr_interfaces' build argument 'catkin_cmake_args' from command line to 'None'
[0.222s] Level 5:colcon.colcon_core.verb:set package 'osr_interfaces' build argument 'catkin_skip_building_tests' from command line to 'False'
[0.222s] DEBUG:colcon.colcon_core.verb:Building package 'osr_interfaces' with the following arguments: {'ament_cmake_args': None, 'build_base': '/home/brunameinberg/Desktop/UGV-Embrapa-autonomous/ugv_embrapa_ws/src/build/osr_interfaces', 'catkin_cmake_args': None, 'catkin_skip_building_tests': False, 'cmake_args': None, 'cmake_clean_cache': False, 'cmake_clean_first': False, 'cmake_force_configure': False, 'cmake_target': None, 'cmake_target_skip_unavailable': False, 'install_base': '/home/brunameinberg/Desktop/UGV-Embrapa-autonomous/ugv_embrapa_ws/src/install/osr_interfaces', 'merge_install': False, 'path': '/home/brunameinberg/Desktop/UGV-Embrapa-autonomous/ugv_embrapa_ws/src/osr_interfaces', 'symlink_install': False, 'test_result_base': None}
[0.222s] Level 5:colcon.colcon_core.verb:set package 'osr_control' build argument 'cmake_args' from command line to 'None'
[0.222s] Level 5:colcon.colcon_core.verb:set package 'osr_control' build argument 'cmake_target' from command line to 'None'
[0.222s] Level 5:colcon.colcon_core.verb:set package 'osr_control' build argument 'cmake_target_skip_unavailable' from command line to 'False'
[0.222s] Level 5:colcon.colcon_core.verb:set package 'osr_control' build argument 'cmake_clean_cache' from command line to 'False'
[0.222s] Level 5:colcon.colcon_core.verb:set package 'osr_control' build argument 'cmake_clean_first' from command line to 'False'
[0.222s] Level 5:colcon.colcon_core.verb:set package 'osr_control' build argument 'cmake_force_configure' from command line to 'False'
[0.222s] Level 5:colcon.colcon_core.verb:set package 'osr_control' build argument 'ament_cmake_args' from command line to 'None'
[0.222s] Level 5:colcon.colcon_core.verb:set package 'osr_control' build argument 'catkin_cmake_args' from command line to 'None'
[0.222s] Level 5:colcon.colcon_core.verb:set package 'osr_control' build argument 'catkin_skip_building_tests' from command line to 'False'
[0.222s] DEBUG:colcon.colcon_core.verb:Building package 'osr_control' with the following arguments: {'ament_cmake_args': None, 'build_base': '/home/brunameinberg/Desktop/UGV-Embrapa-autonomous/ugv_embrapa_ws/src/build/osr_control', 'catkin_cmake_args': None, 'catkin_skip_building_tests': False, 'cmake_args': None, 'cmake_clean_cache': False, 'cmake_clean_first': False, 'cmake_force_configure': False, 'cmake_target': None, 'cmake_target_skip_unavailable': False, 'install_base': '/home/brunameinberg/Desktop/UGV-Embrapa-autonomous/ugv_embrapa_ws/src/install/osr_control', 'merge_install': False, 'path': '/home/brunameinberg/Desktop/UGV-Embrapa-autonomous/ugv_embrapa_ws/src/osr_control', 'symlink_install': False, 'test_result_base': None}
[0.222s] INFO:colcon.colcon_core.executor:Executing jobs using 'parallel' executor
[0.223s] DEBUG:colcon.colcon_parallel_executor.executor.parallel:run_until_complete
[0.223s] INFO:colcon.colcon_ros.task.ament_cmake.build:Building ROS package in '/home/brunameinberg/Desktop/UGV-Embrapa-autonomous/ugv_embrapa_ws/src/osr_interfaces' with build type 'ament_cmake'
[0.223s] INFO:colcon.colcon_cmake.task.cmake.build:Building CMake package in '/home/brunameinberg/Desktop/UGV-Embrapa-autonomous/ugv_embrapa_ws/src/osr_interfaces'
[0.224s] INFO:colcon.colcon_core.plugin_system:Skipping extension 'colcon_core.shell.bat': Not used on non-Windows systems
[0.224s] INFO:colcon.colcon_core.shell:Skip shell extension 'powershell' for command environment: Not usable outside of PowerShell
[0.224s] DEBUG:colcon.colcon_core.shell:Skip shell extension 'dsv' for command environment
[0.226s] INFO:colcon.colcon_ros.task.ament_python.build:Building ROS package in '/home/brunameinberg/Desktop/UGV-Embrapa-autonomous/ugv_embrapa_ws/src/osr_autonomous' with build type 'ament_python'
[0.226s] Level 1:colcon.colcon_core.shell:create_environment_hook('osr_autonomous', 'ament_prefix_path')
[0.227s] INFO:colcon.colcon_core.shell:Creating environment hook '/home/brunameinberg/Desktop/UGV-Embrapa-autonomous/ugv_embrapa_ws/src/install/osr_autonomous/share/osr_autonomous/hook/ament_prefix_path.ps1'
[0.227s] INFO:colcon.colcon_core.shell:Creating environment descriptor '/home/brunameinberg/Desktop/UGV-Embrapa-autonomous/ugv_embrapa_ws/src/install/osr_autonomous/share/osr_autonomous/hook/ament_prefix_path.dsv'
[0.227s] INFO:colcon.colcon_core.shell:Creating environment hook '/home/brunameinberg/Desktop/UGV-Embrapa-autonomous/ugv_embrapa_ws/src/install/osr_autonomous/share/osr_autonomous/hook/ament_prefix_path.sh'
[0.228s] INFO:colcon.colcon_core.shell:Skip shell extension 'powershell' for command environment: Not usable outside of PowerShell
[0.228s] DEBUG:colcon.colcon_core.shell:Skip shell extension 'dsv' for command environment
[0.229s] INFO:colcon.colcon_ros.task.ament_cmake.build:Building ROS package in '/home/brunameinberg/Desktop/UGV-Embrapa-autonomous/ugv_embrapa_ws/src/osr_bringup' with build type 'ament_cmake'
[0.230s] INFO:colcon.colcon_cmake.task.cmake.build:Building CMake package in '/home/brunameinberg/Desktop/UGV-Embrapa-autonomous/ugv_embrapa_ws/src/osr_bringup'
[0.230s] INFO:colcon.colcon_core.shell:Skip shell extension 'powershell' for command environment: Not usable outside of PowerShell
[0.230s] DEBUG:colcon.colcon_core.shell:Skip shell extension 'dsv' for command environment
[0.231s] INFO:colcon.colcon_ros.task.ament_cmake.build:Building ROS package in '/home/brunameinberg/Desktop/UGV-Embrapa-autonomous/ugv_embrapa_ws/src/osr_gazebo' with build type 'ament_cmake'
[0.231s] INFO:colcon.colcon_cmake.task.cmake.build:Building CMake package in '/home/brunameinberg/Desktop/UGV-Embrapa-autonomous/ugv_embrapa_ws/src/osr_gazebo'
[0.231s] INFO:colcon.colcon_core.shell:Skip shell extension 'powershell' for command environment: Not usable outside of PowerShell
[0.232s] DEBUG:colcon.colcon_core.shell:Skip shell extension 'dsv' for command environment
[0.235s] DEBUG:colcon.colcon_core.event_handler.log_command:Invoking command in '/home/brunameinberg/Desktop/UGV-Embrapa-autonomous/ugv_embrapa_ws/src/build/osr_interfaces': CMAKE_PREFIX_PATH=/opt/ros/humble /usr/bin/cmake /home/brunameinberg/Desktop/UGV-Embrapa-autonomous/ugv_embrapa_ws/src/osr_interfaces -DCMAKE_INSTALL_PREFIX=/home/brunameinberg/Desktop/UGV-Embrapa-autonomous/ugv_embrapa_ws/src/install/osr_interfaces
[0.398s] INFO:colcon.colcon_core.task.python.build:Building Python package in '/home/brunameinberg/Desktop/UGV-Embrapa-autonomous/ugv_embrapa_ws/src/osr_autonomous'
[0.398s] INFO:colcon.colcon_core.shell:Skip shell extension 'powershell' for command environment: Not usable outside of PowerShell
[0.398s] DEBUG:colcon.colcon_core.shell:Skip shell extension 'dsv' for command environment
[0.402s] DEBUG:colcon.colcon_core.event_handler.log_command:Invoking command in '/home/brunameinberg/Desktop/UGV-Embrapa-autonomous/ugv_embrapa_ws/src/build/osr_bringup': CMAKE_PREFIX_PATH=/opt/ros/humble /usr/bin/cmake /home/brunameinberg/Desktop/UGV-Embrapa-autonomous/ugv_embrapa_ws/src/osr_bringup -DCMAKE_INSTALL_PREFIX=/home/brunameinberg/Desktop/UGV-Embrapa-autonomous/ugv_embrapa_ws/src/install/osr_bringup
[0.406s] DEBUG:colcon.colcon_core.event_handler.log_command:Invoking command in '/home/brunameinberg/Desktop/UGV-Embrapa-autonomous/ugv_embrapa_ws/src/build/osr_gazebo': CMAKE_PREFIX_PATH=/opt/ros/humble /usr/bin/cmake /home/brunameinberg/Desktop/UGV-Embrapa-autonomous/ugv_embrapa_ws/src/osr_gazebo -DCMAKE_INSTALL_PREFIX=/home/brunameinberg/Desktop/UGV-Embrapa-autonomous/ugv_embrapa_ws/src/install/osr_gazebo
[0.687s] DEBUG:colcon.colcon_core.event_handler.log_command:Invoking command in '/home/brunameinberg/Desktop/UGV-Embrapa-autonomous/ugv_embrapa_ws/src/osr_autonomous': PYTHONPATH=/home/brunameinberg/Desktop/UGV-Embrapa-autonomous/ugv_embrapa_ws/src/build/osr_autonomous/prefix_override:/usr/lib/python3/dist-packages/colcon_core/task/python/colcon_distutils_commands:/home/brunameinberg/Desktop/UGV-Embrapa-autonomous/ugv_embrapa_ws/src/install/osr_autonomous/lib/python3.10/site-packages:${PYTHONPATH} /usr/bin/python3 -W ignore:setup.py install is deprecated -W ignore:easy_install command is deprecated setup.py egg_info --egg-base ../build/osr_autonomous build --build-base /home/brunameinberg/Desktop/UGV-Embrapa-autonomous/ugv_embrapa_ws/src/build/osr_autonomous/build install --record /home/brunameinberg/Desktop/UGV-Embrapa-autonomous/ugv_embrapa_ws/src/build/osr_autonomous/install.log --single-version-externally-managed install_data
[0.833s] DEBUG:colcon.colcon_core.event_handler.log_command:Invoked command in '/home/brunameinberg/Desktop/UGV-Embrapa-autonomous/ugv_embrapa_ws/src/build/osr_bringup' returned '0': CMAKE_PREFIX_PATH=/opt/ros/humble /usr/bin/cmake /home/brunameinberg/Desktop/UGV-Embrapa-autonomous/ugv_embrapa_ws/src/osr_bringup -DCMAKE_INSTALL_PREFIX=/home/brunameinberg/Desktop/UGV-Embrapa-autonomous/ugv_embrapa_ws/src/install/osr_bringup
[0.836s] DEBUG:colcon.colcon_core.event_handler.log_command:Invoking command in '/home/brunameinberg/Desktop/UGV-Embrapa-autonomous/ugv_embrapa_ws/src/build/osr_bringup': CMAKE_PREFIX_PATH=/opt/ros/humble /usr/bin/cmake --build /home/brunameinberg/Desktop/UGV-Embrapa-autonomous/ugv_embrapa_ws/src/build/osr_bringup -- -j8 -l8
[0.860s] DEBUG:colcon.colcon_core.event_handler.log_command:Invoked command in '/home/brunameinberg/Desktop/UGV-Embrapa-autonomous/ugv_embrapa_ws/src/build/osr_bringup' returned '0': CMAKE_PREFIX_PATH=/opt/ros/humble /usr/bin/cmake --build /home/brunameinberg/Desktop/UGV-Embrapa-autonomous/ugv_embrapa_ws/src/build/osr_bringup -- -j8 -l8
[0.869s] DEBUG:colcon.colcon_core.event_handler.log_command:Invoking command in '/home/brunameinberg/Desktop/UGV-Embrapa-autonomous/ugv_embrapa_ws/src/build/osr_bringup': CMAKE_PREFIX_PATH=/opt/ros/humble /usr/bin/cmake --install /home/brunameinberg/Desktop/UGV-Embrapa-autonomous/ugv_embrapa_ws/src/build/osr_bringup
[0.876s] Level 1:colcon.colcon_core.environment:create_environment_scripts_only(osr_bringup)
[0.876s] DEBUG:colcon.colcon_core.event_handler.log_command:Invoked command in '/home/brunameinberg/Desktop/UGV-Embrapa-autonomous/ugv_embrapa_ws/src/build/osr_bringup' returned '0': CMAKE_PREFIX_PATH=/opt/ros/humble /usr/bin/cmake --install /home/brunameinberg/Desktop/UGV-Embrapa-autonomous/ugv_embrapa_ws/src/build/osr_bringup
[0.878s] Level 1:colcon.colcon_core.environment:checking '/home/brunameinberg/Desktop/UGV-Embrapa-autonomous/ugv_embrapa_ws/src/install/osr_bringup' for CMake module files
[0.878s] Level 1:colcon.colcon_core.environment:checking '/home/brunameinberg/Desktop/UGV-Embrapa-autonomous/ugv_embrapa_ws/src/install/osr_bringup' for CMake config files
[0.878s] Level 1:colcon.colcon_core.shell:create_environment_hook('osr_bringup', 'cmake_prefix_path')
[0.878s] INFO:colcon.colcon_core.shell:Creating environment hook '/home/brunameinberg/Desktop/UGV-Embrapa-autonomous/ugv_embrapa_ws/src/install/osr_bringup/share/osr_bringup/hook/cmake_prefix_path.ps1'
[0.879s] INFO:colcon.colcon_core.shell:Creating environment descriptor '/home/brunameinberg/Desktop/UGV-Embrapa-autonomous/ugv_embrapa_ws/src/install/osr_bringup/share/osr_bringup/hook/cmake_prefix_path.dsv'
[0.879s] INFO:colcon.colcon_core.shell:Creating environment hook '/home/brunameinberg/Desktop/UGV-Embrapa-autonomous/ugv_embrapa_ws/src/install/osr_bringup/share/osr_bringup/hook/cmake_prefix_path.sh'
[0.879s] Level 1:colcon.colcon_core.environment:checking '/home/brunameinberg/Desktop/UGV-Embrapa-autonomous/ugv_embrapa_ws/src/install/osr_bringup/bin'
[0.879s] Level 1:colcon.colcon_core.environment:checking '/home/brunameinberg/Desktop/UGV-Embrapa-autonomous/ugv_embrapa_ws/src/install/osr_bringup/lib/pkgconfig/osr_bringup.pc'
[0.879s] Level 1:colcon.colcon_core.environment:checking '/home/brunameinberg/Desktop/UGV-Embrapa-autonomous/ugv_embrapa_ws/src/install/osr_bringup/lib/python3.10/site-packages'
[0.880s] Level 1:colcon.colcon_core.environment:checking '/home/brunameinberg/Desktop/UGV-Embrapa-autonomous/ugv_embrapa_ws/src/install/osr_bringup/bin'
[0.880s] INFO:colcon.colcon_core.shell:Creating package script '/home/brunameinberg/Desktop/UGV-Embrapa-autonomous/ugv_embrapa_ws/src/install/osr_bringup/share/osr_bringup/package.ps1'
[0.880s] INFO:colcon.colcon_core.shell:Creating package descriptor '/home/brunameinberg/Desktop/UGV-Embrapa-autonomous/ugv_embrapa_ws/src/install/osr_bringup/share/osr_bringup/package.dsv'
[0.881s] INFO:colcon.colcon_core.shell:Creating package script '/home/brunameinberg/Desktop/UGV-Embrapa-autonomous/ugv_embrapa_ws/src/install/osr_bringup/share/osr_bringup/package.sh'
[0.881s] INFO:colcon.colcon_core.shell:Creating package script '/home/brunameinberg/Desktop/UGV-Embrapa-autonomous/ugv_embrapa_ws/src/install/osr_bringup/share/osr_bringup/package.bash'
[0.881s] INFO:colcon.colcon_core.shell:Creating package script '/home/brunameinberg/Desktop/UGV-Embrapa-autonomous/ugv_embrapa_ws/src/install/osr_bringup/share/osr_bringup/package.zsh'
[0.882s] Level 1:colcon.colcon_core.environment:create_file_with_runtime_dependencies(/home/brunameinberg/Desktop/UGV-Embrapa-autonomous/ugv_embrapa_ws/src/install/osr_bringup/share/colcon-core/packages/osr_bringup)
[0.882s] Level 1:colcon.colcon_core.environment:create_environment_scripts_only(osr_bringup)
[0.883s] Level 1:colcon.colcon_core.environment:checking '/home/brunameinberg/Desktop/UGV-Embrapa-autonomous/ugv_embrapa_ws/src/install/osr_bringup' for CMake module files
[0.883s] Level 1:colcon.colcon_core.environment:checking '/home/brunameinberg/Desktop/UGV-Embrapa-autonomous/ugv_embrapa_ws/src/install/osr_bringup' for CMake config files
[0.883s] Level 1:colcon.colcon_core.shell:create_environment_hook('osr_bringup', 'cmake_prefix_path')
[0.883s] INFO:colcon.colcon_core.shell:Creating environment hook '/home/brunameinberg/Desktop/UGV-Embrapa-autonomous/ugv_embrapa_ws/src/install/osr_bringup/share/osr_bringup/hook/cmake_prefix_path.ps1'
[0.884s] INFO:colcon.colcon_core.shell:Creating environment descriptor '/home/brunameinberg/Desktop/UGV-Embrapa-autonomous/ugv_embrapa_ws/src/install/osr_bringup/share/osr_bringup/hook/cmake_prefix_path.dsv'
[0.884s] INFO:colcon.colcon_core.shell:Creating environment hook '/home/brunameinberg/Desktop/UGV-Embrapa-autonomous/ugv_embrapa_ws/src/install/osr_bringup/share/osr_bringup/hook/cmake_prefix_path.sh'
[0.884s] Level 1:colcon.colcon_core.environment:checking '/home/brunameinberg/Desktop/UGV-Embrapa-autonomous/ugv_embrapa_ws/src/install/osr_bringup/bin'
[0.884s] Level 1:colcon.colcon_core.environment:checking '/home/brunameinberg/Desktop/UGV-Embrapa-autonomous/ugv_embrapa_ws/src/install/osr_bringup/lib/pkgconfig/osr_bringup.pc'
[0.884s] Level 1:colcon.colcon_core.environment:checking '/home/brunameinberg/Desktop/UGV-Embrapa-autonomous/ugv_embrapa_ws/src/install/osr_bringup/lib/python3.10/site-packages'
[0.885s] Level 1:colcon.colcon_core.environment:checking '/home/brunameinberg/Desktop/UGV-Embrapa-autonomous/ugv_embrapa_ws/src/install/osr_bringup/bin'
[0.885s] INFO:colcon.colcon_core.shell:Creating package script '/home/brunameinberg/Desktop/UGV-Embrapa-autonomous/ugv_embrapa_ws/src/install/osr_bringup/share/osr_bringup/package.ps1'
[0.885s] INFO:colcon.colcon_core.shell:Creating package descriptor '/home/brunameinberg/Desktop/UGV-Embrapa-autonomous/ugv_embrapa_ws/src/install/osr_bringup/share/osr_bringup/package.dsv'
[0.885s] INFO:colcon.colcon_core.shell:Creating package script '/home/brunameinberg/Desktop/UGV-Embrapa-autonomous/ugv_embrapa_ws/src/install/osr_bringup/share/osr_bringup/package.sh'
[0.886s] INFO:colcon.colcon_core.shell:Creating package script '/home/brunameinberg/Desktop/UGV-Embrapa-autonomous/ugv_embrapa_ws/src/install/osr_bringup/share/osr_bringup/package.bash'
[0.886s] INFO:colcon.colcon_core.shell:Creating package script '/home/brunameinberg/Desktop/UGV-Embrapa-autonomous/ugv_embrapa_ws/src/install/osr_bringup/share/osr_bringup/package.zsh'
[0.886s] Level 1:colcon.colcon_core.environment:create_file_with_runtime_dependencies(/home/brunameinberg/Desktop/UGV-Embrapa-autonomous/ugv_embrapa_ws/src/install/osr_bringup/share/colcon-core/packages/osr_bringup)
[0.900s] Level 1:colcon.colcon_core.environment:checking '/home/brunameinberg/Desktop/UGV-Embrapa-autonomous/ugv_embrapa_ws/src/install/osr_autonomous' for CMake module files
[0.900s] DEBUG:colcon.colcon_core.event_handler.log_command:Invoked command in '/home/brunameinberg/Desktop/UGV-Embrapa-autonomous/ugv_embrapa_ws/src/osr_autonomous' returned '0': PYTHONPATH=/home/brunameinberg/Desktop/UGV-Embrapa-autonomous/ugv_embrapa_ws/src/build/osr_autonomous/prefix_override:/usr/lib/python3/dist-packages/colcon_core/task/python/colcon_distutils_commands:/home/brunameinberg/Desktop/UGV-Embrapa-autonomous/ugv_embrapa_ws/src/install/osr_autonomous/lib/python3.10/site-packages:${PYTHONPATH} /usr/bin/python3 -W ignore:setup.py install is deprecated -W ignore:easy_install command is deprecated setup.py egg_info --egg-base ../build/osr_autonomous build --build-base /home/brunameinberg/Desktop/UGV-Embrapa-autonomous/ugv_embrapa_ws/src/build/osr_autonomous/build install --record /home/brunameinberg/Desktop/UGV-Embrapa-autonomous/ugv_embrapa_ws/src/build/osr_autonomous/install.log --single-version-externally-managed install_data
[0.901s] Level 1:colcon.colcon_core.environment:checking '/home/brunameinberg/Desktop/UGV-Embrapa-autonomous/ugv_embrapa_ws/src/install/osr_autonomous' for CMake config files
[0.901s] Level 1:colcon.colcon_core.environment:checking '/home/brunameinberg/Desktop/UGV-Embrapa-autonomous/ugv_embrapa_ws/src/install/osr_autonomous/lib'
[0.902s] Level 1:colcon.colcon_core.environment:checking '/home/brunameinberg/Desktop/UGV-Embrapa-autonomous/ugv_embrapa_ws/src/install/osr_autonomous/bin'
[0.902s] Level 1:colcon.colcon_core.environment:checking '/home/brunameinberg/Desktop/UGV-Embrapa-autonomous/ugv_embrapa_ws/src/install/osr_autonomous/lib/pkgconfig/osr_autonomous.pc'
[0.902s] Level 1:colcon.colcon_core.environment:checking '/home/brunameinberg/Desktop/UGV-Embrapa-autonomous/ugv_embrapa_ws/src/install/osr_autonomous/lib/python3.10/site-packages'
[0.902s] Level 1:colcon.colcon_core.shell:create_environment_hook('osr_autonomous', 'pythonpath')
[0.902s] INFO:colcon.colcon_core.shell:Creating environment hook '/home/brunameinberg/Desktop/UGV-Embrapa-autonomous/ugv_embrapa_ws/src/install/osr_autonomous/share/osr_autonomous/hook/pythonpath.ps1'
[0.903s] INFO:colcon.colcon_core.shell:Creating environment descriptor '/home/brunameinberg/Desktop/UGV-Embrapa-autonomous/ugv_embrapa_ws/src/install/osr_autonomous/share/osr_autonomous/hook/pythonpath.dsv'
[0.903s] INFO:colcon.colcon_core.shell:Creating environment hook '/home/brunameinberg/Desktop/UGV-Embrapa-autonomous/ugv_embrapa_ws/src/install/osr_autonomous/share/osr_autonomous/hook/pythonpath.sh'
[0.904s] Level 1:colcon.colcon_core.environment:checking '/home/brunameinberg/Desktop/UGV-Embrapa-autonomous/ugv_embrapa_ws/src/install/osr_autonomous/bin'
[0.904s] Level 1:colcon.colcon_core.environment:create_environment_scripts_only(osr_autonomous)
[0.904s] INFO:colcon.colcon_core.shell:Creating package script '/home/brunameinberg/Desktop/UGV-Embrapa-autonomous/ugv_embrapa_ws/src/install/osr_autonomous/share/osr_autonomous/package.ps1'
[0.905s] INFO:colcon.colcon_core.shell:Creating package descriptor '/home/brunameinberg/Desktop/UGV-Embrapa-autonomous/ugv_embrapa_ws/src/install/osr_autonomous/share/osr_autonomous/package.dsv'
[0.905s] INFO:colcon.colcon_core.shell:Creating package script '/home/brunameinberg/Desktop/UGV-Embrapa-autonomous/ugv_embrapa_ws/src/install/osr_autonomous/share/osr_autonomous/package.sh'
[0.905s] INFO:colcon.colcon_core.shell:Creating package script '/home/brunameinberg/Desktop/UGV-Embrapa-autonomous/ugv_embrapa_ws/src/install/osr_autonomous/share/osr_autonomous/package.bash'
[0.906s] INFO:colcon.colcon_core.shell:Creating package script '/home/brunameinberg/Desktop/UGV-Embrapa-autonomous/ugv_embrapa_ws/src/install/osr_autonomous/share/osr_autonomous/package.zsh'
[0.906s] Level 1:colcon.colcon_core.environment:create_file_with_runtime_dependencies(/home/brunameinberg/Desktop/UGV-Embrapa-autonomous/ugv_embrapa_ws/src/install/osr_autonomous/share/colcon-core/packages/osr_autonomous)
[1.296s] DEBUG:colcon.colcon_core.event_handler.log_command:Invoked command in '/home/brunameinberg/Desktop/UGV-Embrapa-autonomous/ugv_embrapa_ws/src/build/osr_interfaces' returned '0': CMAKE_PREFIX_PATH=/opt/ros/humble /usr/bin/cmake /home/brunameinberg/Desktop/UGV-Embrapa-autonomous/ugv_embrapa_ws/src/osr_interfaces -DCMAKE_INSTALL_PREFIX=/home/brunameinberg/Desktop/UGV-Embrapa-autonomous/ugv_embrapa_ws/src/install/osr_interfaces
[1.296s] DEBUG:colcon.colcon_core.event_handler.log_command:Invoking command in '/home/brunameinberg/Desktop/UGV-Embrapa-autonomous/ugv_embrapa_ws/src/build/osr_interfaces': CMAKE_PREFIX_PATH=/opt/ros/humble /usr/bin/cmake --build /home/brunameinberg/Desktop/UGV-Embrapa-autonomous/ugv_embrapa_ws/src/build/osr_interfaces -- -j8 -l8
[1.314s] DEBUG:colcon.colcon_core.event_handler.log_command:Invoked command in '/home/brunameinberg/Desktop/UGV-Embrapa-autonomous/ugv_embrapa_ws/src/build/osr_gazebo' returned '0': CMAKE_PREFIX_PATH=/opt/ros/humble /usr/bin/cmake /home/brunameinberg/Desktop/UGV-Embrapa-autonomous/ugv_embrapa_ws/src/osr_gazebo -DCMAKE_INSTALL_PREFIX=/home/brunameinberg/Desktop/UGV-Embrapa-autonomous/ugv_embrapa_ws/src/install/osr_gazebo
[1.315s] DEBUG:colcon.colcon_core.event_handler.log_command:Invoking command in '/home/brunameinberg/Desktop/UGV-Embrapa-autonomous/ugv_embrapa_ws/src/build/osr_gazebo': CMAKE_PREFIX_PATH=/opt/ros/humble /usr/bin/cmake --build /home/brunameinberg/Desktop/UGV-Embrapa-autonomous/ugv_embrapa_ws/src/build/osr_gazebo -- -j8 -l8
[3.608s] DEBUG:colcon.colcon_core.event_handler.log_command:Invoked command in '/home/brunameinberg/Desktop/UGV-Embrapa-autonomous/ugv_embrapa_ws/src/build/osr_interfaces' returned '0': CMAKE_PREFIX_PATH=/opt/ros/humble /usr/bin/cmake --build /home/brunameinberg/Desktop/UGV-Embrapa-autonomous/ugv_embrapa_ws/src/build/osr_interfaces -- -j8 -l8
[3.609s] DEBUG:colcon.colcon_core.event_handler.log_command:Invoking command in '/home/brunameinberg/Desktop/UGV-Embrapa-autonomous/ugv_embrapa_ws/src/build/osr_interfaces': CMAKE_PREFIX_PATH=/opt/ros/humble /usr/bin/cmake --install /home/brunameinberg/Desktop/UGV-Embrapa-autonomous/ugv_embrapa_ws/src/build/osr_interfaces
[3.683s] Level 1:colcon.colcon_core.environment:create_environment_scripts_only(osr_interfaces)
[3.684s] Level 1:colcon.colcon_core.environment:checking '/home/brunameinberg/Desktop/UGV-Embrapa-autonomous/ugv_embrapa_ws/src/install/osr_interfaces' for CMake module files
[3.684s] DEBUG:colcon.colcon_core.event_handler.log_command:Invoked command in '/home/brunameinberg/Desktop/UGV-Embrapa-autonomous/ugv_embrapa_ws/src/build/osr_interfaces' returned '0': CMAKE_PREFIX_PATH=/opt/ros/humble /usr/bin/cmake --install /home/brunameinberg/Desktop/UGV-Embrapa-autonomous/ugv_embrapa_ws/src/build/osr_interfaces
[3.684s] Level 1:colcon.colcon_core.environment:checking '/home/brunameinberg/Desktop/UGV-Embrapa-autonomous/ugv_embrapa_ws/src/install/osr_interfaces' for CMake config files
[3.685s] Level 1:colcon.colcon_core.shell:create_environment_hook('osr_interfaces', 'cmake_prefix_path')
[3.685s] INFO:colcon.colcon_core.shell:Creating environment hook '/home/brunameinberg/Desktop/UGV-Embrapa-autonomous/ugv_embrapa_ws/src/install/osr_interfaces/share/osr_interfaces/hook/cmake_prefix_path.ps1'
[3.685s] INFO:colcon.colcon_core.shell:Creating environment descriptor '/home/brunameinberg/Desktop/UGV-Embrapa-autonomous/ugv_embrapa_ws/src/install/osr_interfaces/share/osr_interfaces/hook/cmake_prefix_path.dsv'
[3.685s] INFO:colcon.colcon_core.shell:Creating environment hook '/home/brunameinberg/Desktop/UGV-Embrapa-autonomous/ugv_embrapa_ws/src/install/osr_interfaces/share/osr_interfaces/hook/cmake_prefix_path.sh'
[3.686s] Level 1:colcon.colcon_core.environment:checking '/home/brunameinberg/Desktop/UGV-Embrapa-autonomous/ugv_embrapa_ws/src/install/osr_interfaces/lib'
[3.686s] Level 1:colcon.colcon_core.shell:create_environment_hook('osr_interfaces', 'ld_library_path_lib')
[3.686s] INFO:colcon.colcon_core.shell:Creating environment hook '/home/brunameinberg/Desktop/UGV-Embrapa-autonomous/ugv_embrapa_ws/src/install/osr_interfaces/share/osr_interfaces/hook/ld_library_path_lib.ps1'
[3.686s] INFO:colcon.colcon_core.shell:Creating environment descriptor '/home/brunameinberg/Desktop/UGV-Embrapa-autonomous/ugv_embrapa_ws/src/install/osr_interfaces/share/osr_interfaces/hook/ld_library_path_lib.dsv'
[3.686s] INFO:colcon.colcon_core.shell:Creating environment hook '/home/brunameinberg/Desktop/UGV-Embrapa-autonomous/ugv_embrapa_ws/src/install/osr_interfaces/share/osr_interfaces/hook/ld_library_path_lib.sh'
[3.687s] Level 1:colcon.colcon_core.environment:checking '/home/brunameinberg/Desktop/UGV-Embrapa-autonomous/ugv_embrapa_ws/src/install/osr_interfaces/bin'
[3.687s] Level 1:colcon.colcon_core.environment:checking '/home/brunameinberg/Desktop/UGV-Embrapa-autonomous/ugv_embrapa_ws/src/install/osr_interfaces/lib/pkgconfig/osr_interfaces.pc'
[3.687s] Level 1:colcon.colcon_core.environment:checking '/home/brunameinberg/Desktop/UGV-Embrapa-autonomous/ugv_embrapa_ws/src/install/osr_interfaces/lib/python3.10/site-packages'
[3.687s] Level 1:colcon.colcon_core.environment:checking '/home/brunameinberg/Desktop/UGV-Embrapa-autonomous/ugv_embrapa_ws/src/install/osr_interfaces/bin'
[3.687s] INFO:colcon.colcon_core.shell:Creating package script '/home/brunameinberg/Desktop/UGV-Embrapa-autonomous/ugv_embrapa_ws/src/install/osr_interfaces/share/osr_interfaces/package.ps1'
[3.687s] INFO:colcon.colcon_core.shell:Creating package descriptor '/home/brunameinberg/Desktop/UGV-Embrapa-autonomous/ugv_embrapa_ws/src/install/osr_interfaces/share/osr_interfaces/package.dsv'
[3.688s] INFO:colcon.colcon_core.shell:Creating package script '/home/brunameinberg/Desktop/UGV-Embrapa-autonomous/ugv_embrapa_ws/src/install/osr_interfaces/share/osr_interfaces/package.sh'
[3.688s] INFO:colcon.colcon_core.shell:Creating package script '/home/brunameinberg/Desktop/UGV-Embrapa-autonomous/ugv_embrapa_ws/src/install/osr_interfaces/share/osr_interfaces/package.bash'
[3.688s] INFO:colcon.colcon_core.shell:Creating package script '/home/brunameinberg/Desktop/UGV-Embrapa-autonomous/ugv_embrapa_ws/src/install/osr_interfaces/share/osr_interfaces/package.zsh'
[3.688s] Level 1:colcon.colcon_core.environment:create_file_with_runtime_dependencies(/home/brunameinberg/Desktop/UGV-Embrapa-autonomous/ugv_embrapa_ws/src/install/osr_interfaces/share/colcon-core/packages/osr_interfaces)
[3.689s] Level 1:colcon.colcon_core.environment:create_environment_scripts_only(osr_interfaces)
[3.689s] Level 1:colcon.colcon_core.environment:checking '/home/brunameinberg/Desktop/UGV-Embrapa-autonomous/ugv_embrapa_ws/src/install/osr_interfaces' for CMake module files
[3.689s] Level 1:colcon.colcon_core.environment:checking '/home/brunameinberg/Desktop/UGV-Embrapa-autonomous/ugv_embrapa_ws/src/install/osr_interfaces' for CMake config files
[3.689s] Level 1:colcon.colcon_core.shell:create_environment_hook('osr_interfaces', 'cmake_prefix_path')
[3.690s] INFO:colcon.colcon_core.shell:Creating environment hook '/home/brunameinberg/Desktop/UGV-Embrapa-autonomous/ugv_embrapa_ws/src/install/osr_interfaces/share/osr_interfaces/hook/cmake_prefix_path.ps1'
[3.690s] INFO:colcon.colcon_core.shell:Creating environment descriptor '/home/brunameinberg/Desktop/UGV-Embrapa-autonomous/ugv_embrapa_ws/src/install/osr_interfaces/share/osr_interfaces/hook/cmake_prefix_path.dsv'
[3.690s] INFO:colcon.colcon_core.shell:Creating environment hook '/home/brunameinberg/Desktop/UGV-Embrapa-autonomous/ugv_embrapa_ws/src/install/osr_interfaces/share/osr_interfaces/hook/cmake_prefix_path.sh'
[3.690s] Level 1:colcon.colcon_core.environment:checking '/home/brunameinberg/Desktop/UGV-Embrapa-autonomous/ugv_embrapa_ws/src/install/osr_interfaces/lib'
[3.690s] Level 1:colcon.colcon_core.shell:create_environment_hook('osr_interfaces', 'ld_library_path_lib')
[3.691s] INFO:colcon.colcon_core.shell:Creating environment hook '/home/brunameinberg/Desktop/UGV-Embrapa-autonomous/ugv_embrapa_ws/src/install/osr_interfaces/share/osr_interfaces/hook/ld_library_path_lib.ps1'
[3.691s] INFO:colcon.colcon_core.shell:Creating environment descriptor '/home/brunameinberg/Desktop/UGV-Embrapa-autonomous/ugv_embrapa_ws/src/install/osr_interfaces/share/osr_interfaces/hook/ld_library_path_lib.dsv'
[3.691s] INFO:colcon.colcon_core.shell:Creating environment hook '/home/brunameinberg/Desktop/UGV-Embrapa-autonomous/ugv_embrapa_ws/src/install/osr_interfaces/share/osr_interfaces/hook/ld_library_path_lib.sh'
[3.692s] Level 1:colcon.colcon_core.environment:checking '/home/brunameinberg/Desktop/UGV-Embrapa-autonomous/ugv_embrapa_ws/src/install/osr_interfaces/bin'
[3.692s] Level 1:colcon.colcon_core.environment:checking '/home/brunameinberg/Desktop/UGV-Embrapa-autonomous/ugv_embrapa_ws/src/install/osr_interfaces/lib/pkgconfig/osr_interfaces.pc'
[3.692s] Level 1:colcon.colcon_core.environment:checking '/home/brunameinberg/Desktop/UGV-Embrapa-autonomous/ugv_embrapa_ws/src/install/osr_interfaces/lib/python3.10/site-packages'
[3.692s] Level 1:colcon.colcon_core.environment:checking '/home/brunameinberg/Desktop/UGV-Embrapa-autonomous/ugv_embrapa_ws/src/install/osr_interfaces/bin'
[3.692s] INFO:colcon.colcon_core.shell:Creating package script '/home/brunameinberg/Desktop/UGV-Embrapa-autonomous/ugv_embrapa_ws/src/install/osr_interfaces/share/osr_interfaces/package.ps1'
[3.693s] INFO:colcon.colcon_core.shell:Creating package descriptor '/home/brunameinberg/Desktop/UGV-Embrapa-autonomous/ugv_embrapa_ws/src/install/osr_interfaces/share/osr_interfaces/package.dsv'
[3.693s] INFO:colcon.colcon_core.shell:Creating package script '/home/brunameinberg/Desktop/UGV-Embrapa-autonomous/ugv_embrapa_ws/src/install/osr_interfaces/share/osr_interfaces/package.sh'
[3.693s] INFO:colcon.colcon_core.shell:Creating package script '/home/brunameinberg/Desktop/UGV-Embrapa-autonomous/ugv_embrapa_ws/src/install/osr_interfaces/share/osr_interfaces/package.bash'
[3.693s] INFO:colcon.colcon_core.shell:Creating package script '/home/brunameinberg/Desktop/UGV-Embrapa-autonomous/ugv_embrapa_ws/src/install/osr_interfaces/share/osr_interfaces/package.zsh'
[3.694s] Level 1:colcon.colcon_core.environment:create_file_with_runtime_dependencies(/home/brunameinberg/Desktop/UGV-Embrapa-autonomous/ugv_embrapa_ws/src/install/osr_interfaces/share/colcon-core/packages/osr_interfaces)
[3.694s] INFO:colcon.colcon_ros.task.ament_python.build:Building ROS package in '/home/brunameinberg/Desktop/UGV-Embrapa-autonomous/ugv_embrapa_ws/src/osr_control' with build type 'ament_python'
[3.694s] Level 1:colcon.colcon_core.shell:create_environment_hook('osr_control', 'ament_prefix_path')
[3.694s] INFO:colcon.colcon_core.shell:Creating environment hook '/home/brunameinberg/Desktop/UGV-Embrapa-autonomous/ugv_embrapa_ws/src/install/osr_control/share/osr_control/hook/ament_prefix_path.ps1'
[3.695s] INFO:colcon.colcon_core.shell:Creating environment descriptor '/home/brunameinberg/Desktop/UGV-Embrapa-autonomous/ugv_embrapa_ws/src/install/osr_control/share/osr_control/hook/ament_prefix_path.dsv'
[3.695s] INFO:colcon.colcon_core.shell:Creating environment hook '/home/brunameinberg/Desktop/UGV-Embrapa-autonomous/ugv_embrapa_ws/src/install/osr_control/share/osr_control/hook/ament_prefix_path.sh'
[3.695s] INFO:colcon.colcon_core.shell:Skip shell extension 'powershell' for command environment: Not usable outside of PowerShell
[3.695s] DEBUG:colcon.colcon_core.shell:Skip shell extension 'dsv' for command environment
[3.859s] INFO:colcon.colcon_core.task.python.build:Building Python package in '/home/brunameinberg/Desktop/UGV-Embrapa-autonomous/ugv_embrapa_ws/src/osr_control'
[3.859s] INFO:colcon.colcon_core.shell:Skip shell extension 'powershell' for command environment: Not usable outside of PowerShell
[3.859s] DEBUG:colcon.colcon_core.shell:Skip shell extension 'dsv' for command environment
[4.075s] DEBUG:colcon.colcon_core.event_handler.log_command:Invoking command in '/home/brunameinberg/Desktop/UGV-Embrapa-autonomous/ugv_embrapa_ws/src/osr_control': AMENT_PREFIX_PATH=/home/brunameinberg/Desktop/UGV-Embrapa-autonomous/ugv_embrapa_ws/src/install/osr_interfaces:${AMENT_PREFIX_PATH} CMAKE_PREFIX_PATH=/home/brunameinberg/Desktop/UGV-Embrapa-autonomous/ugv_embrapa_ws/src/install/osr_interfaces LD_LIBRARY_PATH=/home/brunameinberg/Desktop/UGV-Embrapa-autonomous/ugv_embrapa_ws/src/install/osr_interfaces/lib:${LD_LIBRARY_PATH} PYTHONPATH=/home/brunameinberg/Desktop/UGV-Embrapa-autonomous/ugv_embrapa_ws/src/build/osr_control/prefix_override:/usr/lib/python3/dist-packages/colcon_core/task/python/colcon_distutils_commands:/home/brunameinberg/Desktop/UGV-Embrapa-autonomous/ugv_embrapa_ws/src/install/osr_control/lib/python3.10/site-packages:/home/brunameinberg/Desktop/UGV-Embrapa-autonomous/ugv_embrapa_ws/src/install/osr_interfaces/local/lib/python3.10/dist-packages:${PYTHONPATH} /usr/bin/python3 -W ignore:setup.py install is deprecated -W ignore:easy_install command is deprecated setup.py egg_info --egg-base ../build/osr_control build --build-base /home/brunameinberg/Desktop/UGV-Embrapa-autonomous/ugv_embrapa_ws/src/build/osr_control/build install --record /home/brunameinberg/Desktop/UGV-Embrapa-autonomous/ugv_embrapa_ws/src/build/osr_control/install.log --install-scripts $base/lib/osr_control --single-version-externally-managed install_data
[4.277s] Level 1:colcon.colcon_core.environment:checking '/home/brunameinberg/Desktop/UGV-Embrapa-autonomous/ugv_embrapa_ws/src/install/osr_control' for CMake module files
[4.277s] DEBUG:colcon.colcon_core.event_handler.log_command:Invoked command in '/home/brunameinberg/Desktop/UGV-Embrapa-autonomous/ugv_embrapa_ws/src/osr_control' returned '0': AMENT_PREFIX_PATH=/home/brunameinberg/Desktop/UGV-Embrapa-autonomous/ugv_embrapa_ws/src/install/osr_interfaces:${AMENT_PREFIX_PATH} CMAKE_PREFIX_PATH=/home/brunameinberg/Desktop/UGV-Embrapa-autonomous/ugv_embrapa_ws/src/install/osr_interfaces LD_LIBRARY_PATH=/home/brunameinberg/Desktop/UGV-Embrapa-autonomous/ugv_embrapa_ws/src/install/osr_interfaces/lib:${LD_LIBRARY_PATH} PYTHONPATH=/home/brunameinberg/Desktop/UGV-Embrapa-autonomous/ugv_embrapa_ws/src/build/osr_control/prefix_override:/usr/lib/python3/dist-packages/colcon_core/task/python/colcon_distutils_commands:/home/brunameinberg/Desktop/UGV-Embrapa-autonomous/ugv_embrapa_ws/src/install/osr_control/lib/python3.10/site-packages:/home/brunameinberg/Desktop/UGV-Embrapa-autonomous/ugv_embrapa_ws/src/install/osr_interfaces/local/lib/python3.10/dist-packages:${PYTHONPATH} /usr/bin/python3 -W ignore:setup.py install is deprecated -W ignore:easy_install command is deprecated setup.py egg_info --egg-base ../build/osr_control build --build-base /home/brunameinberg/Desktop/UGV-Embrapa-autonomous/ugv_embrapa_ws/src/build/osr_control/build install --record /home/brunameinberg/Desktop/UGV-Embrapa-autonomous/ugv_embrapa_ws/src/build/osr_control/install.log --install-scripts $base/lib/osr_control --single-version-externally-managed install_data
[4.277s] Level 1:colcon.colcon_core.environment:checking '/home/brunameinberg/Desktop/UGV-Embrapa-autonomous/ugv_embrapa_ws/src/install/osr_control' for CMake config files
[4.278s] Level 1:colcon.colcon_core.environment:checking '/home/brunameinberg/Desktop/UGV-Embrapa-autonomous/ugv_embrapa_ws/src/install/osr_control/lib'
[4.278s] Level 1:colcon.colcon_core.environment:checking '/home/brunameinberg/Desktop/UGV-Embrapa-autonomous/ugv_embrapa_ws/src/install/osr_control/bin'
[4.278s] Level 1:colcon.colcon_core.environment:checking '/home/brunameinberg/Desktop/UGV-Embrapa-autonomous/ugv_embrapa_ws/src/install/osr_control/lib/pkgconfig/osr_control.pc'
[4.278s] Level 1:colcon.colcon_core.environment:checking '/home/brunameinberg/Desktop/UGV-Embrapa-autonomous/ugv_embrapa_ws/src/install/osr_control/lib/python3.10/site-packages'
[4.278s] Level 1:colcon.colcon_core.shell:create_environment_hook('osr_control', 'pythonpath')
[4.278s] INFO:colcon.colcon_core.shell:Creating environment hook '/home/brunameinberg/Desktop/UGV-Embrapa-autonomous/ugv_embrapa_ws/src/install/osr_control/share/osr_control/hook/pythonpath.ps1'
[4.279s] INFO:colcon.colcon_core.shell:Creating environment descriptor '/home/brunameinberg/Desktop/UGV-Embrapa-autonomous/ugv_embrapa_ws/src/install/osr_control/share/osr_control/hook/pythonpath.dsv'
[4.279s] INFO:colcon.colcon_core.shell:Creating environment hook '/home/brunameinberg/Desktop/UGV-Embrapa-autonomous/ugv_embrapa_ws/src/install/osr_control/share/osr_control/hook/pythonpath.sh'
[4.279s] Level 1:colcon.colcon_core.environment:checking '/home/brunameinberg/Desktop/UGV-Embrapa-autonomous/ugv_embrapa_ws/src/install/osr_control/bin'
[4.279s] Level 1:colcon.colcon_core.environment:create_environment_scripts_only(osr_control)
[4.279s] INFO:colcon.colcon_core.shell:Creating package script '/home/brunameinberg/Desktop/UGV-Embrapa-autonomous/ugv_embrapa_ws/src/install/osr_control/share/osr_control/package.ps1'
[4.280s] INFO:colcon.colcon_core.shell:Creating package descriptor '/home/brunameinberg/Desktop/UGV-Embrapa-autonomous/ugv_embrapa_ws/src/install/osr_control/share/osr_control/package.dsv'
[4.280s] INFO:colcon.colcon_core.shell:Creating package script '/home/brunameinberg/Desktop/UGV-Embrapa-autonomous/ugv_embrapa_ws/src/install/osr_control/share/osr_control/package.sh'
[4.280s] INFO:colcon.colcon_core.shell:Creating package script '/home/brunameinberg/Desktop/UGV-Embrapa-autonomous/ugv_embrapa_ws/src/install/osr_control/share/osr_control/package.bash'
[4.280s] INFO:colcon.colcon_core.shell:Creating package script '/home/brunameinberg/Desktop/UGV-Embrapa-autonomous/ugv_embrapa_ws/src/install/osr_control/share/osr_control/package.zsh'
[4.281s] Level 1:colcon.colcon_core.environment:create_file_with_runtime_dependencies(/home/brunameinberg/Desktop/UGV-Embrapa-autonomous/ugv_embrapa_ws/src/install/osr_control/share/colcon-core/packages/osr_control)
[12.548s] DEBUG:colcon.colcon_core.event_handler.log_command:Invoked command in '/home/brunameinberg/Desktop/UGV-Embrapa-autonomous/ugv_embrapa_ws/src/build/osr_gazebo' returned '0': CMAKE_PREFIX_PATH=/opt/ros/humble /usr/bin/cmake --build /home/brunameinberg/Desktop/UGV-Embrapa-autonomous/ugv_embrapa_ws/src/build/osr_gazebo -- -j8 -l8
[12.549s] DEBUG:colcon.colcon_core.event_handler.log_command:Invoking command in '/home/brunameinberg/Desktop/UGV-Embrapa-autonomous/ugv_embrapa_ws/src/build/osr_gazebo': CMAKE_PREFIX_PATH=/opt/ros/humble /usr/bin/cmake --install /home/brunameinberg/Desktop/UGV-Embrapa-autonomous/ugv_embrapa_ws/src/build/osr_gazebo
[12.628s] Level 1:colcon.colcon_core.environment:create_environment_scripts_only(osr_gazebo)
[12.629s] Level 1:colcon.colcon_core.environment:checking '/home/brunameinberg/Desktop/UGV-Embrapa-autonomous/ugv_embrapa_ws/src/install/osr_gazebo' for CMake module files
[12.630s] DEBUG:colcon.colcon_core.event_handler.log_command:Invoked command in '/home/brunameinberg/Desktop/UGV-Embrapa-autonomous/ugv_embrapa_ws/src/build/osr_gazebo' returned '0': CMAKE_PREFIX_PATH=/opt/ros/humble /usr/bin/cmake --install /home/brunameinberg/Desktop/UGV-Embrapa-autonomous/ugv_embrapa_ws/src/build/osr_gazebo
[12.631s] Level 1:colcon.colcon_core.environment:checking '/home/brunameinberg/Desktop/UGV-Embrapa-autonomous/ugv_embrapa_ws/src/install/osr_gazebo' for CMake config files
[12.631s] Level 1:colcon.colcon_core.shell:create_environment_hook('osr_gazebo', 'cmake_prefix_path')
[12.632s] INFO:colcon.colcon_core.shell:Creating environment hook '/home/brunameinberg/Desktop/UGV-Embrapa-autonomous/ugv_embrapa_ws/src/install/osr_gazebo/share/osr_gazebo/hook/cmake_prefix_path.ps1'
[12.632s] INFO:colcon.colcon_core.shell:Creating environment descriptor '/home/brunameinberg/Desktop/UGV-Embrapa-autonomous/ugv_embrapa_ws/src/install/osr_gazebo/share/osr_gazebo/hook/cmake_prefix_path.dsv'
[12.633s] INFO:colcon.colcon_core.shell:Creating environment hook '/home/brunameinberg/Desktop/UGV-Embrapa-autonomous/ugv_embrapa_ws/src/install/osr_gazebo/share/osr_gazebo/hook/cmake_prefix_path.sh'
[12.634s] Level 1:colcon.colcon_core.environment:checking '/home/brunameinberg/Desktop/UGV-Embrapa-autonomous/ugv_embrapa_ws/src/install/osr_gazebo/lib'
[12.634s] Level 1:colcon.colcon_core.environment:checking '/home/brunameinberg/Desktop/UGV-Embrapa-autonomous/ugv_embrapa_ws/src/install/osr_gazebo/bin'
[12.634s] Level 1:colcon.colcon_core.environment:checking '/home/brunameinberg/Desktop/UGV-Embrapa-autonomous/ugv_embrapa_ws/src/install/osr_gazebo/lib/pkgconfig/osr_gazebo.pc'
[12.635s] Level 1:colcon.colcon_core.environment:checking '/home/brunameinberg/Desktop/UGV-Embrapa-autonomous/ugv_embrapa_ws/src/install/osr_gazebo/lib/python3.10/site-packages'
[12.635s] Level 1:colcon.colcon_core.environment:checking '/home/brunameinberg/Desktop/UGV-Embrapa-autonomous/ugv_embrapa_ws/src/install/osr_gazebo/bin'
[12.636s] INFO:colcon.colcon_core.shell:Creating package script '/home/brunameinberg/Desktop/UGV-Embrapa-autonomous/ugv_embrapa_ws/src/install/osr_gazebo/share/osr_gazebo/package.ps1'
[12.637s] INFO:colcon.colcon_core.shell:Creating package descriptor '/home/brunameinberg/Desktop/UGV-Embrapa-autonomous/ugv_embrapa_ws/src/install/osr_gazebo/share/osr_gazebo/package.dsv'
[12.637s] INFO:colcon.colcon_core.shell:Creating package script '/home/brunameinberg/Desktop/UGV-Embrapa-autonomous/ugv_embrapa_ws/src/install/osr_gazebo/share/osr_gazebo/package.sh'
[12.638s] INFO:colcon.colcon_core.shell:Creating package script '/home/brunameinberg/Desktop/UGV-Embrapa-autonomous/ugv_embrapa_ws/src/install/osr_gazebo/share/osr_gazebo/package.bash'
[12.638s] INFO:colcon.colcon_core.shell:Creating package script '/home/brunameinberg/Desktop/UGV-Embrapa-autonomous/ugv_embrapa_ws/src/install/osr_gazebo/share/osr_gazebo/package.zsh'
[12.639s] Level 1:colcon.colcon_core.environment:create_file_with_runtime_dependencies(/home/brunameinberg/Desktop/UGV-Embrapa-autonomous/ugv_embrapa_ws/src/install/osr_gazebo/share/colcon-core/packages/osr_gazebo)
[12.640s] Level 1:colcon.colcon_core.environment:create_environment_scripts_only(osr_gazebo)
[12.640s] Level 1:colcon.colcon_core.environment:checking '/home/brunameinberg/Desktop/UGV-Embrapa-autonomous/ugv_embrapa_ws/src/install/osr_gazebo' for CMake module files
[12.640s] Level 1:colcon.colcon_core.environment:checking '/home/brunameinberg/Desktop/UGV-Embrapa-autonomous/ugv_embrapa_ws/src/install/osr_gazebo' for CMake config files
[12.641s] Level 1:colcon.colcon_core.shell:create_environment_hook('osr_gazebo', 'cmake_prefix_path')
[12.641s] INFO:colcon.colcon_core.shell:Creating environment hook '/home/brunameinberg/Desktop/UGV-Embrapa-autonomous/ugv_embrapa_ws/src/install/osr_gazebo/share/osr_gazebo/hook/cmake_prefix_path.ps1'
[12.641s] INFO:colcon.colcon_core.shell:Creating environment descriptor '/home/brunameinberg/Desktop/UGV-Embrapa-autonomous/ugv_embrapa_ws/src/install/osr_gazebo/share/osr_gazebo/hook/cmake_prefix_path.dsv'
[12.642s] INFO:colcon.colcon_core.shell:Creating environment hook '/home/brunameinberg/Desktop/UGV-Embrapa-autonomous/ugv_embrapa_ws/src/install/osr_gazebo/share/osr_gazebo/hook/cmake_prefix_path.sh'
[12.642s] Level 1:colcon.colcon_core.environment:checking '/home/brunameinberg/Desktop/UGV-Embrapa-autonomous/ugv_embrapa_ws/src/install/osr_gazebo/lib'
[12.642s] Level 1:colcon.colcon_core.environment:checking '/home/brunameinberg/Desktop/UGV-Embrapa-autonomous/ugv_embrapa_ws/src/install/osr_gazebo/bin'
[12.642s] Level 1:colcon.colcon_core.environment:checking '/home/brunameinberg/Desktop/UGV-Embrapa-autonomous/ugv_embrapa_ws/src/install/osr_gazebo/lib/pkgconfig/osr_gazebo.pc'
[12.643s] Level 1:colcon.colcon_core.environment:checking '/home/brunameinberg/Desktop/UGV-Embrapa-autonomous/ugv_embrapa_ws/src/install/osr_gazebo/lib/python3.10/site-packages'
[12.643s] Level 1:colcon.colcon_core.environment:checking '/home/brunameinberg/Desktop/UGV-Embrapa-autonomous/ugv_embrapa_ws/src/install/osr_gazebo/bin'
[12.643s] INFO:colcon.colcon_core.shell:Creating package script '/home/brunameinberg/Desktop/UGV-Embrapa-autonomous/ugv_embrapa_ws/src/install/osr_gazebo/share/osr_gazebo/package.ps1'
[12.643s] INFO:colcon.colcon_core.shell:Creating package descriptor '/home/brunameinberg/Desktop/UGV-Embrapa-autonomous/ugv_embrapa_ws/src/install/osr_gazebo/share/osr_gazebo/package.dsv'
[12.644s] INFO:colcon.colcon_core.shell:Creating package script '/home/brunameinberg/Desktop/UGV-Embrapa-autonomous/ugv_embrapa_ws/src/install/osr_gazebo/share/osr_gazebo/package.sh'
[12.644s] INFO:colcon.colcon_core.shell:Creating package script '/home/brunameinberg/Desktop/UGV-Embrapa-autonomous/ugv_embrapa_ws/src/install/osr_gazebo/share/osr_gazebo/package.bash'
[12.644s] INFO:colcon.colcon_core.shell:Creating package script '/home/brunameinberg/Desktop/UGV-Embrapa-autonomous/ugv_embrapa_ws/src/install/osr_gazebo/share/osr_gazebo/package.zsh'
[12.645s] Level 1:colcon.colcon_core.environment:create_file_with_runtime_dependencies(/home/brunameinberg/Desktop/UGV-Embrapa-autonomous/ugv_embrapa_ws/src/install/osr_gazebo/share/colcon-core/packages/osr_gazebo)
[12.645s] DEBUG:colcon.colcon_parallel_executor.executor.parallel:closing loop
[12.645s] DEBUG:colcon.colcon_parallel_executor.executor.parallel:loop closed
[12.645s] DEBUG:colcon.colcon_parallel_executor.executor.parallel:run_until_complete finished with '0'
[12.645s] DEBUG:colcon.colcon_core.event_reactor:joining thread
[12.649s] INFO:colcon.colcon_core.plugin_system:Skipping extension 'colcon_notification.desktop_notification.terminal_notifier': Not used on non-Darwin systems
[12.649s] INFO:colcon.colcon_core.plugin_system:Skipping extension 'colcon_notification.desktop_notification.win32': Not used on non-Windows systems
[12.649s] INFO:colcon.colcon_notification.desktop_notification:Sending desktop notification using 'notify2'
[12.662s] DEBUG:colcon.colcon_core.event_reactor:joined thread
[12.663s] INFO:colcon.colcon_core.shell:Creating prefix script '/home/brunameinberg/Desktop/UGV-Embrapa-autonomous/ugv_embrapa_ws/src/install/local_setup.ps1'
[12.664s] INFO:colcon.colcon_core.shell:Creating prefix util module '/home/brunameinberg/Desktop/UGV-Embrapa-autonomous/ugv_embrapa_ws/src/install/_local_setup_util_ps1.py'
[12.667s] INFO:colcon.colcon_core.shell:Creating prefix chain script '/home/brunameinberg/Desktop/UGV-Embrapa-autonomous/ugv_embrapa_ws/src/install/setup.ps1'
[12.668s] INFO:colcon.colcon_core.shell:Creating prefix script '/home/brunameinberg/Desktop/UGV-Embrapa-autonomous/ugv_embrapa_ws/src/install/local_setup.sh'
[12.668s] INFO:colcon.colcon_core.shell:Creating prefix util module '/home/brunameinberg/Desktop/UGV-Embrapa-autonomous/ugv_embrapa_ws/src/install/_local_setup_util_sh.py'
[12.669s] INFO:colcon.colcon_core.shell:Creating prefix chain script '/home/brunameinberg/Desktop/UGV-Embrapa-autonomous/ugv_embrapa_ws/src/install/setup.sh'
[12.670s] INFO:colcon.colcon_core.shell:Creating prefix script '/home/brunameinberg/Desktop/UGV-Embrapa-autonomous/ugv_embrapa_ws/src/install/local_setup.bash'
[12.670s] INFO:colcon.colcon_core.shell:Creating prefix chain script '/home/brunameinberg/Desktop/UGV-Embrapa-autonomous/ugv_embrapa_ws/src/install/setup.bash'
[12.671s] INFO:colcon.colcon_core.shell:Creating prefix script '/home/brunameinberg/Desktop/UGV-Embrapa-autonomous/ugv_embrapa_ws/src/install/local_setup.zsh'
[12.672s] INFO:colcon.colcon_core.shell:Creating prefix chain script '/home/brunameinberg/Desktop/UGV-Embrapa-autonomous/ugv_embrapa_ws/src/install/setup.zsh'
