[0.385s] Invoking command in '/home/brunameinberg/Desktop/UGV-Embrapa-autonomous/ugv_embrapa_ws/src/osr_control': AMENT_PREFIX_PATH=/home/brunameinberg/Desktop/UGV-Embrapa-autonomous/ugv_embrapa_ws/install/osr_interfaces:${AMENT_PREFIX_PATH} CMAKE_PREFIX_PATH=/home/brunameinberg/Desktop/UGV-Embrapa-autonomous/ugv_embrapa_ws/install/osr_interfaces:${CMAKE_PREFIX_PATH} LD_LIBRARY_PATH=/home/brunameinberg/Desktop/UGV-Embrapa-autonomous/ugv_embrapa_ws/install/osr_interfaces/lib:${LD_LIBRARY_PATH} PYTHONPATH=/home/brunameinberg/Desktop/UGV-Embrapa-autonomous/ugv_embrapa_ws/build/osr_control/prefix_override:/usr/lib/python3/dist-packages/colcon_core/task/python/colcon_distutils_commands:/home/brunameinberg/Desktop/UGV-Embrapa-autonomous/ugv_embrapa_ws/install/osr_control/lib/python3.10/site-packages:/home/brunameinberg/Desktop/UGV-Embrapa-autonomous/ugv_embrapa_ws/install/osr_interfaces/local/lib/python3.10/dist-packages:${PYTHONPATH} /usr/bin/python3 -W ignore:setup.py install is deprecated -W ignore:easy_install command is deprecated setup.py egg_info --egg-base ../../build/osr_control build --build-base /home/brunameinberg/Desktop/UGV-Embrapa-autonomous/ugv_embrapa_ws/build/osr_control/build install --record /home/brunameinberg/Desktop/UGV-Embrapa-autonomous/ugv_embrapa_ws/build/osr_control/install.log --install-scripts $base/lib/osr_control --single-version-externally-managed install_data
[0.528s] /usr/lib/python3/dist-packages/setuptools/dist.py:723: UserWarning: Usage of dash-separated 'script-dir' will not be supported in future versions. Please use the underscore name 'script_dir' instead
[0.528s]   warnings.warn(
[0.533s] running egg_info
[0.533s] creating ../../build/osr_control/osr_control.egg-info
[0.533s] writing ../../build/osr_control/osr_control.egg-info/PKG-INFO
[0.534s] writing dependency_links to ../../build/osr_control/osr_control.egg-info/dependency_links.txt
[0.534s] writing entry points to ../../build/osr_control/osr_control.egg-info/entry_points.txt
[0.534s] writing requirements to ../../build/osr_control/osr_control.egg-info/requires.txt
[0.534s] writing top-level names to ../../build/osr_control/osr_control.egg-info/top_level.txt
[0.534s] writing manifest file '../../build/osr_control/osr_control.egg-info/SOURCES.txt'
[0.535s] reading manifest file '../../build/osr_control/osr_control.egg-info/SOURCES.txt'
[0.536s] writing manifest file '../../build/osr_control/osr_control.egg-info/SOURCES.txt'
[0.536s] running build
[0.536s] running build_py
[0.536s] creating /home/brunameinberg/Desktop/UGV-Embrapa-autonomous/ugv_embrapa_ws/build/osr_control/build
[0.536s] creating /home/brunameinberg/Desktop/UGV-Embrapa-autonomous/ugv_embrapa_ws/build/osr_control/build/lib
[0.536s] creating /home/brunameinberg/Desktop/UGV-Embrapa-autonomous/ugv_embrapa_ws/build/osr_control/build/lib/osr_control
[0.536s] copying osr_control/__init__.py -> /home/brunameinberg/Desktop/UGV-Embrapa-autonomous/ugv_embrapa_ws/build/osr_control/build/lib/osr_control
[0.536s] copying osr_control/ina_260_pub.py -> /home/brunameinberg/Desktop/UGV-Embrapa-autonomous/ugv_embrapa_ws/build/osr_control/build/lib/osr_control
[0.536s] copying osr_control/joy_extras.py -> /home/brunameinberg/Desktop/UGV-Embrapa-autonomous/ugv_embrapa_ws/build/osr_control/build/lib/osr_control
[0.536s] copying osr_control/roboclaw.py -> /home/brunameinberg/Desktop/UGV-Embrapa-autonomous/ugv_embrapa_ws/build/osr_control/build/lib/osr_control
[0.536s] copying osr_control/roboclaw_wrapper.py -> /home/brunameinberg/Desktop/UGV-Embrapa-autonomous/ugv_embrapa_ws/build/osr_control/build/lib/osr_control
[0.536s] copying osr_control/rover.py -> /home/brunameinberg/Desktop/UGV-Embrapa-autonomous/ugv_embrapa_ws/build/osr_control/build/lib/osr_control
[0.536s] copying osr_control/servo_control.py -> /home/brunameinberg/Desktop/UGV-Embrapa-autonomous/ugv_embrapa_ws/build/osr_control/build/lib/osr_control
[0.536s] copying osr_control/roboclaw_wrapper_nomiddle.py -> /home/brunameinberg/Desktop/UGV-Embrapa-autonomous/ugv_embrapa_ws/build/osr_control/build/lib/osr_control
[0.536s] copying osr_control/rover_nomiddle.py -> /home/brunameinberg/Desktop/UGV-Embrapa-autonomous/ugv_embrapa_ws/build/osr_control/build/lib/osr_control
[0.536s] running install
[0.537s] running install_lib
[0.537s] creating /home/brunameinberg/Desktop/UGV-Embrapa-autonomous/ugv_embrapa_ws/install/osr_control/lib/python3.10/site-packages/osr_control
[0.537s] copying /home/brunameinberg/Desktop/UGV-Embrapa-autonomous/ugv_embrapa_ws/build/osr_control/build/lib/osr_control/__init__.py -> /home/brunameinberg/Desktop/UGV-Embrapa-autonomous/ugv_embrapa_ws/install/osr_control/lib/python3.10/site-packages/osr_control
[0.537s] copying /home/brunameinberg/Desktop/UGV-Embrapa-autonomous/ugv_embrapa_ws/build/osr_control/build/lib/osr_control/ina_260_pub.py -> /home/brunameinberg/Desktop/UGV-Embrapa-autonomous/ugv_embrapa_ws/install/osr_control/lib/python3.10/site-packages/osr_control
[0.537s] copying /home/brunameinberg/Desktop/UGV-Embrapa-autonomous/ugv_embrapa_ws/build/osr_control/build/lib/osr_control/joy_extras.py -> /home/brunameinberg/Desktop/UGV-Embrapa-autonomous/ugv_embrapa_ws/install/osr_control/lib/python3.10/site-packages/osr_control
[0.537s] copying /home/brunameinberg/Desktop/UGV-Embrapa-autonomous/ugv_embrapa_ws/build/osr_control/build/lib/osr_control/roboclaw.py -> /home/brunameinberg/Desktop/UGV-Embrapa-autonomous/ugv_embrapa_ws/install/osr_control/lib/python3.10/site-packages/osr_control
[0.537s] copying /home/brunameinberg/Desktop/UGV-Embrapa-autonomous/ugv_embrapa_ws/build/osr_control/build/lib/osr_control/roboclaw_wrapper.py -> /home/brunameinberg/Desktop/UGV-Embrapa-autonomous/ugv_embrapa_ws/install/osr_control/lib/python3.10/site-packages/osr_control
[0.538s] copying /home/brunameinberg/Desktop/UGV-Embrapa-autonomous/ugv_embrapa_ws/build/osr_control/build/lib/osr_control/rover.py -> /home/brunameinberg/Desktop/UGV-Embrapa-autonomous/ugv_embrapa_ws/install/osr_control/lib/python3.10/site-packages/osr_control
[0.538s] copying /home/brunameinberg/Desktop/UGV-Embrapa-autonomous/ugv_embrapa_ws/build/osr_control/build/lib/osr_control/servo_control.py -> /home/brunameinberg/Desktop/UGV-Embrapa-autonomous/ugv_embrapa_ws/install/osr_control/lib/python3.10/site-packages/osr_control
[0.538s] copying /home/brunameinberg/Desktop/UGV-Embrapa-autonomous/ugv_embrapa_ws/build/osr_control/build/lib/osr_control/roboclaw_wrapper_nomiddle.py -> /home/brunameinberg/Desktop/UGV-Embrapa-autonomous/ugv_embrapa_ws/install/osr_control/lib/python3.10/site-packages/osr_control
[0.538s] copying /home/brunameinberg/Desktop/UGV-Embrapa-autonomous/ugv_embrapa_ws/build/osr_control/build/lib/osr_control/rover_nomiddle.py -> /home/brunameinberg/Desktop/UGV-Embrapa-autonomous/ugv_embrapa_ws/install/osr_control/lib/python3.10/site-packages/osr_control
[0.538s] byte-compiling /home/brunameinberg/Desktop/UGV-Embrapa-autonomous/ugv_embrapa_ws/install/osr_control/lib/python3.10/site-packages/osr_control/__init__.py to __init__.cpython-310.pyc
[0.538s] byte-compiling /home/brunameinberg/Desktop/UGV-Embrapa-autonomous/ugv_embrapa_ws/install/osr_control/lib/python3.10/site-packages/osr_control/ina_260_pub.py to ina_260_pub.cpython-310.pyc
[0.539s] byte-compiling /home/brunameinberg/Desktop/UGV-Embrapa-autonomous/ugv_embrapa_ws/install/osr_control/lib/python3.10/site-packages/osr_control/joy_extras.py to joy_extras.cpython-310.pyc
[0.539s] byte-compiling /home/brunameinberg/Desktop/UGV-Embrapa-autonomous/ugv_embrapa_ws/install/osr_control/lib/python3.10/site-packages/osr_control/roboclaw.py to roboclaw.cpython-310.pyc
[0.545s] byte-compiling /home/brunameinberg/Desktop/UGV-Embrapa-autonomous/ugv_embrapa_ws/install/osr_control/lib/python3.10/site-packages/osr_control/roboclaw_wrapper.py to roboclaw_wrapper.cpython-310.pyc
[0.547s] byte-compiling /home/brunameinberg/Desktop/UGV-Embrapa-autonomous/ugv_embrapa_ws/install/osr_control/lib/python3.10/site-packages/osr_control/rover.py to rover.cpython-310.pyc
[0.548s] byte-compiling /home/brunameinberg/Desktop/UGV-Embrapa-autonomous/ugv_embrapa_ws/install/osr_control/lib/python3.10/site-packages/osr_control/servo_control.py to servo_control.cpython-310.pyc
[0.549s] byte-compiling /home/brunameinberg/Desktop/UGV-Embrapa-autonomous/ugv_embrapa_ws/install/osr_control/lib/python3.10/site-packages/osr_control/roboclaw_wrapper_nomiddle.py to roboclaw_wrapper_nomiddle.cpython-310.pyc
[0.550s] byte-compiling /home/brunameinberg/Desktop/UGV-Embrapa-autonomous/ugv_embrapa_ws/install/osr_control/lib/python3.10/site-packages/osr_control/rover_nomiddle.py to rover_nomiddle.cpython-310.pyc
[0.552s] running install_data
[0.552s] creating /home/brunameinberg/Desktop/UGV-Embrapa-autonomous/ugv_embrapa_ws/install/osr_control/share/ament_index
[0.552s] creating /home/brunameinberg/Desktop/UGV-Embrapa-autonomous/ugv_embrapa_ws/install/osr_control/share/ament_index/resource_index
[0.552s] creating /home/brunameinberg/Desktop/UGV-Embrapa-autonomous/ugv_embrapa_ws/install/osr_control/share/ament_index/resource_index/packages
[0.552s] copying resource/osr_control -> /home/brunameinberg/Desktop/UGV-Embrapa-autonomous/ugv_embrapa_ws/install/osr_control/share/ament_index/resource_index/packages
[0.552s] copying package.xml -> /home/brunameinberg/Desktop/UGV-Embrapa-autonomous/ugv_embrapa_ws/install/osr_control/share/osr_control
[0.552s] creating /home/brunameinberg/Desktop/UGV-Embrapa-autonomous/ugv_embrapa_ws/install/osr_control/share/osr_control/launch
[0.552s] creating /home/brunameinberg/Desktop/UGV-Embrapa-autonomous/ugv_embrapa_ws/install/osr_control/share/osr_control/config
[0.552s] running install_egg_info
[0.553s] Copying ../../build/osr_control/osr_control.egg-info to /home/brunameinberg/Desktop/UGV-Embrapa-autonomous/ugv_embrapa_ws/install/osr_control/lib/python3.10/site-packages/osr_control-0.0.0-py3.10.egg-info
[0.554s] running install_scripts
[0.567s] Installing ina260 script to /home/brunameinberg/Desktop/UGV-Embrapa-autonomous/ugv_embrapa_ws/install/osr_control/lib/osr_control
[0.567s] Installing joy_extras script to /home/brunameinberg/Desktop/UGV-Embrapa-autonomous/ugv_embrapa_ws/install/osr_control/lib/osr_control
[0.567s] Installing roboclaw_wrapper script to /home/brunameinberg/Desktop/UGV-Embrapa-autonomous/ugv_embrapa_ws/install/osr_control/lib/osr_control
[0.567s] Installing roboclaw_wrapper_nm script to /home/brunameinberg/Desktop/UGV-Embrapa-autonomous/ugv_embrapa_ws/install/osr_control/lib/osr_control
[0.567s] Installing rover script to /home/brunameinberg/Desktop/UGV-Embrapa-autonomous/ugv_embrapa_ws/install/osr_control/lib/osr_control
[0.567s] Installing rover_nm script to /home/brunameinberg/Desktop/UGV-Embrapa-autonomous/ugv_embrapa_ws/install/osr_control/lib/osr_control
[0.567s] Installing servo_control script to /home/brunameinberg/Desktop/UGV-Embrapa-autonomous/ugv_embrapa_ws/install/osr_control/lib/osr_control
[0.567s] writing list of installed files to '/home/brunameinberg/Desktop/UGV-Embrapa-autonomous/ugv_embrapa_ws/build/osr_control/install.log'
[0.585s] Invoked command in '/home/brunameinberg/Desktop/UGV-Embrapa-autonomous/ugv_embrapa_ws/src/osr_control' returned '0': AMENT_PREFIX_PATH=/home/brunameinberg/Desktop/UGV-Embrapa-autonomous/ugv_embrapa_ws/install/osr_interfaces:${AMENT_PREFIX_PATH} CMAKE_PREFIX_PATH=/home/brunameinberg/Desktop/UGV-Embrapa-autonomous/ugv_embrapa_ws/install/osr_interfaces:${CMAKE_PREFIX_PATH} LD_LIBRARY_PATH=/home/brunameinberg/Desktop/UGV-Embrapa-autonomous/ugv_embrapa_ws/install/osr_interfaces/lib:${LD_LIBRARY_PATH} PYTHONPATH=/home/brunameinberg/Desktop/UGV-Embrapa-autonomous/ugv_embrapa_ws/build/osr_control/prefix_override:/usr/lib/python3/dist-packages/colcon_core/task/python/colcon_distutils_commands:/home/brunameinberg/Desktop/UGV-Embrapa-autonomous/ugv_embrapa_ws/install/osr_control/lib/python3.10/site-packages:/home/brunameinberg/Desktop/UGV-Embrapa-autonomous/ugv_embrapa_ws/install/osr_interfaces/local/lib/python3.10/dist-packages:${PYTHONPATH} /usr/bin/python3 -W ignore:setup.py install is deprecated -W ignore:easy_install command is deprecated setup.py egg_info --egg-base ../../build/osr_control build --build-base /home/brunameinberg/Desktop/UGV-Embrapa-autonomous/ugv_embrapa_ws/build/osr_control/build install --record /home/brunameinberg/Desktop/UGV-Embrapa-autonomous/ugv_embrapa_ws/build/osr_control/install.log --install-scripts $base/lib/osr_control --single-version-externally-managed install_data
